[ 2017-06-27T16:28:18+08:00 ] 127.0.0.1 127.0.0.1 GET /
[ log ] www.a.com/ [运行时间：0.109006s][吞吐率：9.17req/s] [内存消耗：217.97kb] [文件加载：49]
[ info ] [ BEHAVIOR ] Run app\behavior\AppInit @app_init [ RunTime:0.002000s ]
[ info ] [ LANG ] D:\project\default\vendor\topthink\framework\lang\zh-cn.php
[ info ] [ ROUTE ] array (
  'type' => 'module',
  'module' => 
  array (
    0 => '',
    1 => NULL,
    2 => NULL,
  ),
)
[ info ] [ HEADER ] array (
  'host' => 'www.a.com',
  'connection' => 'keep-alive',
  'upgrade-insecure-requests' => '1',
  'user-agent' => 'Mozilla/5.0 (Windows NT 6.1; WOW64) AppleWebKit/537.36 (KHTML, like Gecko) Chrome/58.0.3029.110 Safari/537.36',
  'accept' => 'text/html,application/xhtml+xml,application/xml;q=0.9,image/webp,*/*;q=0.8',
  'accept-encoding' => 'gzip, deflate, sdch',
  'accept-language' => 'zh-CN,zh;q=0.8',
)
[ info ] [ PARAM ] array (
)
[ info ] [ LOG ] INIT File

---------------------------------------------------------------
[ 2017-06-27T16:28:18+08:00 ] 127.0.0.1 127.0.0.1 GET /favicon.ico
[ log ] www.a.com/favicon.ico [运行时间：0.050002s][吞吐率：20.00req/s] [内存消耗：151.05kb] [文件加载：49]
[ info ] [ BEHAVIOR ] Run app\behavior\AppInit @app_init [ RunTime:0.001000s ]
[ info ] [ LANG ] D:\project\default\vendor\topthink\framework\lang\zh-cn.php
[ info ] [ ROUTE ] array (
  'type' => 'module',
  'module' => 
  array (
    0 => 'favicon.ico',
    1 => NULL,
    2 => NULL,
  ),
)
[ info ] [ HEADER ] array (
  'host' => 'www.a.com',
  'connection' => 'keep-alive',
  'user-agent' => 'Mozilla/5.0 (Windows NT 6.1; WOW64) AppleWebKit/537.36 (KHTML, like Gecko) Chrome/58.0.3029.110 Safari/537.36',
  'accept' => 'image/webp,image/*,*/*;q=0.8',
  'referer' => 'http://www.a.com/',
  'accept-encoding' => 'gzip, deflate, sdch',
  'accept-language' => 'zh-CN,zh;q=0.8',
  'cookie' => 'thinkphp_show_page_trace=0|0',
)
[ info ] [ PARAM ] array (
  '/favicon_ico' => '',
)
[ info ] [ LOG ] INIT File

---------------------------------------------------------------
[ 2017-06-27T16:28:22+08:00 ] 127.0.0.1 127.0.0.1 GET /admin
[ log ] www.a.com/admin [运行时间：0.054003s][吞吐率：18.52req/s] [内存消耗：179.87kb] [文件加载：51]
[ info ] [ BEHAVIOR ] Run app\behavior\AppInit @app_init [ RunTime:0.001000s ]
[ info ] [ LANG ] D:\project\default\vendor\topthink\framework\lang\zh-cn.php
[ info ] [ ROUTE ] array (
  'type' => 'module',
  'module' => 
  array (
    0 => 'admin',
    1 => NULL,
    2 => NULL,
  ),
)
[ info ] [ HEADER ] array (
  'host' => 'www.a.com',
  'connection' => 'keep-alive',
  'upgrade-insecure-requests' => '1',
  'user-agent' => 'Mozilla/5.0 (Windows NT 6.1; WOW64) AppleWebKit/537.36 (KHTML, like Gecko) Chrome/58.0.3029.110 Safari/537.36',
  'accept' => 'text/html,application/xhtml+xml,application/xml;q=0.9,image/webp,*/*;q=0.8',
  'accept-encoding' => 'gzip, deflate, sdch',
  'accept-language' => 'zh-CN,zh;q=0.8',
  'cookie' => 'thinkphp_show_page_trace=0|0',
)
[ info ] [ PARAM ] array (
  '/admin' => '',
)
[ info ] [ BEHAVIOR ] Run app\behavior\ModuleInit @module_init [ RunTime:0.001000s ]
[ info ] [ SESSION ] INIT array (
  'id' => '',
  'var_session_id' => '',
  'prefix' => 'think',
  'type' => '',
  'auto_start' => true,
)
[ info ] [ LOG ] INIT File

---------------------------------------------------------------
[ 2017-06-27T16:28:26+08:00 ] 127.0.0.1 127.0.0.1 GET /admin-login
[ log ] www.a.com/admin-login [运行时间：0.066004s][吞吐率：15.15req/s] [内存消耗：175.71kb] [文件加载：53]
[ info ] [ BEHAVIOR ] Run app\behavior\AppInit @app_init [ RunTime:0.001000s ]
[ info ] [ LANG ] D:\project\default\vendor\topthink\framework\lang\zh-cn.php
[ info ] [ ROUTE ] array (
  'type' => 'module',
  'module' => 
  array (
    0 => 'admin',
    1 => 'Pub',
    2 => 'login',
  ),
  'convert' => false,
)
[ info ] [ HEADER ] array (
  'host' => 'www.a.com',
  'connection' => 'keep-alive',
  'upgrade-insecure-requests' => '1',
  'user-agent' => 'Mozilla/5.0 (Windows NT 6.1; WOW64) AppleWebKit/537.36 (KHTML, like Gecko) Chrome/58.0.3029.110 Safari/537.36',
  'accept' => 'text/html,application/xhtml+xml,application/xml;q=0.9,image/webp,*/*;q=0.8',
  'accept-encoding' => 'gzip, deflate, sdch',
  'accept-language' => 'zh-CN,zh;q=0.8',
  'cookie' => 'thinkphp_show_page_trace=0|0; PHPSESSID=2o35ag95k7m06qofdje19tphg5',
)
[ info ] [ PARAM ] array (
  '/admin-login' => '',
)
[ info ] [ BEHAVIOR ] Run app\behavior\ModuleInit @module_init [ RunTime:0.001000s ]
[ info ] [ RUN ] app\admin\controller\Pub->login[ D:\project\default\application\admin\controller\Pub.php ]
[ info ] [ VIEW ] D:\project\default\public/../application/admin\view\pub\login.html [ array (
  0 => 'data',
) ]
[ info ] [ LOG ] INIT File

---------------------------------------------------------------
[ 2017-06-27T16:28:31+08:00 ] 127.0.0.1 127.0.0.1 POST /admin-login
[ log ] www.a.com/admin-login [运行时间：0.156009s][吞吐率：6.41req/s] [内存消耗：423.87kb] [文件加载：65]
[ info ] [ BEHAVIOR ] Run app\behavior\AppInit @app_init [ RunTime:0.001000s ]
[ info ] [ LANG ] D:\project\default\vendor\topthink\framework\lang\zh-cn.php
[ info ] [ ROUTE ] array (
  'type' => 'module',
  'module' => 
  array (
    0 => 'admin',
    1 => 'Pub',
    2 => 'login',
  ),
  'convert' => false,
)
[ info ] [ HEADER ] array (
  'host' => 'www.a.com',
  'connection' => 'keep-alive',
  'content-length' => '30',
  'cache-control' => 'max-age=0',
  'origin' => 'http://www.a.com',
  'upgrade-insecure-requests' => '1',
  'user-agent' => 'Mozilla/5.0 (Windows NT 6.1; WOW64) AppleWebKit/537.36 (KHTML, like Gecko) Chrome/58.0.3029.110 Safari/537.36',
  'content-type' => 'application/x-www-form-urlencoded',
  'accept' => 'text/html,application/xhtml+xml,application/xml;q=0.9,image/webp,*/*;q=0.8',
  'referer' => 'http://www.a.com/admin-login',
  'accept-encoding' => 'gzip, deflate',
  'accept-language' => 'zh-CN,zh;q=0.8',
  'cookie' => 'thinkphp_show_page_trace=0|0; PHPSESSID=2o35ag95k7m06qofdje19tphg5',
)
[ info ] [ PARAM ] array (
  '/admin-login' => '',
  'username' => 'admin',
  'password' => '123456',
)
[ info ] [ BEHAVIOR ] Run app\behavior\ModuleInit @module_init [ RunTime:0.001000s ]
[ info ] [ RUN ] app\admin\controller\Pub->login[ D:\project\default\application\admin\controller\Pub.php ]
[ info ] [ DB ] INIT mysql
[ info ] [ SESSION ] INIT array (
  'id' => '',
  'var_session_id' => '',
  'prefix' => 'think',
  'type' => '',
  'auto_start' => true,
)
[ info ] [ VIEW ] D:\project\default\public/../application/admin\view/jump.html [ array (
  0 => 'code',
  1 => 'msg',
  2 => 'data',
  3 => 'url',
  4 => 'wait',
) ]
[ info ] [ LOG ] INIT File
[ sql ] [ DB ] CONNECT:[ UseTime:0.001000s ] mysql:dbname=snake;host=127.0.0.1;charset=utf8
[ sql ] [ SQL ] SHOW COLUMNS FROM `snake_admin_user` [ RunTime:0.012001s ]
[ sql ] [ SQL ] SELECT * FROM `snake_admin_user` WHERE  `username` = 'admin' LIMIT 1 [ RunTime:0.002000s ]
[ sql ] [ SQL ] SHOW COLUMNS FROM `snake_admin_company` [ RunTime:0.014000s ]
[ sql ] [ SQL ] SELECT * FROM `snake_admin_company` WHERE  `id` = 1 LIMIT 1 [ RunTime:0.002001s ]

---------------------------------------------------------------
[ 2017-06-27T16:28:34+08:00 ] 127.0.0.1 127.0.0.1 GET /admin
[ log ] www.a.com/admin [运行时间：0.062004s][吞吐率：16.13req/s] [内存消耗：213.73kb] [文件加载：57]
[ info ] [ BEHAVIOR ] Run app\behavior\AppInit @app_init [ RunTime:0.001000s ]
[ info ] [ LANG ] D:\project\default\vendor\topthink\framework\lang\zh-cn.php
[ info ] [ ROUTE ] array (
  'type' => 'module',
  'module' => 
  array (
    0 => 'admin',
    1 => NULL,
    2 => NULL,
  ),
)
[ info ] [ HEADER ] array (
  'host' => 'www.a.com',
  'connection' => 'keep-alive',
  'upgrade-insecure-requests' => '1',
  'user-agent' => 'Mozilla/5.0 (Windows NT 6.1; WOW64) AppleWebKit/537.36 (KHTML, like Gecko) Chrome/58.0.3029.110 Safari/537.36',
  'accept' => 'text/html,application/xhtml+xml,application/xml;q=0.9,image/webp,*/*;q=0.8',
  'referer' => 'http://www.a.com/admin-login',
  'accept-encoding' => 'gzip, deflate, sdch',
  'accept-language' => 'zh-CN,zh;q=0.8',
  'cookie' => 'thinkphp_show_page_trace=0|0; PHPSESSID=2o35ag95k7m06qofdje19tphg5',
)
[ info ] [ PARAM ] array (
  '/admin' => '',
)
[ info ] [ BEHAVIOR ] Run app\behavior\ModuleInit @module_init [ RunTime:0.001000s ]
[ info ] [ SESSION ] INIT array (
  'id' => '',
  'var_session_id' => '',
  'prefix' => 'think',
  'type' => '',
  'auto_start' => true,
)
[ info ] [ RUN ] app\admin\controller\Index->index[ D:\project\default\application\admin\controller\Index.php ]
[ info ] [ VIEW ] D:\project\default\public/../application/admin\view\index\index.html [ array (
) ]
[ info ] [ LOG ] INIT File

---------------------------------------------------------------
[ 2017-06-27T16:28:34+08:00 ] 127.0.0.1 127.0.0.1 GET /admin/company_home/index.html
[ log ] www.a.com/admin/company_home/index.html [运行时间：0.078004s][吞吐率：12.82req/s] [内存消耗：361.59kb] [文件加载：63]
[ info ] [ BEHAVIOR ] Run app\behavior\AppInit @app_init [ RunTime:0.001000s ]
[ info ] [ LANG ] D:\project\default\vendor\topthink\framework\lang\zh-cn.php
[ info ] [ ROUTE ] array (
  'type' => 'module',
  'module' => 
  array (
    0 => 'admin',
    1 => 'company_home',
    2 => 'index',
  ),
)
[ info ] [ HEADER ] array (
  'host' => 'www.a.com',
  'connection' => 'keep-alive',
  'upgrade-insecure-requests' => '1',
  'user-agent' => 'Mozilla/5.0 (Windows NT 6.1; WOW64) AppleWebKit/537.36 (KHTML, like Gecko) Chrome/58.0.3029.110 Safari/537.36',
  'accept' => 'text/html,application/xhtml+xml,application/xml;q=0.9,image/webp,*/*;q=0.8',
  'referer' => 'http://www.a.com/admin',
  'accept-encoding' => 'gzip, deflate, sdch',
  'accept-language' => 'zh-CN,zh;q=0.8',
  'cookie' => 'thinkphp_show_page_trace=0|0; PHPSESSID=2o35ag95k7m06qofdje19tphg5',
)
[ info ] [ PARAM ] array (
  '/admin/company_home/index_html' => '',
)
[ info ] [ BEHAVIOR ] Run app\behavior\ModuleInit @module_init [ RunTime:0.001000s ]
[ info ] [ SESSION ] INIT array (
  'id' => '',
  'var_session_id' => '',
  'prefix' => 'think',
  'type' => '',
  'auto_start' => true,
)
[ info ] [ RUN ] app\admin\controller\CompanyHome->index[ D:\project\default\application\admin\controller\CompanyHome.php ]
[ info ] [ DB ] INIT mysql
[ info ] [ VIEW ] D:\project\default\public/../application/admin\view\company_home\index.html [ array (
  0 => 'company',
) ]
[ info ] [ LOG ] INIT File
[ sql ] [ DB ] CONNECT:[ UseTime:0.002000s ] mysql:dbname=snake;host=127.0.0.1;charset=utf8
[ sql ] [ SQL ] SHOW COLUMNS FROM `snake_admin_company` [ RunTime:0.007000s ]
[ sql ] [ SQL ] SELECT * FROM `snake_admin_company` WHERE  `id` = 1 LIMIT 1 [ RunTime:0.003001s ]

---------------------------------------------------------------
[ 2017-06-27T16:28:34+08:00 ] 127.0.0.1 127.0.0.1 GET /api/wx/qrcode?userId=&companyId=b050e50d41e049ad32f13bcd3d763787
[ log ] www.a.com/api/wx/qrcode?userId=&companyId=b050e50d41e049ad32f13bcd3d763787 [运行时间：0.383022s][吞吐率：2.61req/s] [内存消耗：677.55kb] [文件加载：136]
[ info ] [ BEHAVIOR ] Run app\behavior\AppInit @app_init [ RunTime:0.000000s ]
[ info ] [ LANG ] D:\project\default\vendor\topthink\framework\lang\zh-cn.php
[ info ] [ ROUTE ] array (
  'type' => 'module',
  'module' => 
  array (
    0 => 'api',
    1 => 'wx',
    2 => 'qrcode',
  ),
)
[ info ] [ HEADER ] array (
  'host' => 'www.a.com',
  'connection' => 'keep-alive',
  'accept' => '*/*',
  'x-requested-with' => 'XMLHttpRequest',
  'user-agent' => 'Mozilla/5.0 (Windows NT 6.1; WOW64) AppleWebKit/537.36 (KHTML, like Gecko) Chrome/58.0.3029.110 Safari/537.36',
  'referer' => 'http://www.a.com/admin/company_home/index.html',
  'accept-encoding' => 'gzip, deflate, sdch',
  'accept-language' => 'zh-CN,zh;q=0.8',
  'cookie' => 'thinkphp_show_page_trace=0|0; PHPSESSID=2o35ag95k7m06qofdje19tphg5',
)
[ info ] [ PARAM ] array (
  '/api/wx/qrcode' => '',
  'userId' => '',
  'companyId' => 'b050e50d41e049ad32f13bcd3d763787',
)
[ info ] [ BEHAVIOR ] Run app\behavior\ModuleInit @module_init [ RunTime:0.001000s ]
[ info ] [ RUN ] app\api\controller\Wx->qrcode[ D:\project\default\application\api\controller\Wx.php ]
[ info ] [ DB ] INIT mysql
[ info ] [ LOG ] INIT File
[ sql ] [ DB ] CONNECT:[ UseTime:0.011001s ] mysql:dbname=snake;host=127.0.0.1;charset=utf8
[ sql ] [ SQL ] SHOW COLUMNS FROM `snake_user` [ RunTime:0.007000s ]
[ sql ] [ SQL ] SELECT `id` FROM `snake_user` WHERE  `identifier` = '' LIMIT 1 [ RunTime:0.003001s ]
[ sql ] [ SQL ] SHOW COLUMNS FROM `snake_admin_company` [ RunTime:0.005000s ]
[ sql ] [ SQL ] SELECT `id` FROM `snake_admin_company` WHERE  `identifier` = 'b050e50d41e049ad32f13bcd3d763787' LIMIT 1 [ RunTime:0.000000s ]
[ error ] [0]cURL error 60: SSL certificate problem: unable to get local issuer certificate (see http://curl.haxx.se/libcurl/c/libcurl-errors.html)[D:\project\default\vendor\guzzlehttp\guzzle\src\Handler\CurlFactory.php:187]

---------------------------------------------------------------
[ 2017-06-27T16:29:31+08:00 ] 127.0.0.1 127.0.0.1 GET /admin
[ log ] www.a.com/admin [运行时间：0.064003s][吞吐率：15.62req/s] [内存消耗：213.77kb] [文件加载：57]
[ info ] [ BEHAVIOR ] Run app\behavior\AppInit @app_init [ RunTime:0.001000s ]
[ info ] [ LANG ] D:\project\default\vendor\topthink\framework\lang\zh-cn.php
[ info ] [ ROUTE ] array (
  'type' => 'module',
  'module' => 
  array (
    0 => 'admin',
    1 => NULL,
    2 => NULL,
  ),
)
[ info ] [ HEADER ] array (
  'host' => 'www.a.com',
  'connection' => 'keep-alive',
  'cache-control' => 'max-age=0',
  'upgrade-insecure-requests' => '1',
  'user-agent' => 'Mozilla/5.0 (Windows NT 6.1; WOW64) AppleWebKit/537.36 (KHTML, like Gecko) Chrome/58.0.3029.110 Safari/537.36',
  'accept' => 'text/html,application/xhtml+xml,application/xml;q=0.9,image/webp,*/*;q=0.8',
  'referer' => 'http://www.a.com/admin-login',
  'accept-encoding' => 'gzip, deflate, sdch',
  'accept-language' => 'zh-CN,zh;q=0.8',
  'cookie' => 'thinkphp_show_page_trace=0|0; PHPSESSID=2o35ag95k7m06qofdje19tphg5',
)
[ info ] [ PARAM ] array (
  '/admin' => '',
)
[ info ] [ BEHAVIOR ] Run app\behavior\ModuleInit @module_init [ RunTime:0.001000s ]
[ info ] [ SESSION ] INIT array (
  'id' => '',
  'var_session_id' => '',
  'prefix' => 'think',
  'type' => '',
  'auto_start' => true,
)
[ info ] [ RUN ] app\admin\controller\Index->index[ D:\project\default\application\admin\controller\Index.php ]
[ info ] [ VIEW ] D:\project\default\public/../application/admin\view\index\index.html [ array (
) ]
[ info ] [ LOG ] INIT File

---------------------------------------------------------------
[ 2017-06-27T16:29:32+08:00 ] 127.0.0.1 127.0.0.1 GET /admin/company_home/index.html
[ log ] www.a.com/admin/company_home/index.html [运行时间：0.095006s][吞吐率：10.53req/s] [内存消耗：360.58kb] [文件加载：63]
[ info ] [ BEHAVIOR ] Run app\behavior\AppInit @app_init [ RunTime:0.001000s ]
[ info ] [ LANG ] D:\project\default\vendor\topthink\framework\lang\zh-cn.php
[ info ] [ ROUTE ] array (
  'type' => 'module',
  'module' => 
  array (
    0 => 'admin',
    1 => 'company_home',
    2 => 'index',
  ),
)
[ info ] [ HEADER ] array (
  'host' => 'www.a.com',
  'connection' => 'keep-alive',
  'upgrade-insecure-requests' => '1',
  'user-agent' => 'Mozilla/5.0 (Windows NT 6.1; WOW64) AppleWebKit/537.36 (KHTML, like Gecko) Chrome/58.0.3029.110 Safari/537.36',
  'accept' => 'text/html,application/xhtml+xml,application/xml;q=0.9,image/webp,*/*;q=0.8',
  'referer' => 'http://www.a.com/admin',
  'accept-encoding' => 'gzip, deflate, sdch',
  'accept-language' => 'zh-CN,zh;q=0.8',
  'cookie' => 'thinkphp_show_page_trace=0|0; PHPSESSID=2o35ag95k7m06qofdje19tphg5',
)
[ info ] [ PARAM ] array (
  '/admin/company_home/index_html' => '',
)
[ info ] [ BEHAVIOR ] Run app\behavior\ModuleInit @module_init [ RunTime:0.001000s ]
[ info ] [ SESSION ] INIT array (
  'id' => '',
  'var_session_id' => '',
  'prefix' => 'think',
  'type' => '',
  'auto_start' => true,
)
[ info ] [ RUN ] app\admin\controller\CompanyHome->index[ D:\project\default\application\admin\controller\CompanyHome.php ]
[ info ] [ DB ] INIT mysql
[ info ] [ VIEW ] D:\project\default\public/../application/admin\view\company_home\index.html [ array (
  0 => 'company',
) ]
[ info ] [ LOG ] INIT File
[ sql ] [ DB ] CONNECT:[ UseTime:0.028001s ] mysql:dbname=snake;host=127.0.0.1;charset=utf8
[ sql ] [ SQL ] SHOW COLUMNS FROM `snake_admin_company` [ RunTime:0.009001s ]
[ sql ] [ SQL ] SELECT * FROM `snake_admin_company` WHERE  `id` = 1 LIMIT 1 [ RunTime:0.002000s ]

---------------------------------------------------------------
[ 2017-06-27T16:29:32+08:00 ] 127.0.0.1 127.0.0.1 GET /api/wx/qrcode?userId=&companyId=b050e50d41e049ad32f13bcd3d763787
[ log ] www.a.com/api/wx/qrcode?userId=&companyId=b050e50d41e049ad32f13bcd3d763787 [运行时间：0.247014s][吞吐率：4.05req/s] [内存消耗：537.26kb] [文件加载：136]
[ info ] [ BEHAVIOR ] Run app\behavior\AppInit @app_init [ RunTime:0.001000s ]
[ info ] [ LANG ] D:\project\default\vendor\topthink\framework\lang\zh-cn.php
[ info ] [ ROUTE ] array (
  'type' => 'module',
  'module' => 
  array (
    0 => 'api',
    1 => 'wx',
    2 => 'qrcode',
  ),
)
[ info ] [ HEADER ] array (
  'host' => 'www.a.com',
  'connection' => 'keep-alive',
  'accept' => '*/*',
  'x-requested-with' => 'XMLHttpRequest',
  'user-agent' => 'Mozilla/5.0 (Windows NT 6.1; WOW64) AppleWebKit/537.36 (KHTML, like Gecko) Chrome/58.0.3029.110 Safari/537.36',
  'referer' => 'http://www.a.com/admin/company_home/index.html',
  'accept-encoding' => 'gzip, deflate, sdch',
  'accept-language' => 'zh-CN,zh;q=0.8',
  'cookie' => 'thinkphp_show_page_trace=0|0; PHPSESSID=2o35ag95k7m06qofdje19tphg5',
)
[ info ] [ PARAM ] array (
  '/api/wx/qrcode' => '',
  'userId' => '',
  'companyId' => 'b050e50d41e049ad32f13bcd3d763787',
)
[ info ] [ BEHAVIOR ] Run app\behavior\ModuleInit @module_init [ RunTime:0.001000s ]
[ info ] [ RUN ] app\api\controller\Wx->qrcode[ D:\project\default\application\api\controller\Wx.php ]
[ info ] [ DB ] INIT mysql
[ info ] [ LOG ] INIT File
[ sql ] [ DB ] CONNECT:[ UseTime:0.012000s ] mysql:dbname=snake;host=127.0.0.1;charset=utf8
[ sql ] [ SQL ] SHOW COLUMNS FROM `snake_user` [ RunTime:0.004001s ]
[ sql ] [ SQL ] SELECT `id` FROM `snake_user` WHERE  `identifier` = '' LIMIT 1 [ RunTime:0.000000s ]
[ sql ] [ SQL ] SHOW COLUMNS FROM `snake_admin_company` [ RunTime:0.004000s ]
[ sql ] [ SQL ] SELECT `id` FROM `snake_admin_company` WHERE  `identifier` = 'b050e50d41e049ad32f13bcd3d763787' LIMIT 1 [ RunTime:0.000000s ]
[ error ] [0]cURL error 60: SSL certificate problem: unable to get local issuer certificate (see http://curl.haxx.se/libcurl/c/libcurl-errors.html)[D:\project\default\vendor\guzzlehttp\guzzle\src\Handler\CurlFactory.php:187]

---------------------------------------------------------------
[ 2017-06-27T16:29:32+08:00 ] 127.0.0.1 127.0.0.1 GET /admin
[ log ] www.a.com/admin [运行时间：0.054003s][吞吐率：18.52req/s] [内存消耗：212.85kb] [文件加载：57]
[ info ] [ BEHAVIOR ] Run app\behavior\AppInit @app_init [ RunTime:0.001000s ]
[ info ] [ LANG ] D:\project\default\vendor\topthink\framework\lang\zh-cn.php
[ info ] [ ROUTE ] array (
  'type' => 'module',
  'module' => 
  array (
    0 => 'admin',
    1 => NULL,
    2 => NULL,
  ),
)
[ info ] [ HEADER ] array (
  'host' => 'www.a.com',
  'connection' => 'keep-alive',
  'cache-control' => 'max-age=0',
  'upgrade-insecure-requests' => '1',
  'user-agent' => 'Mozilla/5.0 (Windows NT 6.1; WOW64) AppleWebKit/537.36 (KHTML, like Gecko) Chrome/58.0.3029.110 Safari/537.36',
  'accept' => 'text/html,application/xhtml+xml,application/xml;q=0.9,image/webp,*/*;q=0.8',
  'referer' => 'http://www.a.com/admin-login',
  'accept-encoding' => 'gzip, deflate, sdch',
  'accept-language' => 'zh-CN,zh;q=0.8',
  'cookie' => 'thinkphp_show_page_trace=0|0; PHPSESSID=2o35ag95k7m06qofdje19tphg5',
)
[ info ] [ PARAM ] array (
  '/admin' => '',
)
[ info ] [ BEHAVIOR ] Run app\behavior\ModuleInit @module_init [ RunTime:0.001000s ]
[ info ] [ SESSION ] INIT array (
  'id' => '',
  'var_session_id' => '',
  'prefix' => 'think',
  'type' => '',
  'auto_start' => true,
)
[ info ] [ RUN ] app\admin\controller\Index->index[ D:\project\default\application\admin\controller\Index.php ]
[ info ] [ VIEW ] D:\project\default\public/../application/admin\view\index\index.html [ array (
) ]
[ info ] [ LOG ] INIT File

---------------------------------------------------------------
[ 2017-06-27T16:29:32+08:00 ] 127.0.0.1 127.0.0.1 GET /admin/company_home/index.html
[ log ] www.a.com/admin/company_home/index.html [运行时间：0.072004s][吞吐率：13.89req/s] [内存消耗：360.58kb] [文件加载：63]
[ info ] [ BEHAVIOR ] Run app\behavior\AppInit @app_init [ RunTime:0.001000s ]
[ info ] [ LANG ] D:\project\default\vendor\topthink\framework\lang\zh-cn.php
[ info ] [ ROUTE ] array (
  'type' => 'module',
  'module' => 
  array (
    0 => 'admin',
    1 => 'company_home',
    2 => 'index',
  ),
)
[ info ] [ HEADER ] array (
  'host' => 'www.a.com',
  'connection' => 'keep-alive',
  'upgrade-insecure-requests' => '1',
  'user-agent' => 'Mozilla/5.0 (Windows NT 6.1; WOW64) AppleWebKit/537.36 (KHTML, like Gecko) Chrome/58.0.3029.110 Safari/537.36',
  'accept' => 'text/html,application/xhtml+xml,application/xml;q=0.9,image/webp,*/*;q=0.8',
  'referer' => 'http://www.a.com/admin',
  'accept-encoding' => 'gzip, deflate, sdch',
  'accept-language' => 'zh-CN,zh;q=0.8',
  'cookie' => 'thinkphp_show_page_trace=0|0; PHPSESSID=2o35ag95k7m06qofdje19tphg5',
)
[ info ] [ PARAM ] array (
  '/admin/company_home/index_html' => '',
)
[ info ] [ BEHAVIOR ] Run app\behavior\ModuleInit @module_init [ RunTime:0.001000s ]
[ info ] [ SESSION ] INIT array (
  'id' => '',
  'var_session_id' => '',
  'prefix' => 'think',
  'type' => '',
  'auto_start' => true,
)
[ info ] [ RUN ] app\admin\controller\CompanyHome->index[ D:\project\default\application\admin\controller\CompanyHome.php ]
[ info ] [ DB ] INIT mysql
[ info ] [ VIEW ] D:\project\default\public/../application/admin\view\company_home\index.html [ array (
  0 => 'company',
) ]
[ info ] [ LOG ] INIT File
[ sql ] [ DB ] CONNECT:[ UseTime:0.002000s ] mysql:dbname=snake;host=127.0.0.1;charset=utf8
[ sql ] [ SQL ] SHOW COLUMNS FROM `snake_admin_company` [ RunTime:0.019001s ]
[ sql ] [ SQL ] SELECT * FROM `snake_admin_company` WHERE  `id` = 1 LIMIT 1 [ RunTime:0.002000s ]

---------------------------------------------------------------
[ 2017-06-27T16:29:33+08:00 ] 127.0.0.1 127.0.0.1 GET /api/wx/qrcode?userId=&companyId=b050e50d41e049ad32f13bcd3d763787
[ log ] www.a.com/api/wx/qrcode?userId=&companyId=b050e50d41e049ad32f13bcd3d763787 [运行时间：0.258015s][吞吐率：3.88req/s] [内存消耗：537.26kb] [文件加载：136]
[ info ] [ BEHAVIOR ] Run app\behavior\AppInit @app_init [ RunTime:0.001000s ]
[ info ] [ LANG ] D:\project\default\vendor\topthink\framework\lang\zh-cn.php
[ info ] [ ROUTE ] array (
  'type' => 'module',
  'module' => 
  array (
    0 => 'api',
    1 => 'wx',
    2 => 'qrcode',
  ),
)
[ info ] [ HEADER ] array (
  'host' => 'www.a.com',
  'connection' => 'keep-alive',
  'accept' => '*/*',
  'x-requested-with' => 'XMLHttpRequest',
  'user-agent' => 'Mozilla/5.0 (Windows NT 6.1; WOW64) AppleWebKit/537.36 (KHTML, like Gecko) Chrome/58.0.3029.110 Safari/537.36',
  'referer' => 'http://www.a.com/admin/company_home/index.html',
  'accept-encoding' => 'gzip, deflate, sdch',
  'accept-language' => 'zh-CN,zh;q=0.8',
  'cookie' => 'thinkphp_show_page_trace=0|0; PHPSESSID=2o35ag95k7m06qofdje19tphg5',
)
[ info ] [ PARAM ] array (
  '/api/wx/qrcode' => '',
  'userId' => '',
  'companyId' => 'b050e50d41e049ad32f13bcd3d763787',
)
[ info ] [ BEHAVIOR ] Run app\behavior\ModuleInit @module_init [ RunTime:0.000000s ]
[ info ] [ RUN ] app\api\controller\Wx->qrcode[ D:\project\default\application\api\controller\Wx.php ]
[ info ] [ DB ] INIT mysql
[ info ] [ LOG ] INIT File
[ sql ] [ DB ] CONNECT:[ UseTime:0.010001s ] mysql:dbname=snake;host=127.0.0.1;charset=utf8
[ sql ] [ SQL ] SHOW COLUMNS FROM `snake_user` [ RunTime:0.004000s ]
[ sql ] [ SQL ] SELECT `id` FROM `snake_user` WHERE  `identifier` = '' LIMIT 1 [ RunTime:0.001000s ]
[ sql ] [ SQL ] SHOW COLUMNS FROM `snake_admin_company` [ RunTime:0.004000s ]
[ sql ] [ SQL ] SELECT `id` FROM `snake_admin_company` WHERE  `identifier` = 'b050e50d41e049ad32f13bcd3d763787' LIMIT 1 [ RunTime:0.000000s ]
[ error ] [0]cURL error 60: SSL certificate problem: unable to get local issuer certificate (see http://curl.haxx.se/libcurl/c/libcurl-errors.html)[D:\project\default\vendor\guzzlehttp\guzzle\src\Handler\CurlFactory.php:187]

---------------------------------------------------------------
[ 2017-06-27T16:29:35+08:00 ] 127.0.0.1 127.0.0.1 GET /admin/company/create.html
[ log ] www.a.com/admin/company/create.html [运行时间：0.056003s][吞吐率：17.86req/s] [内存消耗：221.39kb] [文件加载：60]
[ info ] [ BEHAVIOR ] Run app\behavior\AppInit @app_init [ RunTime:0.001000s ]
[ info ] [ LANG ] D:\project\default\vendor\topthink\framework\lang\zh-cn.php
[ info ] [ ROUTE ] array (
  'type' => 'module',
  'module' => 
  array (
    0 => 'admin',
    1 => 'company',
    2 => 'create',
  ),
)
[ info ] [ HEADER ] array (
  'host' => 'www.a.com',
  'connection' => 'keep-alive',
  'upgrade-insecure-requests' => '1',
  'user-agent' => 'Mozilla/5.0 (Windows NT 6.1; WOW64) AppleWebKit/537.36 (KHTML, like Gecko) Chrome/58.0.3029.110 Safari/537.36',
  'accept' => 'text/html,application/xhtml+xml,application/xml;q=0.9,image/webp,*/*;q=0.8',
  'referer' => 'http://www.a.com/admin',
  'accept-encoding' => 'gzip, deflate, sdch',
  'accept-language' => 'zh-CN,zh;q=0.8',
  'cookie' => 'thinkphp_show_page_trace=0|0; PHPSESSID=2o35ag95k7m06qofdje19tphg5',
)
[ info ] [ PARAM ] array (
  '/admin/company/create_html' => '',
)
[ info ] [ BEHAVIOR ] Run app\behavior\ModuleInit @module_init [ RunTime:0.001000s ]
[ info ] [ SESSION ] INIT array (
  'id' => '',
  'var_session_id' => '',
  'prefix' => 'think',
  'type' => '',
  'auto_start' => true,
)
[ info ] [ RUN ] app\admin\controller\Company->create[ D:\project\default\application\admin\controller\Company.php ]
[ info ] [ VIEW ] D:\project\default\public/../application/admin\view\company\form.html [ array (
) ]
[ info ] [ LOG ] INIT File
[ error ] [8]未定义变量: data[D:\project\default\runtime\temp\3f073c3d1c43544286c4e771e0d9b3fa.php:31]
[ error ] [8]Trying to get property of non-object[D:\project\default\runtime\temp\3f073c3d1c43544286c4e771e0d9b3fa.php:31]
[ error ] [8]未定义变量: data[D:\project\default\runtime\temp\3f073c3d1c43544286c4e771e0d9b3fa.php:36]
[ error ] [8]Trying to get property of non-object[D:\project\default\runtime\temp\3f073c3d1c43544286c4e771e0d9b3fa.php:36]
[ error ] [8]未定义变量: data[D:\project\default\runtime\temp\3f073c3d1c43544286c4e771e0d9b3fa.php:45]
[ error ] [8]Trying to get property of non-object[D:\project\default\runtime\temp\3f073c3d1c43544286c4e771e0d9b3fa.php:45]
[ error ] [8]未定义变量: data[D:\project\default\runtime\temp\3f073c3d1c43544286c4e771e0d9b3fa.php:50]
[ error ] [8]Trying to get property of non-object[D:\project\default\runtime\temp\3f073c3d1c43544286c4e771e0d9b3fa.php:50]
[ error ] [8]未定义变量: data[D:\project\default\runtime\temp\3f073c3d1c43544286c4e771e0d9b3fa.php:56]
[ error ] [8]Trying to get property of non-object[D:\project\default\runtime\temp\3f073c3d1c43544286c4e771e0d9b3fa.php:56]
[ error ] [8]未定义变量: data[D:\project\default\runtime\temp\3f073c3d1c43544286c4e771e0d9b3fa.php:61]
[ error ] [8]Trying to get property of non-object[D:\project\default\runtime\temp\3f073c3d1c43544286c4e771e0d9b3fa.php:61]
[ error ] [8]未定义变量: data[D:\project\default\runtime\temp\3f073c3d1c43544286c4e771e0d9b3fa.php:66]
[ error ] [8]Trying to get property of non-object[D:\project\default\runtime\temp\3f073c3d1c43544286c4e771e0d9b3fa.php:66]
[ error ] [8]未定义变量: data[D:\project\default\runtime\temp\3f073c3d1c43544286c4e771e0d9b3fa.php:71]
[ error ] [8]Trying to get property of non-object[D:\project\default\runtime\temp\3f073c3d1c43544286c4e771e0d9b3fa.php:71]
[ error ] [8]未定义变量: data[D:\project\default\runtime\temp\3f073c3d1c43544286c4e771e0d9b3fa.php:77]
[ error ] [8]Trying to get property of non-object[D:\project\default\runtime\temp\3f073c3d1c43544286c4e771e0d9b3fa.php:77]
[ error ] [8]未定义变量: data[D:\project\default\runtime\temp\3f073c3d1c43544286c4e771e0d9b3fa.php:83]
[ error ] [8]Trying to get property of non-object[D:\project\default\runtime\temp\3f073c3d1c43544286c4e771e0d9b3fa.php:83]
[ error ] [8]未定义变量: data[D:\project\default\runtime\temp\3f073c3d1c43544286c4e771e0d9b3fa.php:88]
[ error ] [8]Trying to get property of non-object[D:\project\default\runtime\temp\3f073c3d1c43544286c4e771e0d9b3fa.php:88]
[ error ] [8]未定义变量: data[D:\project\default\runtime\temp\3f073c3d1c43544286c4e771e0d9b3fa.php:93]
[ error ] [8]Trying to get property of non-object[D:\project\default\runtime\temp\3f073c3d1c43544286c4e771e0d9b3fa.php:93]
[ error ] [8]未定义变量: data[D:\project\default\runtime\temp\3f073c3d1c43544286c4e771e0d9b3fa.php:99]

---------------------------------------------------------------
[ 2017-06-27T16:29:42+08:00 ] 127.0.0.1 127.0.0.1 POST /upload-image
[ log ] www.a.com/upload-image [运行时间：0.072004s][吞吐率：13.89req/s] [内存消耗：218.45kb] [文件加载：57]
[ info ] [ BEHAVIOR ] Run app\behavior\AppInit @app_init [ RunTime:0.001000s ]
[ info ] [ LANG ] D:\project\default\vendor\topthink\framework\lang\zh-cn.php
[ info ] [ ROUTE ] array (
  'type' => 'module',
  'module' => 
  array (
    0 => 'admin',
    1 => 'Upload',
    2 => 'image',
  ),
  'convert' => false,
)
[ info ] [ HEADER ] array (
  'host' => 'www.a.com',
  'connection' => 'keep-alive',
  'content-length' => '22436',
  'accept' => 'application/json, text/javascript, */*; q=0.01',
  'origin' => 'http://www.a.com',
  'x-requested-with' => 'XMLHttpRequest',
  'user-agent' => 'Mozilla/5.0 (Windows NT 6.1; WOW64) AppleWebKit/537.36 (KHTML, like Gecko) Chrome/58.0.3029.110 Safari/537.36',
  'content-type' => 'multipart/form-data; boundary=----WebKitFormBoundary2h3qCOerLjuno102',
  'referer' => 'http://www.a.com/admin/company/create.html',
  'accept-encoding' => 'gzip, deflate',
  'accept-language' => 'zh-CN,zh;q=0.8',
  'cookie' => 'thinkphp_show_page_trace=0|0; PHPSESSID=2o35ag95k7m06qofdje19tphg5',
)
[ info ] [ PARAM ] array (
  '/upload-image' => '',
)
[ info ] [ BEHAVIOR ] Run app\behavior\ModuleInit @module_init [ RunTime:0.001000s ]
[ info ] [ SESSION ] INIT array (
  'id' => '',
  'var_session_id' => '',
  'prefix' => 'think',
  'type' => '',
  'auto_start' => true,
)
[ info ] [ RUN ] app\admin\controller\Upload->image[ D:\project\default\application\admin\controller\Upload.php ]
[ info ] [ LOG ] INIT File

---------------------------------------------------------------
[ 2017-06-27T16:30:00+08:00 ] 127.0.0.1 127.0.0.1 POST /admin/company/create.html
[ log ] www.a.com/admin/company/create.html [运行时间：0.142008s][吞吐率：7.04req/s] [内存消耗：313.17kb] [文件加载：60]
[ info ] [ BEHAVIOR ] Run app\behavior\AppInit @app_init [ RunTime:0.001000s ]
[ info ] [ LANG ] D:\project\default\vendor\topthink\framework\lang\zh-cn.php
[ info ] [ ROUTE ] array (
  'type' => 'module',
  'module' => 
  array (
    0 => 'admin',
    1 => 'company',
    2 => 'create',
  ),
)
[ info ] [ HEADER ] array (
  'host' => 'www.a.com',
  'connection' => 'keep-alive',
  'content-length' => '451',
  'cache-control' => 'max-age=0',
  'origin' => 'http://www.a.com',
  'upgrade-insecure-requests' => '1',
  'user-agent' => 'Mozilla/5.0 (Windows NT 6.1; WOW64) AppleWebKit/537.36 (KHTML, like Gecko) Chrome/58.0.3029.110 Safari/537.36',
  'content-type' => 'application/x-www-form-urlencoded',
  'accept' => 'text/html,application/xhtml+xml,application/xml;q=0.9,image/webp,*/*;q=0.8',
  'referer' => 'http://www.a.com/admin/company/create.html',
  'accept-encoding' => 'gzip, deflate',
  'accept-language' => 'zh-CN,zh;q=0.8',
  'cookie' => 'thinkphp_show_page_trace=0|0; PHPSESSID=2o35ag95k7m06qofdje19tphg5',
)
[ info ] [ PARAM ] array (
  '/admin/company/create_html' => '',
  'company_pic' => '\\uploads\\images\\20170627\\b41ce0dec431be51effb54fd678b7e2d.png',
  'username' => 'asdasdad',
  'password' => '312',
  'company_name' => 'das',
  'min_rate' => '0.001',
  'rate' => '0.001',
  'union_pay_config' => 
  array (
    'bank_no' => '0.001',
    'bank_name' => '0.001',
    'bank_sub' => '0.001',
    'bank_code' => '0.001',
    'card_no' => '0.001',
    'name' => '0.001',
    'mobile' => '0.001',
  ),
  '__token__' => '087eeca3cbed1cdca32fe3e117775234',
)
[ info ] [ BEHAVIOR ] Run app\behavior\ModuleInit @module_init [ RunTime:0.001000s ]
[ info ] [ SESSION ] INIT array (
  'id' => '',
  'var_session_id' => '',
  'prefix' => 'think',
  'type' => '',
  'auto_start' => true,
)
[ info ] [ RUN ] app\admin\controller\Company->create[ D:\project\default\application\admin\controller\Company.php ]
[ info ] [ DB ] INIT mysql
[ info ] [ LOG ] INIT File
[ sql ] [ DB ] CONNECT:[ UseTime:0.011000s ] mysql:dbname=snake;host=127.0.0.1;charset=utf8

---------------------------------------------------------------
[ 2017-06-27T16:49:45+08:00 ] 127.0.0.1 127.0.0.1 GET /admin/company/create.html
[ log ] www.a.com/admin/company/create.html [运行时间：0.068004s][吞吐率：14.71req/s] [内存消耗：220.20kb] [文件加载：60]
[ info ] [ BEHAVIOR ] Run app\behavior\AppInit @app_init [ RunTime:0.001000s ]
[ info ] [ LANG ] D:\project\default\vendor\topthink\framework\lang\zh-cn.php
[ info ] [ ROUTE ] array (
  'type' => 'module',
  'module' => 
  array (
    0 => 'admin',
    1 => 'company',
    2 => 'create',
  ),
)
[ info ] [ HEADER ] array (
  'host' => 'www.a.com',
  'connection' => 'keep-alive',
  'upgrade-insecure-requests' => '1',
  'user-agent' => 'Mozilla/5.0 (Windows NT 6.1; WOW64) AppleWebKit/537.36 (KHTML, like Gecko) Chrome/58.0.3029.110 Safari/537.36',
  'accept' => 'text/html,application/xhtml+xml,application/xml;q=0.9,image/webp,*/*;q=0.8',
  'referer' => 'http://www.a.com/admin',
  'accept-encoding' => 'gzip, deflate, sdch',
  'accept-language' => 'zh-CN,zh;q=0.8',
  'cookie' => 'thinkphp_show_page_trace=0|0; PHPSESSID=2o35ag95k7m06qofdje19tphg5',
)
[ info ] [ PARAM ] array (
  '/admin/company/create_html' => '',
)
[ info ] [ BEHAVIOR ] Run app\behavior\ModuleInit @module_init [ RunTime:0.001000s ]
[ info ] [ SESSION ] INIT array (
  'id' => '',
  'var_session_id' => '',
  'prefix' => 'think',
  'type' => '',
  'auto_start' => true,
)
[ info ] [ RUN ] app\admin\controller\Company->create[ D:\project\default\application\admin\controller\Company.php ]
[ info ] [ VIEW ] D:\project\default\public/../application/admin\view\company\form.html [ array (
) ]
[ info ] [ LOG ] INIT File
[ error ] [8]未定义变量: data[D:\project\default\runtime\temp\3f073c3d1c43544286c4e771e0d9b3fa.php:31]
[ error ] [8]Trying to get property of non-object[D:\project\default\runtime\temp\3f073c3d1c43544286c4e771e0d9b3fa.php:31]
[ error ] [8]未定义变量: data[D:\project\default\runtime\temp\3f073c3d1c43544286c4e771e0d9b3fa.php:36]
[ error ] [8]Trying to get property of non-object[D:\project\default\runtime\temp\3f073c3d1c43544286c4e771e0d9b3fa.php:36]
[ error ] [8]未定义变量: data[D:\project\default\runtime\temp\3f073c3d1c43544286c4e771e0d9b3fa.php:45]
[ error ] [8]Trying to get property of non-object[D:\project\default\runtime\temp\3f073c3d1c43544286c4e771e0d9b3fa.php:45]
[ error ] [8]未定义变量: data[D:\project\default\runtime\temp\3f073c3d1c43544286c4e771e0d9b3fa.php:50]
[ error ] [8]Trying to get property of non-object[D:\project\default\runtime\temp\3f073c3d1c43544286c4e771e0d9b3fa.php:50]
[ error ] [8]未定义变量: data[D:\project\default\runtime\temp\3f073c3d1c43544286c4e771e0d9b3fa.php:56]
[ error ] [8]Trying to get property of non-object[D:\project\default\runtime\temp\3f073c3d1c43544286c4e771e0d9b3fa.php:56]
[ error ] [8]未定义变量: data[D:\project\default\runtime\temp\3f073c3d1c43544286c4e771e0d9b3fa.php:61]
[ error ] [8]Trying to get property of non-object[D:\project\default\runtime\temp\3f073c3d1c43544286c4e771e0d9b3fa.php:61]
[ error ] [8]未定义变量: data[D:\project\default\runtime\temp\3f073c3d1c43544286c4e771e0d9b3fa.php:66]
[ error ] [8]Trying to get property of non-object[D:\project\default\runtime\temp\3f073c3d1c43544286c4e771e0d9b3fa.php:66]
[ error ] [8]未定义变量: data[D:\project\default\runtime\temp\3f073c3d1c43544286c4e771e0d9b3fa.php:71]
[ error ] [8]Trying to get property of non-object[D:\project\default\runtime\temp\3f073c3d1c43544286c4e771e0d9b3fa.php:71]
[ error ] [8]未定义变量: data[D:\project\default\runtime\temp\3f073c3d1c43544286c4e771e0d9b3fa.php:77]
[ error ] [8]Trying to get property of non-object[D:\project\default\runtime\temp\3f073c3d1c43544286c4e771e0d9b3fa.php:77]
[ error ] [8]未定义变量: data[D:\project\default\runtime\temp\3f073c3d1c43544286c4e771e0d9b3fa.php:83]
[ error ] [8]Trying to get property of non-object[D:\project\default\runtime\temp\3f073c3d1c43544286c4e771e0d9b3fa.php:83]
[ error ] [8]未定义变量: data[D:\project\default\runtime\temp\3f073c3d1c43544286c4e771e0d9b3fa.php:88]
[ error ] [8]Trying to get property of non-object[D:\project\default\runtime\temp\3f073c3d1c43544286c4e771e0d9b3fa.php:88]
[ error ] [8]未定义变量: data[D:\project\default\runtime\temp\3f073c3d1c43544286c4e771e0d9b3fa.php:93]
[ error ] [8]Trying to get property of non-object[D:\project\default\runtime\temp\3f073c3d1c43544286c4e771e0d9b3fa.php:93]
[ error ] [8]未定义变量: data[D:\project\default\runtime\temp\3f073c3d1c43544286c4e771e0d9b3fa.php:99]

---------------------------------------------------------------
[ 2017-06-27T16:49:59+08:00 ] 127.0.0.1 127.0.0.1 POST /upload-image
[ log ] www.a.com/upload-image [运行时间：0.065004s][吞吐率：15.38req/s] [内存消耗：217.34kb] [文件加载：57]
[ info ] [ BEHAVIOR ] Run app\behavior\AppInit @app_init [ RunTime:0.001000s ]
[ info ] [ LANG ] D:\project\default\vendor\topthink\framework\lang\zh-cn.php
[ info ] [ ROUTE ] array (
  'type' => 'module',
  'module' => 
  array (
    0 => 'admin',
    1 => 'Upload',
    2 => 'image',
  ),
  'convert' => false,
)
[ info ] [ HEADER ] array (
  'host' => 'www.a.com',
  'connection' => 'keep-alive',
  'content-length' => '22436',
  'accept' => 'application/json, text/javascript, */*; q=0.01',
  'origin' => 'http://www.a.com',
  'x-requested-with' => 'XMLHttpRequest',
  'user-agent' => 'Mozilla/5.0 (Windows NT 6.1; WOW64) AppleWebKit/537.36 (KHTML, like Gecko) Chrome/58.0.3029.110 Safari/537.36',
  'content-type' => 'multipart/form-data; boundary=----WebKitFormBoundaryF7RYdBFv8Epmq8fU',
  'referer' => 'http://www.a.com/admin/company/create.html',
  'accept-encoding' => 'gzip, deflate',
  'accept-language' => 'zh-CN,zh;q=0.8',
  'cookie' => 'thinkphp_show_page_trace=0|0; PHPSESSID=2o35ag95k7m06qofdje19tphg5',
)
[ info ] [ PARAM ] array (
  '/upload-image' => '',
)
[ info ] [ BEHAVIOR ] Run app\behavior\ModuleInit @module_init [ RunTime:0.001000s ]
[ info ] [ SESSION ] INIT array (
  'id' => '',
  'var_session_id' => '',
  'prefix' => 'think',
  'type' => '',
  'auto_start' => true,
)
[ info ] [ RUN ] app\admin\controller\Upload->image[ D:\project\default\application\admin\controller\Upload.php ]
[ info ] [ LOG ] INIT File

---------------------------------------------------------------
[ 2017-06-27T16:50:33+08:00 ] 127.0.0.1 127.0.0.1 POST /admin/company/create.html
[ log ] www.a.com/admin/company/create.html [运行时间：0.389022s][吞吐率：2.57req/s] [内存消耗：313.42kb] [文件加载：60]
[ info ] [ BEHAVIOR ] Run app\behavior\AppInit @app_init [ RunTime:0.001000s ]
[ info ] [ LANG ] D:\project\default\vendor\topthink\framework\lang\zh-cn.php
[ info ] [ ROUTE ] array (
  'type' => 'module',
  'module' => 
  array (
    0 => 'admin',
    1 => 'company',
    2 => 'create',
  ),
)
[ info ] [ HEADER ] array (
  'host' => 'www.a.com',
  'connection' => 'keep-alive',
  'content-length' => '464',
  'cache-control' => 'max-age=0',
  'origin' => 'http://www.a.com',
  'upgrade-insecure-requests' => '1',
  'user-agent' => 'Mozilla/5.0 (Windows NT 6.1; WOW64) AppleWebKit/537.36 (KHTML, like Gecko) Chrome/58.0.3029.110 Safari/537.36',
  'content-type' => 'application/x-www-form-urlencoded',
  'accept' => 'text/html,application/xhtml+xml,application/xml;q=0.9,image/webp,*/*;q=0.8',
  'referer' => 'http://www.a.com/admin/company/create.html',
  'accept-encoding' => 'gzip, deflate',
  'accept-language' => 'zh-CN,zh;q=0.8',
  'cookie' => 'thinkphp_show_page_trace=0|0; PHPSESSID=2o35ag95k7m06qofdje19tphg5',
)
[ info ] [ PARAM ] array (
  '/admin/company/create_html' => '',
  'company_pic' => '\\uploads\\images\\20170627\\696a41f35896ab9715c4a0b9a84dc3ff.png',
  'username' => 'test123',
  'password' => 'test123',
  'company_name' => '大苏打',
  'min_rate' => '0.001',
  'rate' => '0.001',
  'union_pay_config' => 
  array (
    'bank_no' => '123',
    'bank_name' => '123',
    'bank_sub' => '312',
    'bank_code' => '312',
    'card_no' => '132',
    'name' => '312',
    'mobile' => '312',
  ),
  '__token__' => 'd1ad07805265c7459b3a90fe06b799f3',
)
[ info ] [ BEHAVIOR ] Run app\behavior\ModuleInit @module_init [ RunTime:0.001000s ]
[ info ] [ SESSION ] INIT array (
  'id' => '',
  'var_session_id' => '',
  'prefix' => 'think',
  'type' => '',
  'auto_start' => true,
)
[ info ] [ RUN ] app\admin\controller\Company->create[ D:\project\default\application\admin\controller\Company.php ]
[ info ] [ DB ] INIT mysql
[ info ] [ LOG ] INIT File
[ sql ] [ DB ] CONNECT:[ UseTime:0.002000s ] mysql:dbname=snake;host=127.0.0.1;charset=utf8

---------------------------------------------------------------
[ 2017-06-27T16:50:35+08:00 ] 127.0.0.1 127.0.0.1 GET /admin/company/create.html
[ log ] www.a.com/admin/company/create.html [运行时间：0.052003s][吞吐率：19.23req/s] [内存消耗：220.20kb] [文件加载：60]
[ info ] [ BEHAVIOR ] Run app\behavior\AppInit @app_init [ RunTime:0.001000s ]
[ info ] [ LANG ] D:\project\default\vendor\topthink\framework\lang\zh-cn.php
[ info ] [ ROUTE ] array (
  'type' => 'module',
  'module' => 
  array (
    0 => 'admin',
    1 => 'company',
    2 => 'create',
  ),
)
[ info ] [ HEADER ] array (
  'host' => 'www.a.com',
  'connection' => 'keep-alive',
  'upgrade-insecure-requests' => '1',
  'user-agent' => 'Mozilla/5.0 (Windows NT 6.1; WOW64) AppleWebKit/537.36 (KHTML, like Gecko) Chrome/58.0.3029.110 Safari/537.36',
  'accept' => 'text/html,application/xhtml+xml,application/xml;q=0.9,image/webp,*/*;q=0.8',
  'referer' => 'http://www.a.com/admin',
  'accept-encoding' => 'gzip, deflate, sdch',
  'accept-language' => 'zh-CN,zh;q=0.8',
  'cookie' => 'thinkphp_show_page_trace=0|0; PHPSESSID=2o35ag95k7m06qofdje19tphg5',
)
[ info ] [ PARAM ] array (
  '/admin/company/create_html' => '',
)
[ info ] [ BEHAVIOR ] Run app\behavior\ModuleInit @module_init [ RunTime:0.001000s ]
[ info ] [ SESSION ] INIT array (
  'id' => '',
  'var_session_id' => '',
  'prefix' => 'think',
  'type' => '',
  'auto_start' => true,
)
[ info ] [ RUN ] app\admin\controller\Company->create[ D:\project\default\application\admin\controller\Company.php ]
[ info ] [ VIEW ] D:\project\default\public/../application/admin\view\company\form.html [ array (
) ]
[ info ] [ LOG ] INIT File
[ error ] [8]未定义变量: data[D:\project\default\runtime\temp\3f073c3d1c43544286c4e771e0d9b3fa.php:31]
[ error ] [8]Trying to get property of non-object[D:\project\default\runtime\temp\3f073c3d1c43544286c4e771e0d9b3fa.php:31]
[ error ] [8]未定义变量: data[D:\project\default\runtime\temp\3f073c3d1c43544286c4e771e0d9b3fa.php:36]
[ error ] [8]Trying to get property of non-object[D:\project\default\runtime\temp\3f073c3d1c43544286c4e771e0d9b3fa.php:36]
[ error ] [8]未定义变量: data[D:\project\default\runtime\temp\3f073c3d1c43544286c4e771e0d9b3fa.php:45]
[ error ] [8]Trying to get property of non-object[D:\project\default\runtime\temp\3f073c3d1c43544286c4e771e0d9b3fa.php:45]
[ error ] [8]未定义变量: data[D:\project\default\runtime\temp\3f073c3d1c43544286c4e771e0d9b3fa.php:50]
[ error ] [8]Trying to get property of non-object[D:\project\default\runtime\temp\3f073c3d1c43544286c4e771e0d9b3fa.php:50]
[ error ] [8]未定义变量: data[D:\project\default\runtime\temp\3f073c3d1c43544286c4e771e0d9b3fa.php:56]
[ error ] [8]Trying to get property of non-object[D:\project\default\runtime\temp\3f073c3d1c43544286c4e771e0d9b3fa.php:56]
[ error ] [8]未定义变量: data[D:\project\default\runtime\temp\3f073c3d1c43544286c4e771e0d9b3fa.php:61]
[ error ] [8]Trying to get property of non-object[D:\project\default\runtime\temp\3f073c3d1c43544286c4e771e0d9b3fa.php:61]
[ error ] [8]未定义变量: data[D:\project\default\runtime\temp\3f073c3d1c43544286c4e771e0d9b3fa.php:66]
[ error ] [8]Trying to get property of non-object[D:\project\default\runtime\temp\3f073c3d1c43544286c4e771e0d9b3fa.php:66]
[ error ] [8]未定义变量: data[D:\project\default\runtime\temp\3f073c3d1c43544286c4e771e0d9b3fa.php:71]
[ error ] [8]Trying to get property of non-object[D:\project\default\runtime\temp\3f073c3d1c43544286c4e771e0d9b3fa.php:71]
[ error ] [8]未定义变量: data[D:\project\default\runtime\temp\3f073c3d1c43544286c4e771e0d9b3fa.php:77]
[ error ] [8]Trying to get property of non-object[D:\project\default\runtime\temp\3f073c3d1c43544286c4e771e0d9b3fa.php:77]
[ error ] [8]未定义变量: data[D:\project\default\runtime\temp\3f073c3d1c43544286c4e771e0d9b3fa.php:83]
[ error ] [8]Trying to get property of non-object[D:\project\default\runtime\temp\3f073c3d1c43544286c4e771e0d9b3fa.php:83]
[ error ] [8]未定义变量: data[D:\project\default\runtime\temp\3f073c3d1c43544286c4e771e0d9b3fa.php:88]
[ error ] [8]Trying to get property of non-object[D:\project\default\runtime\temp\3f073c3d1c43544286c4e771e0d9b3fa.php:88]
[ error ] [8]未定义变量: data[D:\project\default\runtime\temp\3f073c3d1c43544286c4e771e0d9b3fa.php:93]
[ error ] [8]Trying to get property of non-object[D:\project\default\runtime\temp\3f073c3d1c43544286c4e771e0d9b3fa.php:93]
[ error ] [8]未定义变量: data[D:\project\default\runtime\temp\3f073c3d1c43544286c4e771e0d9b3fa.php:99]

---------------------------------------------------------------
[ 2017-06-27T16:52:39+08:00 ] 127.0.0.1 127.0.0.1 GET /admin
[ log ] www.a.com/admin [运行时间：0.064004s][吞吐率：15.62req/s] [内存消耗：212.94kb] [文件加载：57]
[ info ] [ BEHAVIOR ] Run app\behavior\AppInit @app_init [ RunTime:0.001000s ]
[ info ] [ LANG ] D:\project\default\vendor\topthink\framework\lang\zh-cn.php
[ info ] [ ROUTE ] array (
  'type' => 'module',
  'module' => 
  array (
    0 => 'admin',
    1 => NULL,
    2 => NULL,
  ),
)
[ info ] [ HEADER ] array (
  'host' => 'www.a.com',
  'connection' => 'keep-alive',
  'cache-control' => 'max-age=0',
  'upgrade-insecure-requests' => '1',
  'user-agent' => 'Mozilla/5.0 (Windows NT 6.1; WOW64) AppleWebKit/537.36 (KHTML, like Gecko) Chrome/58.0.3029.110 Safari/537.36',
  'accept' => 'text/html,application/xhtml+xml,application/xml;q=0.9,image/webp,*/*;q=0.8',
  'referer' => 'http://www.a.com/admin-login',
  'accept-encoding' => 'gzip, deflate, sdch',
  'accept-language' => 'zh-CN,zh;q=0.8',
  'cookie' => 'thinkphp_show_page_trace=0|0; PHPSESSID=2o35ag95k7m06qofdje19tphg5',
)
[ info ] [ PARAM ] array (
  '/admin' => '',
)
[ info ] [ BEHAVIOR ] Run app\behavior\ModuleInit @module_init [ RunTime:0.001000s ]
[ info ] [ SESSION ] INIT array (
  'id' => '',
  'var_session_id' => '',
  'prefix' => 'think',
  'type' => '',
  'auto_start' => true,
)
[ info ] [ RUN ] app\admin\controller\Index->index[ D:\project\default\application\admin\controller\Index.php ]
[ info ] [ VIEW ] D:\project\default\public/../application/admin\view\index\index.html [ array (
) ]
[ info ] [ LOG ] INIT File

---------------------------------------------------------------
[ 2017-06-27T16:52:40+08:00 ] 127.0.0.1 127.0.0.1 GET /admin/company_home/index.html
[ log ] www.a.com/admin/company_home/index.html [运行时间：0.072004s][吞吐率：13.89req/s] [内存消耗：360.66kb] [文件加载：63]
[ info ] [ BEHAVIOR ] Run app\behavior\AppInit @app_init [ RunTime:0.000000s ]
[ info ] [ LANG ] D:\project\default\vendor\topthink\framework\lang\zh-cn.php
[ info ] [ ROUTE ] array (
  'type' => 'module',
  'module' => 
  array (
    0 => 'admin',
    1 => 'company_home',
    2 => 'index',
  ),
)
[ info ] [ HEADER ] array (
  'host' => 'www.a.com',
  'connection' => 'keep-alive',
  'upgrade-insecure-requests' => '1',
  'user-agent' => 'Mozilla/5.0 (Windows NT 6.1; WOW64) AppleWebKit/537.36 (KHTML, like Gecko) Chrome/58.0.3029.110 Safari/537.36',
  'accept' => 'text/html,application/xhtml+xml,application/xml;q=0.9,image/webp,*/*;q=0.8',
  'referer' => 'http://www.a.com/admin',
  'accept-encoding' => 'gzip, deflate, sdch',
  'accept-language' => 'zh-CN,zh;q=0.8',
  'cookie' => 'thinkphp_show_page_trace=0|0; PHPSESSID=2o35ag95k7m06qofdje19tphg5',
)
[ info ] [ PARAM ] array (
  '/admin/company_home/index_html' => '',
)
[ info ] [ BEHAVIOR ] Run app\behavior\ModuleInit @module_init [ RunTime:0.001000s ]
[ info ] [ SESSION ] INIT array (
  'id' => '',
  'var_session_id' => '',
  'prefix' => 'think',
  'type' => '',
  'auto_start' => true,
)
[ info ] [ RUN ] app\admin\controller\CompanyHome->index[ D:\project\default\application\admin\controller\CompanyHome.php ]
[ info ] [ DB ] INIT mysql
[ info ] [ VIEW ] D:\project\default\public/../application/admin\view\company_home\index.html [ array (
  0 => 'company',
) ]
[ info ] [ LOG ] INIT File
[ sql ] [ DB ] CONNECT:[ UseTime:0.002000s ] mysql:dbname=snake;host=127.0.0.1;charset=utf8
[ sql ] [ SQL ] SHOW COLUMNS FROM `snake_admin_company` [ RunTime:0.005000s ]
[ sql ] [ SQL ] SELECT * FROM `snake_admin_company` WHERE  `id` = 1 LIMIT 1 [ RunTime:0.001000s ]

---------------------------------------------------------------
[ 2017-06-27T16:52:40+08:00 ] 127.0.0.1 127.0.0.1 GET /api/wx/qrcode?userId=&companyId=b050e50d41e049ad32f13bcd3d763787
[ log ] www.a.com/api/wx/qrcode?userId=&companyId=b050e50d41e049ad32f13bcd3d763787 [运行时间：0.285017s][吞吐率：3.51req/s] [内存消耗：537.26kb] [文件加载：136]
[ info ] [ BEHAVIOR ] Run app\behavior\AppInit @app_init [ RunTime:0.001000s ]
[ info ] [ LANG ] D:\project\default\vendor\topthink\framework\lang\zh-cn.php
[ info ] [ ROUTE ] array (
  'type' => 'module',
  'module' => 
  array (
    0 => 'api',
    1 => 'wx',
    2 => 'qrcode',
  ),
)
[ info ] [ HEADER ] array (
  'host' => 'www.a.com',
  'connection' => 'keep-alive',
  'accept' => '*/*',
  'x-requested-with' => 'XMLHttpRequest',
  'user-agent' => 'Mozilla/5.0 (Windows NT 6.1; WOW64) AppleWebKit/537.36 (KHTML, like Gecko) Chrome/58.0.3029.110 Safari/537.36',
  'referer' => 'http://www.a.com/admin/company_home/index.html',
  'accept-encoding' => 'gzip, deflate, sdch',
  'accept-language' => 'zh-CN,zh;q=0.8',
  'cookie' => 'thinkphp_show_page_trace=0|0; PHPSESSID=2o35ag95k7m06qofdje19tphg5',
)
[ info ] [ PARAM ] array (
  '/api/wx/qrcode' => '',
  'userId' => '',
  'companyId' => 'b050e50d41e049ad32f13bcd3d763787',
)
[ info ] [ BEHAVIOR ] Run app\behavior\ModuleInit @module_init [ RunTime:0.001001s ]
[ info ] [ RUN ] app\api\controller\Wx->qrcode[ D:\project\default\application\api\controller\Wx.php ]
[ info ] [ DB ] INIT mysql
[ info ] [ LOG ] INIT File
[ sql ] [ DB ] CONNECT:[ UseTime:0.011001s ] mysql:dbname=snake;host=127.0.0.1;charset=utf8
[ sql ] [ SQL ] SHOW COLUMNS FROM `snake_user` [ RunTime:0.004000s ]
[ sql ] [ SQL ] SELECT `id` FROM `snake_user` WHERE  `identifier` = '' LIMIT 1 [ RunTime:0.000000s ]
[ sql ] [ SQL ] SHOW COLUMNS FROM `snake_admin_company` [ RunTime:0.003001s ]
[ sql ] [ SQL ] SELECT `id` FROM `snake_admin_company` WHERE  `identifier` = 'b050e50d41e049ad32f13bcd3d763787' LIMIT 1 [ RunTime:0.001000s ]
[ error ] [0]cURL error 60: SSL certificate problem: unable to get local issuer certificate (see http://curl.haxx.se/libcurl/c/libcurl-errors.html)[D:\project\default\vendor\guzzlehttp\guzzle\src\Handler\CurlFactory.php:187]

---------------------------------------------------------------
