[ 2017-08-05T10:32:42+08:00 ] 127.0.0.1 127.0.0.1 GET /admin
[ log ] www.a.com/admin [运行时间：0.109006s][吞吐率：9.17req/s] [内存消耗：350.13kb] [文件加载：57]
[ info ] [ BEHAVIOR ] Run app\behavior\AppInit @app_init [ RunTime:0.003000s ]
[ info ] [ LANG ] D:\project\default\vendor\topthink\framework\lang\zh-cn.php
[ info ] [ ROUTE ] array (
  'type' => 'module',
  'module' => 
  array (
    0 => 'admin',
    1 => NULL,
    2 => NULL,
  ),
)
[ info ] [ HEADER ] array (
  'host' => 'www.a.com',
  'connection' => 'keep-alive',
  'upgrade-insecure-requests' => '1',
  'user-agent' => 'Mozilla/5.0 (Windows NT 6.1; WOW64) AppleWebKit/537.36 (KHTML, like Gecko) Chrome/58.0.3029.110 Safari/537.36',
  'accept' => 'text/html,application/xhtml+xml,application/xml;q=0.9,image/webp,*/*;q=0.8',
  'referer' => 'http://www.a.com/admin-login',
  'accept-encoding' => 'gzip, deflate, sdch',
  'accept-language' => 'zh-CN,zh;q=0.8',
  'cookie' => 'PHPSESSID=8tia1tekr2q2du7u1vvbvl9bh5; referer=http%3A%2F%2Fwww.a.com%2Fadmin%2Fcompany%2Findex.html',
)
[ info ] [ PARAM ] array (
  '/admin' => '',
)
[ info ] [ BEHAVIOR ] Run app\behavior\ModuleInit @module_init [ RunTime:0.000000s ]
[ info ] [ SESSION ] INIT array (
  'id' => '',
  'var_session_id' => '',
  'prefix' => 'think',
  'type' => '',
  'auto_start' => true,
)
[ info ] [ RUN ] app\admin\controller\Index->index[ D:\project\default\application\admin\controller\Index.php ]
[ info ] [ VIEW ] D:\project\default\public/../application/admin\view\index\index.html [ array (
) ]
[ info ] [ LOG ] INIT File

---------------------------------------------------------------
[ 2017-08-05T10:32:42+08:00 ] 127.0.0.1 127.0.0.1 GET /admin/company_order/dailyrecord.html
[ log ] www.a.com/admin/company_order/dailyrecord.html [运行时间：0.063004s][吞吐率：15.87req/s] [内存消耗：454.33kb] [文件加载：67]
[ info ] [ BEHAVIOR ] Run app\behavior\AppInit @app_init [ RunTime:0.000000s ]
[ info ] [ LANG ] D:\project\default\vendor\topthink\framework\lang\zh-cn.php
[ info ] [ ROUTE ] array (
  'type' => 'module',
  'module' => 
  array (
    0 => 'admin',
    1 => 'company_order',
    2 => 'dailyrecord',
  ),
)
[ info ] [ HEADER ] array (
  'host' => 'www.a.com',
  'connection' => 'keep-alive',
  'upgrade-insecure-requests' => '1',
  'user-agent' => 'Mozilla/5.0 (Windows NT 6.1; WOW64) AppleWebKit/537.36 (KHTML, like Gecko) Chrome/58.0.3029.110 Safari/537.36',
  'accept' => 'text/html,application/xhtml+xml,application/xml;q=0.9,image/webp,*/*;q=0.8',
  'referer' => 'http://www.a.com/admin',
  'accept-encoding' => 'gzip, deflate, sdch',
  'accept-language' => 'zh-CN,zh;q=0.8',
  'cookie' => 'PHPSESSID=8tia1tekr2q2du7u1vvbvl9bh5; referer=http%3A%2F%2Fwww.a.com%2Fadmin%2Fcompany%2Findex.html',
)
[ info ] [ PARAM ] array (
  '/admin/company_order/dailyrecord_html' => '',
)
[ info ] [ BEHAVIOR ] Run app\behavior\ModuleInit @module_init [ RunTime:0.001000s ]
[ info ] [ SESSION ] INIT array (
  'id' => '',
  'var_session_id' => '',
  'prefix' => 'think',
  'type' => '',
  'auto_start' => true,
)
[ info ] [ RUN ] app\admin\controller\CompanyOrder->dailyrecord[ D:\project\default\application\admin\controller\CompanyOrder.php ]
[ info ] [ DB ] INIT mysql
[ info ] [ VIEW ] D:\project\default\public/../application/admin\view\company_order\dailyrecord.html [ array (
  0 => 'list',
) ]
[ info ] [ LOG ] INIT File
[ sql ] [ DB ] CONNECT:[ UseTime:0.003000s ] mysql:dbname=snake;host=127.0.0.1;charset=utf8
[ sql ] [ SQL ] SHOW COLUMNS FROM `snake_company_order` [ RunTime:0.016001s ]
[ sql ] [ SQL ] SELECT COUNT(*) AS tp_count FROM ( SELECT count(*) FROM `snake_company_order` WHERE  `status` = 1 GROUP BY FROM_UNIXTIME(create_time,'%Y-%m-%d') ) `_group_count_` LIMIT 1 [ RunTime:0.007000s ]
[ sql ] [ SQL ] SELECT FROM_UNIXTIME(create_time,'%Y-%m-%d') as days,sum(amount) as total_price FROM `snake_company_order` WHERE  `status` = 1 GROUP BY FROM_UNIXTIME(create_time,'%Y-%m-%d') ORDER BY days desc LIMIT 0,10 [ RunTime:0.001000s ]

---------------------------------------------------------------
[ 2017-08-05T10:32:42+08:00 ] 127.0.0.1 127.0.0.1 GET /favicon.ico
[ log ] www.a.com/favicon.ico [运行时间：0.010001s][吞吐率：99.99req/s] [内存消耗：151.68kb] [文件加载：45]
[ info ] [ BEHAVIOR ] Run app\behavior\AppInit @app_init [ RunTime:0.000000s ]
[ info ] [ LANG ] D:\project\default\vendor\topthink\framework\lang\zh-cn.php
[ info ] [ ROUTE ] array (
  'type' => 'module',
  'module' => 
  array (
    0 => 'favicon.ico',
    1 => NULL,
    2 => NULL,
  ),
)
[ info ] [ HEADER ] array (
  'host' => 'www.a.com',
  'connection' => 'keep-alive',
  'user-agent' => 'Mozilla/5.0 (Windows NT 6.1; WOW64) AppleWebKit/537.36 (KHTML, like Gecko) Chrome/58.0.3029.110 Safari/537.36',
  'accept' => 'image/webp,image/*,*/*;q=0.8',
  'referer' => 'http://www.a.com/admin',
  'accept-encoding' => 'gzip, deflate, sdch',
  'accept-language' => 'zh-CN,zh;q=0.8',
  'cookie' => 'PHPSESSID=8tia1tekr2q2du7u1vvbvl9bh5; referer=http%3A%2F%2Fwww.a.com%2Fadmin%2Fcompany%2Findex.html',
)
[ info ] [ PARAM ] array (
  '/favicon_ico' => '',
)
[ info ] [ LOG ] INIT File

---------------------------------------------------------------
[ 2017-08-05T10:32:49+08:00 ] 127.0.0.1 127.0.0.1 GET /admin/Test/Allinpay
[ log ] www.a.com/admin/Test/Allinpay [运行时间：6.872393s][吞吐率：0.15req/s] [内存消耗：186.34kb] [文件加载：55]
[ info ] [ BEHAVIOR ] Run app\behavior\AppInit @app_init [ RunTime:0.000000s ]
[ info ] [ LANG ] D:\project\default\vendor\topthink\framework\lang\zh-cn.php
[ info ] [ ROUTE ] array (
  'type' => 'module',
  'module' => 
  array (
    0 => 'admin',
    1 => 'Test',
    2 => 'Allinpay',
  ),
)
[ info ] [ HEADER ] array (
  'host' => 'www.a.com',
  'connection' => 'keep-alive',
  'upgrade-insecure-requests' => '1',
  'user-agent' => 'Mozilla/5.0 (Windows NT 6.1; WOW64) AppleWebKit/537.36 (KHTML, like Gecko) Chrome/58.0.3029.110 Safari/537.36',
  'accept' => 'text/html,application/xhtml+xml,application/xml;q=0.9,image/webp,*/*;q=0.8',
  'accept-encoding' => 'gzip, deflate, sdch',
  'accept-language' => 'zh-CN,zh;q=0.8',
  'cookie' => 'PHPSESSID=8tia1tekr2q2du7u1vvbvl9bh5; referer=http%3A%2F%2Fwww.a.com%2Fadmin%2Fcompany%2Findex.html',
)
[ info ] [ PARAM ] array (
  '/admin/Test/Allinpay' => '',
)
[ info ] [ BEHAVIOR ] Run app\behavior\ModuleInit @module_init [ RunTime:0.000000s ]
[ info ] [ RUN ] app\admin\controller\Test->Allinpay[ D:\project\default\application\admin\controller\Test.php ]
[ info ] [ LOG ] INIT File

---------------------------------------------------------------
