[ 2017-08-12T09:16:56+08:00 ] 127.0.0.1 127.0.0.1 GET /admin
[ log ] www.a.com/admin [运行时间：0.094005s][吞吐率：10.64req/s] [内存消耗：350.13kb] [文件加载：57]
[ info ] [ BEHAVIOR ] Run app\behavior\AppInit @app_init [ RunTime:0.003000s ]
[ info ] [ LANG ] D:\project\default\vendor\topthink\framework\lang\zh-cn.php
[ info ] [ ROUTE ] array (
  'type' => 'module',
  'module' => 
  array (
    0 => 'admin',
    1 => NULL,
    2 => NULL,
  ),
)
[ info ] [ HEADER ] array (
  'host' => 'www.a.com',
  'connection' => 'keep-alive',
  'upgrade-insecure-requests' => '1',
  'user-agent' => 'Mozilla/5.0 (Windows NT 6.1; WOW64) AppleWebKit/537.36 (KHTML, like Gecko) Chrome/58.0.3029.110 Safari/537.36',
  'accept' => 'text/html,application/xhtml+xml,application/xml;q=0.9,image/webp,*/*;q=0.8',
  'referer' => 'http://www.a.com/admin-login.html',
  'accept-encoding' => 'gzip, deflate, sdch',
  'accept-language' => 'zh-CN,zh;q=0.8',
  'cookie' => 'PHPSESSID=8tia1tekr2q2du7u1vvbvl9bh5; referer=http%3A%2F%2Fwww.a.com%2Fadmin%2Fdocument%2Findex.html',
)
[ info ] [ PARAM ] array (
  '/admin' => '',
)
[ info ] [ BEHAVIOR ] Run app\behavior\ModuleInit @module_init [ RunTime:0.000000s ]
[ info ] [ SESSION ] INIT array (
  'id' => '',
  'var_session_id' => '',
  'prefix' => 'think',
  'type' => '',
  'auto_start' => true,
)
[ info ] [ RUN ] app\admin\controller\Index->index[ D:\project\default\application\admin\controller\Index.php ]
[ info ] [ VIEW ] D:\project\default\public/../application/admin\view\index\index.html [ array (
) ]
[ info ] [ LOG ] INIT File

---------------------------------------------------------------
[ 2017-08-12T09:16:56+08:00 ] 127.0.0.1 127.0.0.1 GET /admin/luck_draw/goodsclass.html
[ log ] www.a.com/admin/luck_draw/goodsclass.html [运行时间：0.065004s][吞吐率：15.38req/s] [内存消耗：453.32kb] [文件加载：72]
[ info ] [ BEHAVIOR ] Run app\behavior\AppInit @app_init [ RunTime:0.001000s ]
[ info ] [ LANG ] D:\project\default\vendor\topthink\framework\lang\zh-cn.php
[ info ] [ ROUTE ] array (
  'type' => 'module',
  'module' => 
  array (
    0 => 'admin',
    1 => 'luck_draw',
    2 => 'goodsclass',
  ),
)
[ info ] [ HEADER ] array (
  'host' => 'www.a.com',
  'connection' => 'keep-alive',
  'upgrade-insecure-requests' => '1',
  'user-agent' => 'Mozilla/5.0 (Windows NT 6.1; WOW64) AppleWebKit/537.36 (KHTML, like Gecko) Chrome/58.0.3029.110 Safari/537.36',
  'accept' => 'text/html,application/xhtml+xml,application/xml;q=0.9,image/webp,*/*;q=0.8',
  'referer' => 'http://www.a.com/admin/luck_draw/goodsclassdel.html?id=4',
  'accept-encoding' => 'gzip, deflate, sdch',
  'accept-language' => 'zh-CN,zh;q=0.8',
  'cookie' => 'PHPSESSID=8tia1tekr2q2du7u1vvbvl9bh5; referer=http%3A%2F%2Fwww.a.com%2Fadmin%2Fdocument%2Findex.html',
)
[ info ] [ PARAM ] array (
  '/admin/luck_draw/goodsclass_html' => '',
)
[ info ] [ BEHAVIOR ] Run app\behavior\ModuleInit @module_init [ RunTime:0.001000s ]
[ info ] [ SESSION ] INIT array (
  'id' => '',
  'var_session_id' => '',
  'prefix' => 'think',
  'type' => '',
  'auto_start' => true,
)
[ info ] [ RUN ] app\admin\controller\LuckDraw->goodsClass[ D:\project\default\application\admin\controller\LuckDraw.php ]
[ info ] [ DB ] INIT mysql
[ info ] [ VIEW ] D:\project\default\public/../application/admin\view\luck_draw\goods_class.html [ array (
  0 => 'list',
) ]
[ info ] [ LOG ] INIT File
[ error ] [2]Missing argument 1 for think\db\Query::where()[D:\project\default\vendor\topthink\framework\library\think\db\Query.php:933]
[ error ] [8]未定义变量: field[D:\project\default\vendor\topthink\framework\library\think\db\Query.php:937]
[ sql ] [ DB ] CONNECT:[ UseTime:0.003001s ] mysql:dbname=snake;host=127.0.0.1;charset=utf8
[ sql ] [ SQL ] SHOW COLUMNS FROM `snake_lucky_goods_class` [ RunTime:0.013000s ]
[ sql ] [ SQL ] SELECT COUNT(*) AS tp_count FROM `snake_lucky_goods_class` LIMIT 1 [ RunTime:0.002001s ]
[ sql ] [ SQL ] SELECT * FROM `snake_lucky_goods_class` ORDER BY id desc LIMIT 0,10 [ RunTime:0.001000s ]

---------------------------------------------------------------
[ 2017-08-12T09:16:56+08:00 ] 127.0.0.1 127.0.0.1 GET /favicon.ico
[ log ] www.a.com/favicon.ico [运行时间：0.007001s][吞吐率：142.84req/s] [内存消耗：151.59kb] [文件加载：45]
[ info ] [ BEHAVIOR ] Run app\behavior\AppInit @app_init [ RunTime:0.001000s ]
[ info ] [ LANG ] D:\project\default\vendor\topthink\framework\lang\zh-cn.php
[ info ] [ ROUTE ] array (
  'type' => 'module',
  'module' => 
  array (
    0 => 'favicon.ico',
    1 => NULL,
    2 => NULL,
  ),
)
[ info ] [ HEADER ] array (
  'host' => 'www.a.com',
  'connection' => 'keep-alive',
  'user-agent' => 'Mozilla/5.0 (Windows NT 6.1; WOW64) AppleWebKit/537.36 (KHTML, like Gecko) Chrome/58.0.3029.110 Safari/537.36',
  'accept' => 'image/webp,image/*,*/*;q=0.8',
  'referer' => 'http://www.a.com/admin',
  'accept-encoding' => 'gzip, deflate, sdch',
  'accept-language' => 'zh-CN,zh;q=0.8',
  'cookie' => 'PHPSESSID=8tia1tekr2q2du7u1vvbvl9bh5; referer=http%3A%2F%2Fwww.a.com%2Fadmin%2Fdocument%2Findex.html',
)
[ info ] [ PARAM ] array (
  '/favicon_ico' => '',
)
[ info ] [ LOG ] INIT File

---------------------------------------------------------------
[ 2017-08-12T13:00:57+08:00 ] 127.0.0.1 127.0.0.1 GET /admin
[ log ] www.a.com/admin [运行时间：0.190011s][吞吐率：5.26req/s] [内存消耗：350.14kb] [文件加载：57]
[ info ] [ BEHAVIOR ] Run app\behavior\AppInit @app_init [ RunTime:0.004000s ]
[ info ] [ LANG ] D:\project\default\vendor\topthink\framework\lang\zh-cn.php
[ info ] [ ROUTE ] array (
  'type' => 'module',
  'module' => 
  array (
    0 => 'admin',
    1 => NULL,
    2 => NULL,
  ),
)
[ info ] [ HEADER ] array (
  'host' => 'www.a.com',
  'connection' => 'keep-alive',
  'upgrade-insecure-requests' => '1',
  'user-agent' => 'Mozilla/5.0 (Windows NT 6.1; WOW64) AppleWebKit/537.36 (KHTML, like Gecko) Chrome/58.0.3029.110 Safari/537.36',
  'accept' => 'text/html,application/xhtml+xml,application/xml;q=0.9,image/webp,*/*;q=0.8',
  'referer' => 'http://www.a.com/admin-login.html',
  'accept-encoding' => 'gzip, deflate, sdch',
  'accept-language' => 'zh-CN,zh;q=0.8',
  'cookie' => 'PHPSESSID=8tia1tekr2q2du7u1vvbvl9bh5; referer=http%3A%2F%2Fwww.a.com%2Fadmin%2Fdocument%2Findex.html',
)
[ info ] [ PARAM ] array (
  '/admin' => '',
)
[ info ] [ BEHAVIOR ] Run app\behavior\ModuleInit @module_init [ RunTime:0.000000s ]
[ info ] [ SESSION ] INIT array (
  'id' => '',
  'var_session_id' => '',
  'prefix' => 'think',
  'type' => '',
  'auto_start' => true,
)
[ info ] [ RUN ] app\admin\controller\Index->index[ D:\project\default\application\admin\controller\Index.php ]
[ info ] [ VIEW ] D:\project\default\public/../application/admin\view\index\index.html [ array (
) ]
[ info ] [ LOG ] INIT File

---------------------------------------------------------------
[ 2017-08-12T13:00:58+08:00 ] 127.0.0.1 127.0.0.1 GET /admin/luck_draw/goodsclass.html
[ log ] www.a.com/admin/luck_draw/goodsclass.html [运行时间：0.056003s][吞吐率：17.86req/s] [内存消耗：443.12kb] [文件加载：70]
[ info ] [ BEHAVIOR ] Run app\behavior\AppInit @app_init [ RunTime:0.000000s ]
[ info ] [ LANG ] D:\project\default\vendor\topthink\framework\lang\zh-cn.php
[ info ] [ ROUTE ] array (
  'type' => 'module',
  'module' => 
  array (
    0 => 'admin',
    1 => 'luck_draw',
    2 => 'goodsclass',
  ),
)
[ info ] [ HEADER ] array (
  'host' => 'www.a.com',
  'connection' => 'keep-alive',
  'upgrade-insecure-requests' => '1',
  'user-agent' => 'Mozilla/5.0 (Windows NT 6.1; WOW64) AppleWebKit/537.36 (KHTML, like Gecko) Chrome/58.0.3029.110 Safari/537.36',
  'accept' => 'text/html,application/xhtml+xml,application/xml;q=0.9,image/webp,*/*;q=0.8',
  'referer' => 'http://www.a.com/admin/luck_draw/goodsclassdel.html?id=4',
  'accept-encoding' => 'gzip, deflate, sdch',
  'accept-language' => 'zh-CN,zh;q=0.8',
  'cookie' => 'PHPSESSID=8tia1tekr2q2du7u1vvbvl9bh5; referer=http%3A%2F%2Fwww.a.com%2Fadmin%2Fdocument%2Findex.html',
)
[ info ] [ PARAM ] array (
  '/admin/luck_draw/goodsclass_html' => '',
)
[ info ] [ BEHAVIOR ] Run app\behavior\ModuleInit @module_init [ RunTime:0.000000s ]
[ info ] [ SESSION ] INIT array (
  'id' => '',
  'var_session_id' => '',
  'prefix' => 'think',
  'type' => '',
  'auto_start' => true,
)
[ info ] [ RUN ] app\admin\controller\LuckDraw->goodsClass[ D:\project\default\application\admin\controller\LuckDraw.php ]
[ info ] [ DB ] INIT mysql
[ info ] [ VIEW ] D:\project\default\public/../application/admin\view\luck_draw\goods_class.html [ array (
  0 => 'list',
) ]
[ info ] [ LOG ] INIT File
[ error ] [2]Missing argument 1 for think\db\Query::where()[D:\project\default\vendor\topthink\framework\library\think\db\Query.php:933]
[ error ] [8]未定义变量: field[D:\project\default\vendor\topthink\framework\library\think\db\Query.php:937]
[ sql ] [ DB ] CONNECT:[ UseTime:0.003000s ] mysql:dbname=snake;host=127.0.0.1;charset=utf8
[ sql ] [ SQL ] SHOW COLUMNS FROM `snake_lucky_goods_class` [ RunTime:0.013001s ]
[ sql ] [ SQL ] SELECT COUNT(*) AS tp_count FROM `snake_lucky_goods_class` LIMIT 1 [ RunTime:0.003000s ]
[ sql ] [ SQL ] SELECT * FROM `snake_lucky_goods_class` ORDER BY id desc LIMIT 0,10 [ RunTime:0.001000s ]

---------------------------------------------------------------
[ 2017-08-12T13:00:58+08:00 ] 127.0.0.1 127.0.0.1 GET /favicon.ico
[ log ] www.a.com/favicon.ico [运行时间：0.009001s][吞吐率：111.10req/s] [内存消耗：151.59kb] [文件加载：45]
[ info ] [ BEHAVIOR ] Run app\behavior\AppInit @app_init [ RunTime:0.000000s ]
[ info ] [ LANG ] D:\project\default\vendor\topthink\framework\lang\zh-cn.php
[ info ] [ ROUTE ] array (
  'type' => 'module',
  'module' => 
  array (
    0 => 'favicon.ico',
    1 => NULL,
    2 => NULL,
  ),
)
[ info ] [ HEADER ] array (
  'host' => 'www.a.com',
  'connection' => 'keep-alive',
  'user-agent' => 'Mozilla/5.0 (Windows NT 6.1; WOW64) AppleWebKit/537.36 (KHTML, like Gecko) Chrome/58.0.3029.110 Safari/537.36',
  'accept' => 'image/webp,image/*,*/*;q=0.8',
  'referer' => 'http://www.a.com/admin',
  'accept-encoding' => 'gzip, deflate, sdch',
  'accept-language' => 'zh-CN,zh;q=0.8',
  'cookie' => 'PHPSESSID=8tia1tekr2q2du7u1vvbvl9bh5; referer=http%3A%2F%2Fwww.a.com%2Fadmin%2Fdocument%2Findex.html',
)
[ info ] [ PARAM ] array (
  '/favicon_ico' => '',
)
[ info ] [ LOG ] INIT File

---------------------------------------------------------------
