[ 2017-07-17T09:13:14+08:00 ] 127.0.0.1 127.0.0.1 GET /Pay/Wlb/pay
[ log ] www.a.com/Pay/Wlb/pay [运行时间：0.074004s][吞吐率：13.51req/s] [内存消耗：242.24kb] [文件加载：48]
[ info ] [ BEHAVIOR ] Run app\behavior\AppInit @app_init [ RunTime:0.004000s ]
[ info ] [ LANG ] D:\project\default\vendor\topthink\framework\lang\zh-cn.php
[ info ] [ ROUTE ] array (
  'type' => 'module',
  'module' => 
  array (
    0 => 'Pay',
    1 => 'Wlb',
    2 => 'pay',
  ),
)
[ info ] [ HEADER ] array (
  'host' => 'www.a.com',
  'connection' => 'keep-alive',
  'upgrade-insecure-requests' => '1',
  'user-agent' => 'Mozilla/5.0 (Windows NT 6.1; WOW64) AppleWebKit/537.36 (KHTML, like Gecko) Chrome/58.0.3029.110 Safari/537.36',
  'accept' => 'text/html,application/xhtml+xml,application/xml;q=0.9,image/webp,*/*;q=0.8',
  'accept-encoding' => 'gzip, deflate, sdch',
  'accept-language' => 'zh-CN,zh;q=0.8',
  'cookie' => 'thinkphp_show_page_trace=0|0; PHPSESSID=e2ttks69m4avdichae7o9bus57; thinkphp_show_page_trace=0|0; referer=http%3A%2F%2Fwww.a.com%2Fadmin%2Fcompany%2Findex.html',
)
[ info ] [ PARAM ] array (
  '/Pay/Wlb/pay' => '',
)
[ info ] [ BEHAVIOR ] Run app\behavior\ModuleInit @module_init [ RunTime:0.000000s ]
[ info ] [ RUN ] app\pay\controller\Wlb->pay[ D:\project\default\application\pay\controller\Wlb.php ]
[ info ] [ LOG ] INIT File

---------------------------------------------------------------
[ 2017-07-17T09:13:15+08:00 ] 127.0.0.1 127.0.0.1 GET /favicon.ico
[ log ] www.a.com/favicon.ico [运行时间：0.019001s][吞吐率：52.63req/s] [内存消耗：154.09kb] [文件加载：49]
[ info ] [ BEHAVIOR ] Run app\behavior\AppInit @app_init [ RunTime:0.000000s ]
[ info ] [ LANG ] D:\project\default\vendor\topthink\framework\lang\zh-cn.php
[ info ] [ ROUTE ] array (
  'type' => 'module',
  'module' => 
  array (
    0 => 'favicon.ico',
    1 => NULL,
    2 => NULL,
  ),
)
[ info ] [ HEADER ] array (
  'host' => 'www.a.com',
  'connection' => 'keep-alive',
  'user-agent' => 'Mozilla/5.0 (Windows NT 6.1; WOW64) AppleWebKit/537.36 (KHTML, like Gecko) Chrome/58.0.3029.110 Safari/537.36',
  'accept' => 'image/webp,image/*,*/*;q=0.8',
  'referer' => 'http://www.a.com/Pay/Wlb/pay',
  'accept-encoding' => 'gzip, deflate, sdch',
  'accept-language' => 'zh-CN,zh;q=0.8',
  'cookie' => 'PHPSESSID=e2ttks69m4avdichae7o9bus57; thinkphp_show_page_trace=0|0; referer=http%3A%2F%2Fwww.a.com%2Fadmin%2Fcompany%2Findex.html',
)
[ info ] [ PARAM ] array (
  '/favicon_ico' => '',
)
[ info ] [ LOG ] INIT File

---------------------------------------------------------------
[ 2017-07-17T09:13:17+08:00 ] 127.0.0.1 127.0.0.1 GET /admin/Pub/test1
[ log ] www.a.com/admin/Pub/test1 [运行时间：2.400137s][吞吐率：0.42req/s] [内存消耗：178.97kb] [文件加载：54]
[ info ] [ BEHAVIOR ] Run app\behavior\AppInit @app_init [ RunTime:0.000000s ]
[ info ] [ LANG ] D:\project\default\vendor\topthink\framework\lang\zh-cn.php
[ info ] [ ROUTE ] array (
  'type' => 'module',
  'module' => 
  array (
    0 => 'admin',
    1 => 'Pub',
    2 => 'test1',
  ),
)
[ info ] [ HEADER ] array (
  'host' => 'www.a.com',
  'connection' => 'keep-alive',
  'upgrade-insecure-requests' => '1',
  'user-agent' => 'Mozilla/5.0 (Windows NT 6.1; WOW64) AppleWebKit/537.36 (KHTML, like Gecko) Chrome/58.0.3029.110 Safari/537.36',
  'accept' => 'text/html,application/xhtml+xml,application/xml;q=0.9,image/webp,*/*;q=0.8',
  'accept-encoding' => 'gzip, deflate, sdch',
  'accept-language' => 'zh-CN,zh;q=0.8',
  'cookie' => 'thinkphp_show_page_trace=0|0; PHPSESSID=e2ttks69m4avdichae7o9bus57; thinkphp_show_page_trace=0|0; referer=http%3A%2F%2Fwww.a.com%2Fadmin%2Fcompany%2Findex.html',
)
[ info ] [ PARAM ] array (
  '/admin/Pub/test1' => '',
)
[ info ] [ BEHAVIOR ] Run app\behavior\ModuleInit @module_init [ RunTime:0.000000s ]
[ info ] [ RUN ] app\admin\controller\Pub->test1[ D:\project\default\application\admin\controller\Pub.php ]
[ info ] [ LOG ] INIT File
[ error ] [8]未定义变量: OrderData[D:\project\default\application\admin\controller\Pub.php:123]
[ error ] [8]未定义变量: OrderData[D:\project\default\application\admin\controller\Pub.php:125]

---------------------------------------------------------------
[ 2017-07-17T09:13:17+08:00 ] 127.0.0.1 127.0.0.1 GET /admin
[ log ] www.a.com/admin [运行时间：0.021001s][吞吐率：47.62req/s] [内存消耗：279.91kb] [文件加载：57]
[ info ] [ BEHAVIOR ] Run app\behavior\AppInit @app_init [ RunTime:0.000000s ]
[ info ] [ LANG ] D:\project\default\vendor\topthink\framework\lang\zh-cn.php
[ info ] [ ROUTE ] array (
  'type' => 'module',
  'module' => 
  array (
    0 => 'admin',
    1 => NULL,
    2 => NULL,
  ),
)
[ info ] [ HEADER ] array (
  'host' => 'www.a.com',
  'connection' => 'keep-alive',
  'upgrade-insecure-requests' => '1',
  'user-agent' => 'Mozilla/5.0 (Windows NT 6.1; WOW64) AppleWebKit/537.36 (KHTML, like Gecko) Chrome/58.0.3029.110 Safari/537.36',
  'accept' => 'text/html,application/xhtml+xml,application/xml;q=0.9,image/webp,*/*;q=0.8',
  'referer' => 'http://www.a.com/admin-login.html',
  'accept-encoding' => 'gzip, deflate, sdch',
  'accept-language' => 'zh-CN,zh;q=0.8',
  'cookie' => 'PHPSESSID=e2ttks69m4avdichae7o9bus57; thinkphp_show_page_trace=0|0; referer=http%3A%2F%2Fwww.a.com%2Fadmin%2Fcompany%2Findex.html',
)
[ info ] [ PARAM ] array (
  '/admin' => '',
)
[ info ] [ BEHAVIOR ] Run app\behavior\ModuleInit @module_init [ RunTime:0.000000s ]
[ info ] [ SESSION ] INIT array (
  'id' => '',
  'var_session_id' => '',
  'prefix' => 'think',
  'type' => '',
  'auto_start' => true,
)
[ info ] [ RUN ] app\admin\controller\Index->index[ D:\project\default\application\admin\controller\Index.php ]
[ info ] [ VIEW ] D:\project\default\public/../application/admin\view\index\index.html [ array (
) ]
[ info ] [ LOG ] INIT File

---------------------------------------------------------------
[ 2017-07-17T09:13:18+08:00 ] 127.0.0.1 127.0.0.1 GET /admin/company_home/toolrecord.html
[ log ] www.a.com/admin/company_home/toolrecord.html [运行时间：0.083005s][吞吐率：12.05req/s] [内存消耗：505.72kb] [文件加载：70]
[ info ] [ BEHAVIOR ] Run app\behavior\AppInit @app_init [ RunTime:0.000000s ]
[ info ] [ LANG ] D:\project\default\vendor\topthink\framework\lang\zh-cn.php
[ info ] [ ROUTE ] array (
  'type' => 'module',
  'module' => 
  array (
    0 => 'admin',
    1 => 'company_home',
    2 => 'toolrecord',
  ),
)
[ info ] [ HEADER ] array (
  'host' => 'www.a.com',
  'connection' => 'keep-alive',
  'upgrade-insecure-requests' => '1',
  'user-agent' => 'Mozilla/5.0 (Windows NT 6.1; WOW64) AppleWebKit/537.36 (KHTML, like Gecko) Chrome/58.0.3029.110 Safari/537.36',
  'accept' => 'text/html,application/xhtml+xml,application/xml;q=0.9,image/webp,*/*;q=0.8',
  'referer' => 'http://www.a.com/admin',
  'accept-encoding' => 'gzip, deflate, sdch',
  'accept-language' => 'zh-CN,zh;q=0.8',
  'cookie' => 'PHPSESSID=e2ttks69m4avdichae7o9bus57; thinkphp_show_page_trace=0|0; referer=http%3A%2F%2Fwww.a.com%2Fadmin%2Fcompany%2Findex.html',
)
[ info ] [ PARAM ] array (
  '/admin/company_home/toolrecord_html' => '',
)
[ info ] [ BEHAVIOR ] Run app\behavior\ModuleInit @module_init [ RunTime:0.000000s ]
[ info ] [ SESSION ] INIT array (
  'id' => '',
  'var_session_id' => '',
  'prefix' => 'think',
  'type' => '',
  'auto_start' => true,
)
[ info ] [ RUN ] app\admin\controller\CompanyHome->toolRecord[ D:\project\default\application\admin\controller\CompanyHome.php ]
[ info ] [ DB ] INIT mysql
[ info ] [ VIEW ] D:\project\default\public/../application/admin\view\company_home\tool_record.html [ array (
  0 => 'list',
) ]
[ info ] [ LOG ] INIT File
[ sql ] [ DB ] CONNECT:[ UseTime:0.005001s ] mysql:dbname=snake;host=127.0.0.1;charset=utf8
[ sql ] [ SQL ] SHOW COLUMNS FROM `snake_tool_record` [ RunTime:0.016001s ]
[ sql ] [ SQL ] SELECT COUNT(*) AS tp_count FROM `snake_tool_record` WHERE  `company_id` = 1 LIMIT 1 [ RunTime:0.006000s ]
[ sql ] [ SQL ] SELECT * FROM `snake_tool_record` WHERE  `company_id` = 1 ORDER BY id desc LIMIT 0,10 [ RunTime:0.000000s ]
[ sql ] [ SQL ] SHOW COLUMNS FROM `snake_user` [ RunTime:0.007000s ]
[ sql ] [ SQL ] SELECT * FROM `snake_user` WHERE  `id` = 79 LIMIT 1 [ RunTime:0.000000s ]
[ sql ] [ SQL ] SELECT * FROM `snake_user` WHERE  `id` = 79 LIMIT 1 [ RunTime:0.000000s ]
[ sql ] [ SQL ] SELECT * FROM `snake_user` WHERE  `id` = 463 LIMIT 1 [ RunTime:0.000000s ]
[ sql ] [ SQL ] SELECT * FROM `snake_user` WHERE  `id` = 463 LIMIT 1 [ RunTime:0.000000s ]
[ sql ] [ SQL ] SELECT * FROM `snake_user` WHERE  `id` = 28 LIMIT 1 [ RunTime:0.000000s ]
[ sql ] [ SQL ] SELECT * FROM `snake_user` WHERE  `id` = 28 LIMIT 1 [ RunTime:0.000000s ]
[ sql ] [ SQL ] SELECT * FROM `snake_user` WHERE  `id` = 28 LIMIT 1 [ RunTime:0.000000s ]
[ sql ] [ SQL ] SELECT * FROM `snake_user` WHERE  `id` = 59 LIMIT 1 [ RunTime:0.000000s ]
[ sql ] [ SQL ] SELECT * FROM `snake_user` WHERE  `id` = 59 LIMIT 1 [ RunTime:0.000000s ]
[ sql ] [ SQL ] SELECT * FROM `snake_user` WHERE  `id` = 59 LIMIT 1 [ RunTime:0.000000s ]

---------------------------------------------------------------
[ 2017-07-17T09:31:24+08:00 ] 127.0.0.1 127.0.0.1 GET /admin/Pub/test1
[ log ] www.a.com/admin/Pub/test1 [运行时间：0.125007s][吞吐率：8.00req/s] [内存消耗：179.11kb] [文件加载：54]
[ info ] [ BEHAVIOR ] Run app\behavior\AppInit @app_init [ RunTime:0.001000s ]
[ info ] [ LANG ] D:\project\default\vendor\topthink\framework\lang\zh-cn.php
[ info ] [ ROUTE ] array (
  'type' => 'module',
  'module' => 
  array (
    0 => 'admin',
    1 => 'Pub',
    2 => 'test1',
  ),
)
[ info ] [ HEADER ] array (
  'host' => 'www.a.com',
  'connection' => 'keep-alive',
  'cache-control' => 'max-age=0',
  'upgrade-insecure-requests' => '1',
  'user-agent' => 'Mozilla/5.0 (Windows NT 6.1; WOW64) AppleWebKit/537.36 (KHTML, like Gecko) Chrome/58.0.3029.110 Safari/537.36',
  'accept' => 'text/html,application/xhtml+xml,application/xml;q=0.9,image/webp,*/*;q=0.8',
  'accept-encoding' => 'gzip, deflate, sdch',
  'accept-language' => 'zh-CN,zh;q=0.8',
  'cookie' => 'thinkphp_show_page_trace=0|0; PHPSESSID=e2ttks69m4avdichae7o9bus57; thinkphp_show_page_trace=0|0; referer=http%3A%2F%2Fwww.a.com%2Fadmin%2Fcompany%2Findex.html',
)
[ info ] [ PARAM ] array (
  '/admin/Pub/test1' => '',
)
[ info ] [ BEHAVIOR ] Run app\behavior\ModuleInit @module_init [ RunTime:0.000000s ]
[ info ] [ RUN ] app\admin\controller\Pub->test1[ D:\project\default\application\admin\controller\Pub.php ]
[ info ] [ LOG ] INIT File
[ error ] [8]未定义变量: OrderData[D:\project\default\application\admin\controller\Pub.php:123]
[ error ] [8]未定义变量: OrderData[D:\project\default\application\admin\controller\Pub.php:125]

---------------------------------------------------------------
[ 2017-07-17T09:32:19+08:00 ] 127.0.0.1 127.0.0.1 GET /admin/Pub/test1
[ log ] www.a.com/admin/Pub/test1 [运行时间：0.101006s][吞吐率：9.90req/s] [内存消耗：179.11kb] [文件加载：54]
[ info ] [ BEHAVIOR ] Run app\behavior\AppInit @app_init [ RunTime:0.000000s ]
[ info ] [ LANG ] D:\project\default\vendor\topthink\framework\lang\zh-cn.php
[ info ] [ ROUTE ] array (
  'type' => 'module',
  'module' => 
  array (
    0 => 'admin',
    1 => 'Pub',
    2 => 'test1',
  ),
)
[ info ] [ HEADER ] array (
  'host' => 'www.a.com',
  'connection' => 'keep-alive',
  'cache-control' => 'max-age=0',
  'upgrade-insecure-requests' => '1',
  'user-agent' => 'Mozilla/5.0 (Windows NT 6.1; WOW64) AppleWebKit/537.36 (KHTML, like Gecko) Chrome/58.0.3029.110 Safari/537.36',
  'accept' => 'text/html,application/xhtml+xml,application/xml;q=0.9,image/webp,*/*;q=0.8',
  'accept-encoding' => 'gzip, deflate, sdch',
  'accept-language' => 'zh-CN,zh;q=0.8',
  'cookie' => 'thinkphp_show_page_trace=0|0; PHPSESSID=e2ttks69m4avdichae7o9bus57; thinkphp_show_page_trace=0|0; referer=http%3A%2F%2Fwww.a.com%2Fadmin%2Fcompany%2Findex.html',
)
[ info ] [ PARAM ] array (
  '/admin/Pub/test1' => '',
)
[ info ] [ BEHAVIOR ] Run app\behavior\ModuleInit @module_init [ RunTime:0.001000s ]
[ info ] [ RUN ] app\admin\controller\Pub->test1[ D:\project\default\application\admin\controller\Pub.php ]
[ info ] [ LOG ] INIT File
[ error ] [8]未定义变量: OrderData[D:\project\default\application\admin\controller\Pub.php:123]
[ error ] [8]未定义变量: OrderData[D:\project\default\application\admin\controller\Pub.php:125]

---------------------------------------------------------------
[ 2017-07-17T09:32:22+08:00 ] 127.0.0.1 127.0.0.1 GET /admin/Pub/test1
[ log ] www.a.com/admin/Pub/test1 [运行时间：0.094005s][吞吐率：10.64req/s] [内存消耗：178.19kb] [文件加载：54]
[ info ] [ BEHAVIOR ] Run app\behavior\AppInit @app_init [ RunTime:0.001000s ]
[ info ] [ LANG ] D:\project\default\vendor\topthink\framework\lang\zh-cn.php
[ info ] [ ROUTE ] array (
  'type' => 'module',
  'module' => 
  array (
    0 => 'admin',
    1 => 'Pub',
    2 => 'test1',
  ),
)
[ info ] [ HEADER ] array (
  'host' => 'www.a.com',
  'connection' => 'keep-alive',
  'cache-control' => 'max-age=0',
  'upgrade-insecure-requests' => '1',
  'user-agent' => 'Mozilla/5.0 (Windows NT 6.1; WOW64) AppleWebKit/537.36 (KHTML, like Gecko) Chrome/58.0.3029.110 Safari/537.36',
  'accept' => 'text/html,application/xhtml+xml,application/xml;q=0.9,image/webp,*/*;q=0.8',
  'accept-encoding' => 'gzip, deflate, sdch',
  'accept-language' => 'zh-CN,zh;q=0.8',
  'cookie' => 'thinkphp_show_page_trace=0|0; PHPSESSID=e2ttks69m4avdichae7o9bus57; thinkphp_show_page_trace=0|0; referer=http%3A%2F%2Fwww.a.com%2Fadmin%2Fcompany%2Findex.html',
)
[ info ] [ PARAM ] array (
  '/admin/Pub/test1' => '',
)
[ info ] [ BEHAVIOR ] Run app\behavior\ModuleInit @module_init [ RunTime:0.000000s ]
[ info ] [ RUN ] app\admin\controller\Pub->test1[ D:\project\default\application\admin\controller\Pub.php ]
[ info ] [ LOG ] INIT File
[ error ] [8]未定义变量: OrderData[D:\project\default\application\admin\controller\Pub.php:123]
[ error ] [8]未定义变量: OrderData[D:\project\default\application\admin\controller\Pub.php:125]

---------------------------------------------------------------
[ 2017-07-17T09:32:48+08:00 ] 127.0.0.1 127.0.0.1 GET /admin/Pub/test1
[ log ] www.a.com/admin/Pub/test1 [运行时间：0.163009s][吞吐率：6.13req/s] [内存消耗：178.19kb] [文件加载：54]
[ info ] [ BEHAVIOR ] Run app\behavior\AppInit @app_init [ RunTime:0.000000s ]
[ info ] [ LANG ] D:\project\default\vendor\topthink\framework\lang\zh-cn.php
[ info ] [ ROUTE ] array (
  'type' => 'module',
  'module' => 
  array (
    0 => 'admin',
    1 => 'Pub',
    2 => 'test1',
  ),
)
[ info ] [ HEADER ] array (
  'host' => 'www.a.com',
  'connection' => 'keep-alive',
  'cache-control' => 'max-age=0',
  'upgrade-insecure-requests' => '1',
  'user-agent' => 'Mozilla/5.0 (Windows NT 6.1; WOW64) AppleWebKit/537.36 (KHTML, like Gecko) Chrome/58.0.3029.110 Safari/537.36',
  'accept' => 'text/html,application/xhtml+xml,application/xml;q=0.9,image/webp,*/*;q=0.8',
  'accept-encoding' => 'gzip, deflate, sdch',
  'accept-language' => 'zh-CN,zh;q=0.8',
  'cookie' => 'thinkphp_show_page_trace=0|0; PHPSESSID=e2ttks69m4avdichae7o9bus57; thinkphp_show_page_trace=0|0; referer=http%3A%2F%2Fwww.a.com%2Fadmin%2Fcompany%2Findex.html',
)
[ info ] [ PARAM ] array (
  '/admin/Pub/test1' => '',
)
[ info ] [ BEHAVIOR ] Run app\behavior\ModuleInit @module_init [ RunTime:0.000000s ]
[ info ] [ RUN ] app\admin\controller\Pub->test1[ D:\project\default\application\admin\controller\Pub.php ]
[ info ] [ LOG ] INIT File
[ error ] [8]未定义变量: OrderData[D:\project\default\application\admin\controller\Pub.php:123]
[ error ] [8]未定义变量: OrderData[D:\project\default\application\admin\controller\Pub.php:125]

---------------------------------------------------------------
[ 2017-07-17T09:33:07+08:00 ] 127.0.0.1 127.0.0.1 GET /admin/Pub/test1
[ log ] www.a.com/admin/Pub/test1 [运行时间：0.097005s][吞吐率：10.31req/s] [内存消耗：178.19kb] [文件加载：54]
[ info ] [ BEHAVIOR ] Run app\behavior\AppInit @app_init [ RunTime:0.000000s ]
[ info ] [ LANG ] D:\project\default\vendor\topthink\framework\lang\zh-cn.php
[ info ] [ ROUTE ] array (
  'type' => 'module',
  'module' => 
  array (
    0 => 'admin',
    1 => 'Pub',
    2 => 'test1',
  ),
)
[ info ] [ HEADER ] array (
  'host' => 'www.a.com',
  'connection' => 'keep-alive',
  'cache-control' => 'max-age=0',
  'upgrade-insecure-requests' => '1',
  'user-agent' => 'Mozilla/5.0 (Windows NT 6.1; WOW64) AppleWebKit/537.36 (KHTML, like Gecko) Chrome/58.0.3029.110 Safari/537.36',
  'accept' => 'text/html,application/xhtml+xml,application/xml;q=0.9,image/webp,*/*;q=0.8',
  'accept-encoding' => 'gzip, deflate, sdch',
  'accept-language' => 'zh-CN,zh;q=0.8',
  'cookie' => 'thinkphp_show_page_trace=0|0; PHPSESSID=e2ttks69m4avdichae7o9bus57; thinkphp_show_page_trace=0|0; referer=http%3A%2F%2Fwww.a.com%2Fadmin%2Fcompany%2Findex.html',
)
[ info ] [ PARAM ] array (
  '/admin/Pub/test1' => '',
)
[ info ] [ BEHAVIOR ] Run app\behavior\ModuleInit @module_init [ RunTime:0.001000s ]
[ info ] [ RUN ] app\admin\controller\Pub->test1[ D:\project\default\application\admin\controller\Pub.php ]
[ info ] [ LOG ] INIT File
[ error ] [8]未定义变量: OrderData[D:\project\default\application\admin\controller\Pub.php:123]
[ error ] [8]未定义变量: OrderData[D:\project\default\application\admin\controller\Pub.php:125]

---------------------------------------------------------------
[ 2017-07-17T09:33:39+08:00 ] 127.0.0.1 127.0.0.1 GET /admin/Pub/test1
[ log ] www.a.com/admin/Pub/test1 [运行时间：2.574147s][吞吐率：0.39req/s] [内存消耗：178.19kb] [文件加载：54]
[ info ] [ BEHAVIOR ] Run app\behavior\AppInit @app_init [ RunTime:0.001000s ]
[ info ] [ LANG ] D:\project\default\vendor\topthink\framework\lang\zh-cn.php
[ info ] [ ROUTE ] array (
  'type' => 'module',
  'module' => 
  array (
    0 => 'admin',
    1 => 'Pub',
    2 => 'test1',
  ),
)
[ info ] [ HEADER ] array (
  'host' => 'www.a.com',
  'connection' => 'keep-alive',
  'cache-control' => 'max-age=0',
  'upgrade-insecure-requests' => '1',
  'user-agent' => 'Mozilla/5.0 (Windows NT 6.1; WOW64) AppleWebKit/537.36 (KHTML, like Gecko) Chrome/58.0.3029.110 Safari/537.36',
  'accept' => 'text/html,application/xhtml+xml,application/xml;q=0.9,image/webp,*/*;q=0.8',
  'accept-encoding' => 'gzip, deflate, sdch',
  'accept-language' => 'zh-CN,zh;q=0.8',
  'cookie' => 'thinkphp_show_page_trace=0|0; PHPSESSID=e2ttks69m4avdichae7o9bus57; thinkphp_show_page_trace=0|0; referer=http%3A%2F%2Fwww.a.com%2Fadmin%2Fcompany%2Findex.html',
)
[ info ] [ PARAM ] array (
  '/admin/Pub/test1' => '',
)
[ info ] [ BEHAVIOR ] Run app\behavior\ModuleInit @module_init [ RunTime:0.000000s ]
[ info ] [ RUN ] app\admin\controller\Pub->test1[ D:\project\default\application\admin\controller\Pub.php ]
[ info ] [ LOG ] INIT File
[ error ] [8]未定义变量: OrderData[D:\project\default\application\admin\controller\Pub.php:123]
[ error ] [8]未定义变量: OrderData[D:\project\default\application\admin\controller\Pub.php:125]

---------------------------------------------------------------
[ 2017-07-17T10:59:23+08:00 ] 127.0.0.1 127.0.0.1 GET /admin
[ log ] www.a.com/admin [运行时间：0.023001s][吞吐率：43.48req/s] [内存消耗：214.48kb] [文件加载：57]
[ info ] [ BEHAVIOR ] Run app\behavior\AppInit @app_init [ RunTime:0.000000s ]
[ info ] [ LANG ] D:\project\default\vendor\topthink\framework\lang\zh-cn.php
[ info ] [ ROUTE ] array (
  'type' => 'module',
  'module' => 
  array (
    0 => 'admin',
    1 => NULL,
    2 => NULL,
  ),
)
[ info ] [ HEADER ] array (
  'host' => 'www.a.com',
  'connection' => 'keep-alive',
  'upgrade-insecure-requests' => '1',
  'user-agent' => 'Mozilla/5.0 (Windows NT 6.1; WOW64) AppleWebKit/537.36 (KHTML, like Gecko) Chrome/58.0.3029.110 Safari/537.36',
  'accept' => 'text/html,application/xhtml+xml,application/xml;q=0.9,image/webp,*/*;q=0.8',
  'referer' => 'http://www.a.com/admin-login.html',
  'accept-encoding' => 'gzip, deflate, sdch',
  'accept-language' => 'zh-CN,zh;q=0.8',
  'cookie' => 'PHPSESSID=e2ttks69m4avdichae7o9bus57; thinkphp_show_page_trace=0|0; referer=http%3A%2F%2Fwww.a.com%2Fadmin%2Fcompany%2Findex.html',
)
[ info ] [ PARAM ] array (
  '/admin' => '',
)
[ info ] [ BEHAVIOR ] Run app\behavior\ModuleInit @module_init [ RunTime:0.000000s ]
[ info ] [ SESSION ] INIT array (
  'id' => '',
  'var_session_id' => '',
  'prefix' => 'think',
  'type' => '',
  'auto_start' => true,
)
[ info ] [ RUN ] app\admin\controller\Index->index[ D:\project\default\application\admin\controller\Index.php ]
[ info ] [ VIEW ] D:\project\default\public/../application/admin\view\index\index.html [ array (
) ]
[ info ] [ LOG ] INIT File

---------------------------------------------------------------
[ 2017-07-17T10:59:23+08:00 ] 127.0.0.1 127.0.0.1 GET /admin/company_home/toolrecord.html
[ log ] www.a.com/admin/company_home/toolrecord.html [运行时间：0.047002s][吞吐率：21.28req/s] [内存消耗：439.23kb] [文件加载：70]
[ info ] [ BEHAVIOR ] Run app\behavior\AppInit @app_init [ RunTime:0.000000s ]
[ info ] [ LANG ] D:\project\default\vendor\topthink\framework\lang\zh-cn.php
[ info ] [ ROUTE ] array (
  'type' => 'module',
  'module' => 
  array (
    0 => 'admin',
    1 => 'company_home',
    2 => 'toolrecord',
  ),
)
[ info ] [ HEADER ] array (
  'host' => 'www.a.com',
  'connection' => 'keep-alive',
  'upgrade-insecure-requests' => '1',
  'user-agent' => 'Mozilla/5.0 (Windows NT 6.1; WOW64) AppleWebKit/537.36 (KHTML, like Gecko) Chrome/58.0.3029.110 Safari/537.36',
  'accept' => 'text/html,application/xhtml+xml,application/xml;q=0.9,image/webp,*/*;q=0.8',
  'referer' => 'http://www.a.com/admin',
  'accept-encoding' => 'gzip, deflate, sdch',
  'accept-language' => 'zh-CN,zh;q=0.8',
  'cookie' => 'PHPSESSID=e2ttks69m4avdichae7o9bus57; thinkphp_show_page_trace=0|0; referer=http%3A%2F%2Fwww.a.com%2Fadmin%2Fcompany%2Findex.html',
)
[ info ] [ PARAM ] array (
  '/admin/company_home/toolrecord_html' => '',
)
[ info ] [ BEHAVIOR ] Run app\behavior\ModuleInit @module_init [ RunTime:0.000000s ]
[ info ] [ SESSION ] INIT array (
  'id' => '',
  'var_session_id' => '',
  'prefix' => 'think',
  'type' => '',
  'auto_start' => true,
)
[ info ] [ RUN ] app\admin\controller\CompanyHome->toolRecord[ D:\project\default\application\admin\controller\CompanyHome.php ]
[ info ] [ DB ] INIT mysql
[ info ] [ VIEW ] D:\project\default\public/../application/admin\view\company_home\tool_record.html [ array (
  0 => 'list',
) ]
[ info ] [ LOG ] INIT File
[ sql ] [ DB ] CONNECT:[ UseTime:0.004001s ] mysql:dbname=snake;host=127.0.0.1;charset=utf8
[ sql ] [ SQL ] SHOW COLUMNS FROM `snake_tool_record` [ RunTime:0.005000s ]
[ sql ] [ SQL ] SELECT COUNT(*) AS tp_count FROM `snake_tool_record` WHERE  `company_id` = 1 LIMIT 1 [ RunTime:0.002000s ]
[ sql ] [ SQL ] SELECT * FROM `snake_tool_record` WHERE  `company_id` = 1 ORDER BY id desc LIMIT 0,10 [ RunTime:0.000000s ]
[ sql ] [ SQL ] SHOW COLUMNS FROM `snake_user` [ RunTime:0.004000s ]
[ sql ] [ SQL ] SELECT * FROM `snake_user` WHERE  `id` = 79 LIMIT 1 [ RunTime:0.000000s ]
[ sql ] [ SQL ] SELECT * FROM `snake_user` WHERE  `id` = 79 LIMIT 1 [ RunTime:0.000000s ]
[ sql ] [ SQL ] SELECT * FROM `snake_user` WHERE  `id` = 463 LIMIT 1 [ RunTime:0.000000s ]
[ sql ] [ SQL ] SELECT * FROM `snake_user` WHERE  `id` = 463 LIMIT 1 [ RunTime:0.002000s ]
[ sql ] [ SQL ] SELECT * FROM `snake_user` WHERE  `id` = 28 LIMIT 1 [ RunTime:0.001000s ]
[ sql ] [ SQL ] SELECT * FROM `snake_user` WHERE  `id` = 28 LIMIT 1 [ RunTime:0.000000s ]
[ sql ] [ SQL ] SELECT * FROM `snake_user` WHERE  `id` = 28 LIMIT 1 [ RunTime:0.000000s ]
[ sql ] [ SQL ] SELECT * FROM `snake_user` WHERE  `id` = 59 LIMIT 1 [ RunTime:0.000000s ]
[ sql ] [ SQL ] SELECT * FROM `snake_user` WHERE  `id` = 59 LIMIT 1 [ RunTime:0.000000s ]
[ sql ] [ SQL ] SELECT * FROM `snake_user` WHERE  `id` = 59 LIMIT 1 [ RunTime:0.001000s ]

---------------------------------------------------------------
[ 2017-07-17T10:59:33+08:00 ] 127.0.0.1 127.0.0.1 GET /admin/Pub/test1
[ log ] www.a.com/admin/Pub/test1 [运行时间：2.091120s][吞吐率：0.48req/s] [内存消耗：179.11kb] [文件加载：54]
[ info ] [ BEHAVIOR ] Run app\behavior\AppInit @app_init [ RunTime:0.000000s ]
[ info ] [ LANG ] D:\project\default\vendor\topthink\framework\lang\zh-cn.php
[ info ] [ ROUTE ] array (
  'type' => 'module',
  'module' => 
  array (
    0 => 'admin',
    1 => 'Pub',
    2 => 'test1',
  ),
)
[ info ] [ HEADER ] array (
  'host' => 'www.a.com',
  'connection' => 'keep-alive',
  'cache-control' => 'max-age=0',
  'upgrade-insecure-requests' => '1',
  'user-agent' => 'Mozilla/5.0 (Windows NT 6.1; WOW64) AppleWebKit/537.36 (KHTML, like Gecko) Chrome/58.0.3029.110 Safari/537.36',
  'accept' => 'text/html,application/xhtml+xml,application/xml;q=0.9,image/webp,*/*;q=0.8',
  'accept-encoding' => 'gzip, deflate, sdch',
  'accept-language' => 'zh-CN,zh;q=0.8',
  'cookie' => 'thinkphp_show_page_trace=0|0; PHPSESSID=e2ttks69m4avdichae7o9bus57; thinkphp_show_page_trace=0|0; referer=http%3A%2F%2Fwww.a.com%2Fadmin%2Fcompany%2Findex.html',
)
[ info ] [ PARAM ] array (
  '/admin/Pub/test1' => '',
)
[ info ] [ BEHAVIOR ] Run app\behavior\ModuleInit @module_init [ RunTime:0.000000s ]
[ info ] [ RUN ] app\admin\controller\Pub->test1[ D:\project\default\application\admin\controller\Pub.php ]
[ info ] [ LOG ] INIT File
[ error ] [8]未定义变量: OrderData[D:\project\default\application\admin\controller\Pub.php:123]
[ error ] [8]未定义变量: OrderData[D:\project\default\application\admin\controller\Pub.php:125]

---------------------------------------------------------------
[ 2017-07-17T14:13:51+08:00 ] 127.0.0.1 127.0.0.1 GET /admin/Pub/test1
[ log ] www.a.com/admin/Pub/test1 [运行时间：3.960227s][吞吐率：0.25req/s] [内存消耗：179.11kb] [文件加载：54]
[ info ] [ BEHAVIOR ] Run app\behavior\AppInit @app_init [ RunTime:0.000000s ]
[ info ] [ LANG ] D:\project\default\vendor\topthink\framework\lang\zh-cn.php
[ info ] [ ROUTE ] array (
  'type' => 'module',
  'module' => 
  array (
    0 => 'admin',
    1 => 'Pub',
    2 => 'test1',
  ),
)
[ info ] [ HEADER ] array (
  'host' => 'www.a.com',
  'connection' => 'keep-alive',
  'cache-control' => 'max-age=0',
  'upgrade-insecure-requests' => '1',
  'user-agent' => 'Mozilla/5.0 (Windows NT 6.1; WOW64) AppleWebKit/537.36 (KHTML, like Gecko) Chrome/58.0.3029.110 Safari/537.36',
  'accept' => 'text/html,application/xhtml+xml,application/xml;q=0.9,image/webp,*/*;q=0.8',
  'accept-encoding' => 'gzip, deflate, sdch',
  'accept-language' => 'zh-CN,zh;q=0.8',
  'cookie' => 'thinkphp_show_page_trace=0|0; PHPSESSID=e2ttks69m4avdichae7o9bus57; thinkphp_show_page_trace=0|0; referer=http%3A%2F%2Fwww.a.com%2Fadmin%2Fcompany%2Findex.html',
)
[ info ] [ PARAM ] array (
  '/admin/Pub/test1' => '',
)
[ info ] [ BEHAVIOR ] Run app\behavior\ModuleInit @module_init [ RunTime:0.001000s ]
[ info ] [ RUN ] app\admin\controller\Pub->test1[ D:\project\default\application\admin\controller\Pub.php ]
[ info ] [ LOG ] INIT File
[ error ] [8]未定义变量: OrderData[D:\project\default\application\admin\controller\Pub.php:123]
[ error ] [8]未定义变量: OrderData[D:\project\default\application\admin\controller\Pub.php:125]

---------------------------------------------------------------
[ 2017-07-17T14:16:12+08:00 ] 127.0.0.1 127.0.0.1 GET /admin/Pub/test1
[ log ] www.a.com/admin/Pub/test1 [运行时间：0.872050s][吞吐率：1.15req/s] [内存消耗：178.70kb] [文件加载：54]
[ info ] [ BEHAVIOR ] Run app\behavior\AppInit @app_init [ RunTime:0.001000s ]
[ info ] [ LANG ] D:\project\default\vendor\topthink\framework\lang\zh-cn.php
[ info ] [ ROUTE ] array (
  'type' => 'module',
  'module' => 
  array (
    0 => 'admin',
    1 => 'Pub',
    2 => 'test1',
  ),
)
[ info ] [ HEADER ] array (
  'host' => 'www.a.com',
  'connection' => 'keep-alive',
  'upgrade-insecure-requests' => '1',
  'user-agent' => 'Mozilla/5.0 (Windows NT 6.1; WOW64) AppleWebKit/537.36 (KHTML, like Gecko) Chrome/58.0.3029.110 Safari/537.36',
  'accept' => 'text/html,application/xhtml+xml,application/xml;q=0.9,image/webp,*/*;q=0.8',
  'accept-encoding' => 'gzip, deflate, sdch',
  'accept-language' => 'zh-CN,zh;q=0.8',
  'cookie' => 'thinkphp_show_page_trace=0|0; PHPSESSID=e2ttks69m4avdichae7o9bus57; thinkphp_show_page_trace=0|0; referer=http%3A%2F%2Fwww.a.com%2Fadmin%2Fcompany%2Findex.html',
)
[ info ] [ PARAM ] array (
  '/admin/Pub/test1' => '',
)
[ info ] [ BEHAVIOR ] Run app\behavior\ModuleInit @module_init [ RunTime:0.000000s ]
[ info ] [ RUN ] app\admin\controller\Pub->test1[ D:\project\default\application\admin\controller\Pub.php ]
[ info ] [ LOG ] INIT File
[ error ] [8]未定义变量: OrderData[D:\project\default\application\admin\controller\Pub.php:123]
[ error ] [8]未定义变量: OrderData[D:\project\default\application\admin\controller\Pub.php:125]

---------------------------------------------------------------
[ 2017-07-17T14:16:20+08:00 ] 127.0.0.1 127.0.0.1 GET /admin/Pub/test1
[ log ] www.a.com/admin/Pub/test1 [运行时间：0.095005s][吞吐率：10.53req/s] [内存消耗：178.19kb] [文件加载：54]
[ info ] [ BEHAVIOR ] Run app\behavior\AppInit @app_init [ RunTime:0.000000s ]
[ info ] [ LANG ] D:\project\default\vendor\topthink\framework\lang\zh-cn.php
[ info ] [ ROUTE ] array (
  'type' => 'module',
  'module' => 
  array (
    0 => 'admin',
    1 => 'Pub',
    2 => 'test1',
  ),
)
[ info ] [ HEADER ] array (
  'host' => 'www.a.com',
  'connection' => 'keep-alive',
  'cache-control' => 'max-age=0',
  'upgrade-insecure-requests' => '1',
  'user-agent' => 'Mozilla/5.0 (Windows NT 6.1; WOW64) AppleWebKit/537.36 (KHTML, like Gecko) Chrome/58.0.3029.110 Safari/537.36',
  'accept' => 'text/html,application/xhtml+xml,application/xml;q=0.9,image/webp,*/*;q=0.8',
  'accept-encoding' => 'gzip, deflate, sdch',
  'accept-language' => 'zh-CN,zh;q=0.8',
  'cookie' => 'thinkphp_show_page_trace=0|0; PHPSESSID=e2ttks69m4avdichae7o9bus57; thinkphp_show_page_trace=0|0; referer=http%3A%2F%2Fwww.a.com%2Fadmin%2Fcompany%2Findex.html',
)
[ info ] [ PARAM ] array (
  '/admin/Pub/test1' => '',
)
[ info ] [ BEHAVIOR ] Run app\behavior\ModuleInit @module_init [ RunTime:0.000000s ]
[ info ] [ RUN ] app\admin\controller\Pub->test1[ D:\project\default\application\admin\controller\Pub.php ]
[ info ] [ LOG ] INIT File
[ error ] [8]未定义变量: OrderData[D:\project\default\application\admin\controller\Pub.php:123]
[ error ] [8]未定义变量: OrderData[D:\project\default\application\admin\controller\Pub.php:125]

---------------------------------------------------------------
[ 2017-07-17T14:16:29+08:00 ] 127.0.0.1 127.0.0.1 GET /admin/Pub/test1
[ log ] www.a.com/admin/Pub/test1 [运行时间：5.195297s][吞吐率：0.19req/s] [内存消耗：179.11kb] [文件加载：54]
[ info ] [ BEHAVIOR ] Run app\behavior\AppInit @app_init [ RunTime:0.000000s ]
[ info ] [ LANG ] D:\project\default\vendor\topthink\framework\lang\zh-cn.php
[ info ] [ ROUTE ] array (
  'type' => 'module',
  'module' => 
  array (
    0 => 'admin',
    1 => 'Pub',
    2 => 'test1',
  ),
)
[ info ] [ HEADER ] array (
  'host' => 'www.a.com',
  'connection' => 'keep-alive',
  'cache-control' => 'max-age=0',
  'upgrade-insecure-requests' => '1',
  'user-agent' => 'Mozilla/5.0 (Windows NT 6.1; WOW64) AppleWebKit/537.36 (KHTML, like Gecko) Chrome/58.0.3029.110 Safari/537.36',
  'accept' => 'text/html,application/xhtml+xml,application/xml;q=0.9,image/webp,*/*;q=0.8',
  'accept-encoding' => 'gzip, deflate, sdch',
  'accept-language' => 'zh-CN,zh;q=0.8',
  'cookie' => 'thinkphp_show_page_trace=0|0; PHPSESSID=e2ttks69m4avdichae7o9bus57; thinkphp_show_page_trace=0|0; referer=http%3A%2F%2Fwww.a.com%2Fadmin%2Fcompany%2Findex.html',
)
[ info ] [ PARAM ] array (
  '/admin/Pub/test1' => '',
)
[ info ] [ BEHAVIOR ] Run app\behavior\ModuleInit @module_init [ RunTime:0.000000s ]
[ info ] [ RUN ] app\admin\controller\Pub->test1[ D:\project\default\application\admin\controller\Pub.php ]
[ info ] [ LOG ] INIT File
[ error ] [8]未定义变量: OrderData[D:\project\default\application\admin\controller\Pub.php:123]
[ error ] [8]未定义变量: OrderData[D:\project\default\application\admin\controller\Pub.php:125]

---------------------------------------------------------------
[ 2017-07-17T14:28:42+08:00 ] 127.0.0.1 127.0.0.1 GET /admin
[ log ] www.a.com/admin [运行时间：0.026002s][吞吐率：38.46req/s] [内存消耗：214.54kb] [文件加载：57]
[ info ] [ BEHAVIOR ] Run app\behavior\AppInit @app_init [ RunTime:0.000000s ]
[ info ] [ LANG ] D:\project\default\vendor\topthink\framework\lang\zh-cn.php
[ info ] [ ROUTE ] array (
  'type' => 'module',
  'module' => 
  array (
    0 => 'admin',
    1 => NULL,
    2 => NULL,
  ),
)
[ info ] [ HEADER ] array (
  'host' => 'www.a.com',
  'connection' => 'keep-alive',
  'cache-control' => 'max-age=0',
  'upgrade-insecure-requests' => '1',
  'user-agent' => 'Mozilla/5.0 (Windows NT 6.1; WOW64) AppleWebKit/537.36 (KHTML, like Gecko) Chrome/58.0.3029.110 Safari/537.36',
  'accept' => 'text/html,application/xhtml+xml,application/xml;q=0.9,image/webp,*/*;q=0.8',
  'referer' => 'http://www.a.com/admin-login.html',
  'accept-encoding' => 'gzip, deflate, sdch',
  'accept-language' => 'zh-CN,zh;q=0.8',
  'cookie' => 'PHPSESSID=e2ttks69m4avdichae7o9bus57; thinkphp_show_page_trace=0|0; referer=http%3A%2F%2Fwww.a.com%2Fadmin%2Fcompany%2Findex.html',
)
[ info ] [ PARAM ] array (
  '/admin' => '',
)
[ info ] [ BEHAVIOR ] Run app\behavior\ModuleInit @module_init [ RunTime:0.000000s ]
[ info ] [ SESSION ] INIT array (
  'id' => '',
  'var_session_id' => '',
  'prefix' => 'think',
  'type' => '',
  'auto_start' => true,
)
[ info ] [ RUN ] app\admin\controller\Index->index[ D:\project\default\application\admin\controller\Index.php ]
[ info ] [ VIEW ] D:\project\default\public/../application/admin\view\index\index.html [ array (
) ]
[ info ] [ LOG ] INIT File

---------------------------------------------------------------
[ 2017-07-17T14:28:42+08:00 ] 127.0.0.1 127.0.0.1 GET /admin/company_home/index.html
[ log ] www.a.com/admin/company_home/index.html [运行时间：0.034002s][吞吐率：29.41req/s] [内存消耗：366.52kb] [文件加载：63]
[ info ] [ BEHAVIOR ] Run app\behavior\AppInit @app_init [ RunTime:0.000000s ]
[ info ] [ LANG ] D:\project\default\vendor\topthink\framework\lang\zh-cn.php
[ info ] [ ROUTE ] array (
  'type' => 'module',
  'module' => 
  array (
    0 => 'admin',
    1 => 'company_home',
    2 => 'index',
  ),
)
[ info ] [ HEADER ] array (
  'host' => 'www.a.com',
  'connection' => 'keep-alive',
  'upgrade-insecure-requests' => '1',
  'user-agent' => 'Mozilla/5.0 (Windows NT 6.1; WOW64) AppleWebKit/537.36 (KHTML, like Gecko) Chrome/58.0.3029.110 Safari/537.36',
  'accept' => 'text/html,application/xhtml+xml,application/xml;q=0.9,image/webp,*/*;q=0.8',
  'referer' => 'http://www.a.com/admin',
  'accept-encoding' => 'gzip, deflate, sdch',
  'accept-language' => 'zh-CN,zh;q=0.8',
  'cookie' => 'PHPSESSID=e2ttks69m4avdichae7o9bus57; thinkphp_show_page_trace=0|0; referer=http%3A%2F%2Fwww.a.com%2Fadmin%2Fcompany%2Findex.html',
)
[ info ] [ PARAM ] array (
  '/admin/company_home/index_html' => '',
)
[ info ] [ BEHAVIOR ] Run app\behavior\ModuleInit @module_init [ RunTime:0.000000s ]
[ info ] [ SESSION ] INIT array (
  'id' => '',
  'var_session_id' => '',
  'prefix' => 'think',
  'type' => '',
  'auto_start' => true,
)
[ info ] [ RUN ] app\admin\controller\CompanyHome->index[ D:\project\default\application\admin\controller\CompanyHome.php ]
[ info ] [ DB ] INIT mysql
[ info ] [ VIEW ] D:\project\default\public/../application/admin\view\company_home\index.html [ array (
  0 => 'company',
) ]
[ info ] [ LOG ] INIT File
[ sql ] [ DB ] CONNECT:[ UseTime:0.001000s ] mysql:dbname=snake;host=127.0.0.1;charset=utf8
[ sql ] [ SQL ] SHOW COLUMNS FROM `snake_admin_company` [ RunTime:0.015001s ]
[ sql ] [ SQL ] SELECT * FROM `snake_admin_company` WHERE  `id` = 1 LIMIT 1 [ RunTime:0.000000s ]

---------------------------------------------------------------
[ 2017-07-17T14:28:47+08:00 ] 127.0.0.1 127.0.0.1 GET /admin/pub/tab.html?op=%E5%A5%96%E5%93%81,LuckDraw/prizeGoods;%E6%96%B0%E5%A2%9E%E5%A5%96%E5%93%81,LuckDraw/prizeGoodsAdd
[ log ] www.a.com/admin/pub/tab.html?op=%E5%A5%96%E5%93%81,LuckDraw/prizeGoods;%E6%96%B0%E5%A2%9E%E5%A5%96%E5%93%81,LuckDraw/prizeGoodsAdd [运行时间：0.021001s][吞吐率：47.62req/s] [内存消耗：178.09kb] [文件加载：53]
[ info ] [ BEHAVIOR ] Run app\behavior\AppInit @app_init [ RunTime:0.001000s ]
[ info ] [ LANG ] D:\project\default\vendor\topthink\framework\lang\zh-cn.php
[ info ] [ ROUTE ] array (
  'type' => 'module',
  'module' => 
  array (
    0 => 'admin',
    1 => 'pub',
    2 => 'tab',
  ),
)
[ info ] [ HEADER ] array (
  'host' => 'www.a.com',
  'connection' => 'keep-alive',
  'upgrade-insecure-requests' => '1',
  'user-agent' => 'Mozilla/5.0 (Windows NT 6.1; WOW64) AppleWebKit/537.36 (KHTML, like Gecko) Chrome/58.0.3029.110 Safari/537.36',
  'accept' => 'text/html,application/xhtml+xml,application/xml;q=0.9,image/webp,*/*;q=0.8',
  'referer' => 'http://www.a.com/admin',
  'accept-encoding' => 'gzip, deflate, sdch',
  'accept-language' => 'zh-CN,zh;q=0.8',
  'cookie' => 'PHPSESSID=e2ttks69m4avdichae7o9bus57; thinkphp_show_page_trace=0|0; referer=http%3A%2F%2Fwww.a.com%2Fadmin%2Fcompany%2Findex.html',
)
[ info ] [ PARAM ] array (
  '/admin/pub/tab_html' => '',
  'op' => '奖品,LuckDraw/prizeGoods;新增奖品,LuckDraw/prizeGoodsAdd',
)
[ info ] [ BEHAVIOR ] Run app\behavior\ModuleInit @module_init [ RunTime:0.000000s ]
[ info ] [ RUN ] app\admin\controller\Pub->tab[ D:\project\default\application\admin\controller\Pub.php ]
[ info ] [ VIEW ] D:\project\default\public/../application/admin\view\pub\tab.html [ array (
  0 => 'list',
) ]
[ info ] [ LOG ] INIT File

---------------------------------------------------------------
[ 2017-07-17T14:28:47+08:00 ] 127.0.0.1 127.0.0.1 GET /admin/luck_draw/prizegoods.html
[ log ] www.a.com/admin/luck_draw/prizegoods.html [运行时间：0.034002s][吞吐率：29.41req/s] [内存消耗：402.03kb] [文件加载：67]
[ info ] [ BEHAVIOR ] Run app\behavior\AppInit @app_init [ RunTime:0.000000s ]
[ info ] [ LANG ] D:\project\default\vendor\topthink\framework\lang\zh-cn.php
[ info ] [ ROUTE ] array (
  'type' => 'module',
  'module' => 
  array (
    0 => 'admin',
    1 => 'luck_draw',
    2 => 'prizegoods',
  ),
)
[ info ] [ HEADER ] array (
  'host' => 'www.a.com',
  'connection' => 'keep-alive',
  'upgrade-insecure-requests' => '1',
  'user-agent' => 'Mozilla/5.0 (Windows NT 6.1; WOW64) AppleWebKit/537.36 (KHTML, like Gecko) Chrome/58.0.3029.110 Safari/537.36',
  'accept' => 'text/html,application/xhtml+xml,application/xml;q=0.9,image/webp,*/*;q=0.8',
  'referer' => 'http://www.a.com/admin/pub/tab.html?op=%E5%A5%96%E5%93%81,LuckDraw/prizeGoods;%E6%96%B0%E5%A2%9E%E5%A5%96%E5%93%81,LuckDraw/prizeGoodsAdd',
  'accept-encoding' => 'gzip, deflate, sdch',
  'accept-language' => 'zh-CN,zh;q=0.8',
  'cookie' => 'PHPSESSID=e2ttks69m4avdichae7o9bus57; thinkphp_show_page_trace=0|0; referer=http%3A%2F%2Fwww.a.com%2Fadmin%2Fcompany%2Findex.html',
)
[ info ] [ PARAM ] array (
  '/admin/luck_draw/prizegoods_html' => '',
)
[ info ] [ BEHAVIOR ] Run app\behavior\ModuleInit @module_init [ RunTime:0.000000s ]
[ info ] [ SESSION ] INIT array (
  'id' => '',
  'var_session_id' => '',
  'prefix' => 'think',
  'type' => '',
  'auto_start' => true,
)
[ info ] [ RUN ] app\admin\controller\LuckDraw->prizeGoods[ D:\project\default\application\admin\controller\LuckDraw.php ]
[ info ] [ DB ] INIT mysql
[ info ] [ VIEW ] D:\project\default\public/../application/admin\view\luck_draw\prize_goods.html [ array (
  0 => 'list',
) ]
[ info ] [ LOG ] INIT File
[ sql ] [ DB ] CONNECT:[ UseTime:0.003000s ] mysql:dbname=snake;host=127.0.0.1;charset=utf8
[ sql ] [ SQL ] SHOW COLUMNS FROM `snake_lucky_goods_spoil` [ RunTime:0.009000s ]
[ sql ] [ SQL ] SELECT COUNT(*) AS tp_count FROM `snake_lucky_goods_spoil` WHERE  `company_id` = 1 LIMIT 1 [ RunTime:0.001001s ]
[ sql ] [ SQL ] SELECT * FROM `snake_lucky_goods_spoil` WHERE  `company_id` = 1 ORDER BY spoil_id desc LIMIT 0,30 [ RunTime:0.001000s ]

---------------------------------------------------------------
[ 2017-07-17T14:28:48+08:00 ] 127.0.0.1 127.0.0.1 GET /api/wx/qrcode?userId=&companyId=b050e50d41e049ad32f13bcd3d763787
[ log ] www.a.com/api/wx/qrcode?userId=&companyId=b050e50d41e049ad32f13bcd3d763787 [运行时间：5.192297s][吞吐率：0.19req/s] [内存消耗：681.76kb] [文件加载：137]
[ info ] [ BEHAVIOR ] Run app\behavior\AppInit @app_init [ RunTime:0.000000s ]
[ info ] [ LANG ] D:\project\default\vendor\topthink\framework\lang\zh-cn.php
[ info ] [ ROUTE ] array (
  'type' => 'module',
  'module' => 
  array (
    0 => 'api',
    1 => 'wx',
    2 => 'qrcode',
  ),
)
[ info ] [ HEADER ] array (
  'host' => 'www.a.com',
  'connection' => 'keep-alive',
  'accept' => '*/*',
  'x-requested-with' => 'XMLHttpRequest',
  'user-agent' => 'Mozilla/5.0 (Windows NT 6.1; WOW64) AppleWebKit/537.36 (KHTML, like Gecko) Chrome/58.0.3029.110 Safari/537.36',
  'referer' => 'http://www.a.com/admin/company_home/index.html',
  'accept-encoding' => 'gzip, deflate, sdch',
  'accept-language' => 'zh-CN,zh;q=0.8',
  'cookie' => 'thinkphp_show_page_trace=0|0; PHPSESSID=e2ttks69m4avdichae7o9bus57; thinkphp_show_page_trace=0|0; referer=http%3A%2F%2Fwww.a.com%2Fadmin%2Fcompany%2Findex.html',
)
[ info ] [ PARAM ] array (
  '/api/wx/qrcode' => '',
  'userId' => '',
  'companyId' => 'b050e50d41e049ad32f13bcd3d763787',
)
[ info ] [ BEHAVIOR ] Run app\behavior\ModuleInit @module_init [ RunTime:0.000000s ]
[ info ] [ RUN ] app\api\controller\Wx->qrcode[ D:\project\default\application\api\controller\Wx.php ]
[ info ] [ DB ] INIT mysql
[ info ] [ LOG ] INIT File
[ sql ] [ DB ] CONNECT:[ UseTime:0.011001s ] mysql:dbname=snake;host=127.0.0.1;charset=utf8
[ sql ] [ SQL ] SHOW COLUMNS FROM `snake_user` [ RunTime:0.006000s ]
[ sql ] [ SQL ] SELECT `id` FROM `snake_user` WHERE  `identifier` = '' LIMIT 1 [ RunTime:0.003000s ]
[ sql ] [ SQL ] SHOW COLUMNS FROM `snake_admin_company` [ RunTime:0.005001s ]
[ sql ] [ SQL ] SELECT `id` FROM `snake_admin_company` WHERE  `identifier` = 'b050e50d41e049ad32f13bcd3d763787' LIMIT 1 [ RunTime:0.000000s ]
[ error ] [0]cURL error 28: Operation timed out after 0 milliseconds with 0 out of 0 bytes received (see http://curl.haxx.se/libcurl/c/libcurl-errors.html)[D:\project\default\vendor\guzzlehttp\guzzle\src\Handler\CurlFactory.php:186]

---------------------------------------------------------------
[ 2017-07-17T14:28:48+08:00 ] 127.0.0.1 127.0.0.1 GET /admin/pub/tab.html?op=%E6%B4%BB%E5%8A%A8,LuckDraw/activity;%E6%96%B0%E5%A2%9E%E6%B4%BB%E5%8A%A8,LuckDraw/activityAdd
[ log ] www.a.com/admin/pub/tab.html?op=%E6%B4%BB%E5%8A%A8,LuckDraw/activity;%E6%96%B0%E5%A2%9E%E6%B4%BB%E5%8A%A8,LuckDraw/activityAdd [运行时间：0.025002s][吞吐率：40.00req/s] [内存消耗：177.14kb] [文件加载：53]
[ info ] [ BEHAVIOR ] Run app\behavior\AppInit @app_init [ RunTime:0.001000s ]
[ info ] [ LANG ] D:\project\default\vendor\topthink\framework\lang\zh-cn.php
[ info ] [ ROUTE ] array (
  'type' => 'module',
  'module' => 
  array (
    0 => 'admin',
    1 => 'pub',
    2 => 'tab',
  ),
)
[ info ] [ HEADER ] array (
  'host' => 'www.a.com',
  'connection' => 'keep-alive',
  'upgrade-insecure-requests' => '1',
  'user-agent' => 'Mozilla/5.0 (Windows NT 6.1; WOW64) AppleWebKit/537.36 (KHTML, like Gecko) Chrome/58.0.3029.110 Safari/537.36',
  'accept' => 'text/html,application/xhtml+xml,application/xml;q=0.9,image/webp,*/*;q=0.8',
  'referer' => 'http://www.a.com/admin',
  'accept-encoding' => 'gzip, deflate, sdch',
  'accept-language' => 'zh-CN,zh;q=0.8',
  'cookie' => 'PHPSESSID=e2ttks69m4avdichae7o9bus57; thinkphp_show_page_trace=0|0; referer=http%3A%2F%2Fwww.a.com%2Fadmin%2Fcompany%2Findex.html',
)
[ info ] [ PARAM ] array (
  '/admin/pub/tab_html' => '',
  'op' => '活动,LuckDraw/activity;新增活动,LuckDraw/activityAdd',
)
[ info ] [ BEHAVIOR ] Run app\behavior\ModuleInit @module_init [ RunTime:0.001000s ]
[ info ] [ RUN ] app\admin\controller\Pub->tab[ D:\project\default\application\admin\controller\Pub.php ]
[ info ] [ VIEW ] D:\project\default\public/../application/admin\view\pub\tab.html [ array (
  0 => 'list',
) ]
[ info ] [ LOG ] INIT File

---------------------------------------------------------------
[ 2017-07-17T14:28:48+08:00 ] 127.0.0.1 127.0.0.1 GET /admin/luck_draw/activity.html
[ log ] www.a.com/admin/luck_draw/activity.html [运行时间：0.042003s][吞吐率：23.81req/s] [内存消耗：446.06kb] [文件加载：67]
[ info ] [ BEHAVIOR ] Run app\behavior\AppInit @app_init [ RunTime:0.000000s ]
[ info ] [ LANG ] D:\project\default\vendor\topthink\framework\lang\zh-cn.php
[ info ] [ ROUTE ] array (
  'type' => 'module',
  'module' => 
  array (
    0 => 'admin',
    1 => 'luck_draw',
    2 => 'activity',
  ),
)
[ info ] [ HEADER ] array (
  'host' => 'www.a.com',
  'connection' => 'keep-alive',
  'upgrade-insecure-requests' => '1',
  'user-agent' => 'Mozilla/5.0 (Windows NT 6.1; WOW64) AppleWebKit/537.36 (KHTML, like Gecko) Chrome/58.0.3029.110 Safari/537.36',
  'accept' => 'text/html,application/xhtml+xml,application/xml;q=0.9,image/webp,*/*;q=0.8',
  'referer' => 'http://www.a.com/admin/pub/tab.html?op=%E6%B4%BB%E5%8A%A8,LuckDraw/activity;%E6%96%B0%E5%A2%9E%E6%B4%BB%E5%8A%A8,LuckDraw/activityAdd',
  'accept-encoding' => 'gzip, deflate, sdch',
  'accept-language' => 'zh-CN,zh;q=0.8',
  'cookie' => 'PHPSESSID=e2ttks69m4avdichae7o9bus57; thinkphp_show_page_trace=0|0; referer=http%3A%2F%2Fwww.a.com%2Fadmin%2Fcompany%2Findex.html',
)
[ info ] [ PARAM ] array (
  '/admin/luck_draw/activity_html' => '',
)
[ info ] [ BEHAVIOR ] Run app\behavior\ModuleInit @module_init [ RunTime:0.000000s ]
[ info ] [ SESSION ] INIT array (
  'id' => '',
  'var_session_id' => '',
  'prefix' => 'think',
  'type' => '',
  'auto_start' => true,
)
[ info ] [ RUN ] app\admin\controller\LuckDraw->activity[ D:\project\default\application\admin\controller\LuckDraw.php ]
[ info ] [ DB ] INIT mysql
[ info ] [ VIEW ] D:\project\default\public/../application/admin\view\luck_draw\activity.html [ array (
  0 => 'list',
) ]
[ info ] [ LOG ] INIT File
[ sql ] [ DB ] CONNECT:[ UseTime:0.001000s ] mysql:dbname=snake;host=127.0.0.1;charset=utf8
[ sql ] [ SQL ] SHOW COLUMNS FROM `snake_lucky_goods` [ RunTime:0.011001s ]
[ sql ] [ SQL ] SELECT COUNT(*) AS tp_count FROM `snake_lucky_goods` WHERE  `company_id` = 1 LIMIT 1 [ RunTime:0.003000s ]
[ sql ] [ SQL ] SELECT * FROM `snake_lucky_goods` WHERE  `company_id` = 1 ORDER BY goods_id desc LIMIT 0,30 [ RunTime:0.003000s ]

---------------------------------------------------------------
[ 2017-07-17T14:28:49+08:00 ] 127.0.0.1 127.0.0.1 GET /admin/luck_draw/settlement.html
[ log ] www.a.com/admin/luck_draw/settlement.html [运行时间：0.032002s][吞吐率：31.25req/s] [内存消耗：368.92kb] [文件加载：67]
[ info ] [ BEHAVIOR ] Run app\behavior\AppInit @app_init [ RunTime:0.000000s ]
[ info ] [ LANG ] D:\project\default\vendor\topthink\framework\lang\zh-cn.php
[ info ] [ ROUTE ] array (
  'type' => 'module',
  'module' => 
  array (
    0 => 'admin',
    1 => 'luck_draw',
    2 => 'settlement',
  ),
)
[ info ] [ HEADER ] array (
  'host' => 'www.a.com',
  'connection' => 'keep-alive',
  'upgrade-insecure-requests' => '1',
  'user-agent' => 'Mozilla/5.0 (Windows NT 6.1; WOW64) AppleWebKit/537.36 (KHTML, like Gecko) Chrome/58.0.3029.110 Safari/537.36',
  'accept' => 'text/html,application/xhtml+xml,application/xml;q=0.9,image/webp,*/*;q=0.8',
  'referer' => 'http://www.a.com/admin',
  'accept-encoding' => 'gzip, deflate, sdch',
  'accept-language' => 'zh-CN,zh;q=0.8',
  'cookie' => 'PHPSESSID=e2ttks69m4avdichae7o9bus57; thinkphp_show_page_trace=0|0; referer=http%3A%2F%2Fwww.a.com%2Fadmin%2Fcompany%2Findex.html',
)
[ info ] [ PARAM ] array (
  '/admin/luck_draw/settlement_html' => '',
)
[ info ] [ BEHAVIOR ] Run app\behavior\ModuleInit @module_init [ RunTime:0.000000s ]
[ info ] [ SESSION ] INIT array (
  'id' => '',
  'var_session_id' => '',
  'prefix' => 'think',
  'type' => '',
  'auto_start' => true,
)
[ info ] [ RUN ] app\admin\controller\LuckDraw->settlement[ D:\project\default\application\admin\controller\LuckDraw.php ]
[ info ] [ DB ] INIT mysql
[ info ] [ VIEW ] D:\project\default\public/../application/admin\view\luck_draw\settlement_company.html [ array (
  0 => 'list',
) ]
[ info ] [ LOG ] INIT File
[ sql ] [ DB ] CONNECT:[ UseTime:0.001000s ] mysql:dbname=snake;host=127.0.0.1;charset=utf8
[ sql ] [ SQL ] SHOW COLUMNS FROM `snake_lucky_day_settlement` [ RunTime:0.010000s ]
[ sql ] [ SQL ] SELECT COUNT(*) AS tp_count FROM `snake_lucky_day_settlement` `a` INNER JOIN `snake_admin_company` `b` ON `a`.`company_id`=`b`.`id` WHERE  `b`.`id` = 1 LIMIT 1 [ RunTime:0.001000s ]
[ sql ] [ SQL ] SELECT `a`.`id`,`a`.`company_id`,`a`.`day`,`a`.`amount`,`a`.`state`,`b`.`company_name` FROM `snake_lucky_day_settlement` `a` INNER JOIN `snake_admin_company` `b` ON `a`.`company_id`=`b`.`id` WHERE  `b`.`id` = 1 LIMIT 0,10 [ RunTime:0.001001s ]

---------------------------------------------------------------
[ 2017-07-17T14:28:50+08:00 ] 127.0.0.1 127.0.0.1 GET /admin/luck_draw/setting.html
[ log ] www.a.com/admin/luck_draw/setting.html [运行时间：0.025001s][吞吐率：40.00req/s] [内存消耗：366.16kb] [文件加载：63]
[ info ] [ BEHAVIOR ] Run app\behavior\AppInit @app_init [ RunTime:0.000000s ]
[ info ] [ LANG ] D:\project\default\vendor\topthink\framework\lang\zh-cn.php
[ info ] [ ROUTE ] array (
  'type' => 'module',
  'module' => 
  array (
    0 => 'admin',
    1 => 'luck_draw',
    2 => 'setting',
  ),
)
[ info ] [ HEADER ] array (
  'host' => 'www.a.com',
  'connection' => 'keep-alive',
  'upgrade-insecure-requests' => '1',
  'user-agent' => 'Mozilla/5.0 (Windows NT 6.1; WOW64) AppleWebKit/537.36 (KHTML, like Gecko) Chrome/58.0.3029.110 Safari/537.36',
  'accept' => 'text/html,application/xhtml+xml,application/xml;q=0.9,image/webp,*/*;q=0.8',
  'referer' => 'http://www.a.com/admin',
  'accept-encoding' => 'gzip, deflate, sdch',
  'accept-language' => 'zh-CN,zh;q=0.8',
  'cookie' => 'PHPSESSID=e2ttks69m4avdichae7o9bus57; thinkphp_show_page_trace=0|0; referer=http%3A%2F%2Fwww.a.com%2Fadmin%2Fcompany%2Findex.html',
)
[ info ] [ PARAM ] array (
  '/admin/luck_draw/setting_html' => '',
)
[ info ] [ BEHAVIOR ] Run app\behavior\ModuleInit @module_init [ RunTime:0.000000s ]
[ info ] [ SESSION ] INIT array (
  'id' => '',
  'var_session_id' => '',
  'prefix' => 'think',
  'type' => '',
  'auto_start' => true,
)
[ info ] [ RUN ] app\admin\controller\LuckDraw->setting[ D:\project\default\application\admin\controller\LuckDraw.php ]
[ info ] [ DB ] INIT mysql
[ info ] [ VIEW ] D:\project\default\public/../application/admin\view\luck_draw\setting.html [ array (
  0 => 'data',
) ]
[ info ] [ LOG ] INIT File
[ sql ] [ DB ] CONNECT:[ UseTime:0.002001s ] mysql:dbname=snake;host=127.0.0.1;charset=utf8
[ sql ] [ SQL ] SHOW COLUMNS FROM `snake_admin_company` [ RunTime:0.009000s ]
[ sql ] [ SQL ] SELECT * FROM `snake_admin_company` WHERE  `id` = 1 LIMIT 1 [ RunTime:0.001000s ]

---------------------------------------------------------------
[ 2017-07-17T14:28:51+08:00 ] 127.0.0.1 127.0.0.1 GET /admin/luck_draw/settlement.html
[ log ] www.a.com/admin/luck_draw/settlement.html [运行时间：0.031001s][吞吐率：32.26req/s] [内存消耗：367.89kb] [文件加载：67]
[ info ] [ BEHAVIOR ] Run app\behavior\AppInit @app_init [ RunTime:0.000000s ]
[ info ] [ LANG ] D:\project\default\vendor\topthink\framework\lang\zh-cn.php
[ info ] [ ROUTE ] array (
  'type' => 'module',
  'module' => 
  array (
    0 => 'admin',
    1 => 'luck_draw',
    2 => 'settlement',
  ),
)
[ info ] [ HEADER ] array (
  'host' => 'www.a.com',
  'connection' => 'keep-alive',
  'upgrade-insecure-requests' => '1',
  'user-agent' => 'Mozilla/5.0 (Windows NT 6.1; WOW64) AppleWebKit/537.36 (KHTML, like Gecko) Chrome/58.0.3029.110 Safari/537.36',
  'accept' => 'text/html,application/xhtml+xml,application/xml;q=0.9,image/webp,*/*;q=0.8',
  'referer' => 'http://www.a.com/admin',
  'accept-encoding' => 'gzip, deflate, sdch',
  'accept-language' => 'zh-CN,zh;q=0.8',
  'cookie' => 'PHPSESSID=e2ttks69m4avdichae7o9bus57; thinkphp_show_page_trace=0|0; referer=http%3A%2F%2Fwww.a.com%2Fadmin%2Fcompany%2Findex.html',
)
[ info ] [ PARAM ] array (
  '/admin/luck_draw/settlement_html' => '',
)
[ info ] [ BEHAVIOR ] Run app\behavior\ModuleInit @module_init [ RunTime:0.001000s ]
[ info ] [ SESSION ] INIT array (
  'id' => '',
  'var_session_id' => '',
  'prefix' => 'think',
  'type' => '',
  'auto_start' => true,
)
[ info ] [ RUN ] app\admin\controller\LuckDraw->settlement[ D:\project\default\application\admin\controller\LuckDraw.php ]
[ info ] [ DB ] INIT mysql
[ info ] [ VIEW ] D:\project\default\public/../application/admin\view\luck_draw\settlement_company.html [ array (
  0 => 'list',
) ]
[ info ] [ LOG ] INIT File
[ sql ] [ DB ] CONNECT:[ UseTime:0.002000s ] mysql:dbname=snake;host=127.0.0.1;charset=utf8
[ sql ] [ SQL ] SHOW COLUMNS FROM `snake_lucky_day_settlement` [ RunTime:0.013001s ]
[ sql ] [ SQL ] SELECT COUNT(*) AS tp_count FROM `snake_lucky_day_settlement` `a` INNER JOIN `snake_admin_company` `b` ON `a`.`company_id`=`b`.`id` WHERE  `b`.`id` = 1 LIMIT 1 [ RunTime:0.000000s ]
[ sql ] [ SQL ] SELECT `a`.`id`,`a`.`company_id`,`a`.`day`,`a`.`amount`,`a`.`state`,`b`.`company_name` FROM `snake_lucky_day_settlement` `a` INNER JOIN `snake_admin_company` `b` ON `a`.`company_id`=`b`.`id` WHERE  `b`.`id` = 1 LIMIT 0,10 [ RunTime:0.001000s ]

---------------------------------------------------------------
[ 2017-07-17T15:51:54+08:00 ] 127.0.0.1 127.0.0.1 GET /admin/Pub/test1
[ log ] www.a.com/admin/Pub/test1 [运行时间：4.348248s][吞吐率：0.23req/s] [内存消耗：179.11kb] [文件加载：54]
[ info ] [ BEHAVIOR ] Run app\behavior\AppInit @app_init [ RunTime:0.001000s ]
[ info ] [ LANG ] D:\project\default\vendor\topthink\framework\lang\zh-cn.php
[ info ] [ ROUTE ] array (
  'type' => 'module',
  'module' => 
  array (
    0 => 'admin',
    1 => 'Pub',
    2 => 'test1',
  ),
)
[ info ] [ HEADER ] array (
  'host' => 'www.a.com',
  'connection' => 'keep-alive',
  'cache-control' => 'max-age=0',
  'upgrade-insecure-requests' => '1',
  'user-agent' => 'Mozilla/5.0 (Windows NT 6.1; WOW64) AppleWebKit/537.36 (KHTML, like Gecko) Chrome/58.0.3029.110 Safari/537.36',
  'accept' => 'text/html,application/xhtml+xml,application/xml;q=0.9,image/webp,*/*;q=0.8',
  'accept-encoding' => 'gzip, deflate, sdch',
  'accept-language' => 'zh-CN,zh;q=0.8',
  'cookie' => 'thinkphp_show_page_trace=0|0; PHPSESSID=e2ttks69m4avdichae7o9bus57; thinkphp_show_page_trace=0|0; referer=http%3A%2F%2Fwww.a.com%2Fadmin%2Fcompany%2Findex.html',
)
[ info ] [ PARAM ] array (
  '/admin/Pub/test1' => '',
)
[ info ] [ BEHAVIOR ] Run app\behavior\ModuleInit @module_init [ RunTime:0.001000s ]
[ info ] [ RUN ] app\admin\controller\Pub->test1[ D:\project\default\application\admin\controller\Pub.php ]
[ info ] [ LOG ] INIT File
[ error ] [8]未定义变量: OrderData[D:\project\default\application\admin\controller\Pub.php:123]
[ error ] [8]未定义变量: OrderData[D:\project\default\application\admin\controller\Pub.php:125]

---------------------------------------------------------------
[ 2017-07-17T16:13:05+08:00 ] 127.0.0.1 127.0.0.1 GET /admin
[ log ] www.a.com/admin [运行时间：0.074005s][吞吐率：13.51req/s] [内存消耗：214.54kb] [文件加载：57]
[ info ] [ BEHAVIOR ] Run app\behavior\AppInit @app_init [ RunTime:0.001001s ]
[ info ] [ LANG ] D:\project\default\vendor\topthink\framework\lang\zh-cn.php
[ info ] [ ROUTE ] array (
  'type' => 'module',
  'module' => 
  array (
    0 => 'admin',
    1 => NULL,
    2 => NULL,
  ),
)
[ info ] [ HEADER ] array (
  'host' => 'www.a.com',
  'connection' => 'keep-alive',
  'cache-control' => 'max-age=0',
  'upgrade-insecure-requests' => '1',
  'user-agent' => 'Mozilla/5.0 (Windows NT 6.1; WOW64) AppleWebKit/537.36 (KHTML, like Gecko) Chrome/58.0.3029.110 Safari/537.36',
  'accept' => 'text/html,application/xhtml+xml,application/xml;q=0.9,image/webp,*/*;q=0.8',
  'referer' => 'http://www.a.com/admin-login.html',
  'accept-encoding' => 'gzip, deflate, sdch',
  'accept-language' => 'zh-CN,zh;q=0.8',
  'cookie' => 'PHPSESSID=e2ttks69m4avdichae7o9bus57; thinkphp_show_page_trace=0|0; referer=http%3A%2F%2Fwww.a.com%2Fadmin%2Fcompany%2Findex.html',
)
[ info ] [ PARAM ] array (
  '/admin' => '',
)
[ info ] [ BEHAVIOR ] Run app\behavior\ModuleInit @module_init [ RunTime:0.001000s ]
[ info ] [ SESSION ] INIT array (
  'id' => '',
  'var_session_id' => '',
  'prefix' => 'think',
  'type' => '',
  'auto_start' => true,
)
[ info ] [ RUN ] app\admin\controller\Index->index[ D:\project\default\application\admin\controller\Index.php ]
[ info ] [ VIEW ] D:\project\default\public/../application/admin\view\index\index.html [ array (
) ]
[ info ] [ LOG ] INIT File

---------------------------------------------------------------
[ 2017-07-17T16:13:06+08:00 ] 127.0.0.1 127.0.0.1 GET /admin/company_home/index.html
[ log ] www.a.com/admin/company_home/index.html [运行时间：0.087005s][吞吐率：11.49req/s] [内存消耗：365.77kb] [文件加载：63]
[ info ] [ BEHAVIOR ] Run app\behavior\AppInit @app_init [ RunTime:0.000000s ]
[ info ] [ LANG ] D:\project\default\vendor\topthink\framework\lang\zh-cn.php
[ info ] [ ROUTE ] array (
  'type' => 'module',
  'module' => 
  array (
    0 => 'admin',
    1 => 'company_home',
    2 => 'index',
  ),
)
[ info ] [ HEADER ] array (
  'host' => 'www.a.com',
  'connection' => 'keep-alive',
  'upgrade-insecure-requests' => '1',
  'user-agent' => 'Mozilla/5.0 (Windows NT 6.1; WOW64) AppleWebKit/537.36 (KHTML, like Gecko) Chrome/58.0.3029.110 Safari/537.36',
  'accept' => 'text/html,application/xhtml+xml,application/xml;q=0.9,image/webp,*/*;q=0.8',
  'referer' => 'http://www.a.com/admin',
  'accept-encoding' => 'gzip, deflate, sdch',
  'accept-language' => 'zh-CN,zh;q=0.8',
  'cookie' => 'PHPSESSID=e2ttks69m4avdichae7o9bus57; thinkphp_show_page_trace=0|0; referer=http%3A%2F%2Fwww.a.com%2Fadmin%2Fcompany%2Findex.html',
)
[ info ] [ PARAM ] array (
  '/admin/company_home/index_html' => '',
)
[ info ] [ BEHAVIOR ] Run app\behavior\ModuleInit @module_init [ RunTime:0.001000s ]
[ info ] [ SESSION ] INIT array (
  'id' => '',
  'var_session_id' => '',
  'prefix' => 'think',
  'type' => '',
  'auto_start' => true,
)
[ info ] [ RUN ] app\admin\controller\CompanyHome->index[ D:\project\default\application\admin\controller\CompanyHome.php ]
[ info ] [ DB ] INIT mysql
[ info ] [ VIEW ] D:\project\default\public/../application/admin\view\company_home\index.html [ array (
  0 => 'company',
) ]
[ info ] [ LOG ] INIT File
[ sql ] [ DB ] CONNECT:[ UseTime:0.002000s ] mysql:dbname=snake;host=127.0.0.1;charset=utf8
[ sql ] [ SQL ] SHOW COLUMNS FROM `snake_admin_company` [ RunTime:0.007000s ]
[ sql ] [ SQL ] SELECT * FROM `snake_admin_company` WHERE  `id` = 1 LIMIT 1 [ RunTime:0.001000s ]

---------------------------------------------------------------
[ 2017-07-17T16:13:07+08:00 ] 127.0.0.1 127.0.0.1 GET /admin/luck_draw/settlement.html
[ log ] www.a.com/admin/luck_draw/settlement.html [运行时间：0.070004s][吞吐率：14.28req/s] [内存消耗：367.89kb] [文件加载：67]
[ info ] [ BEHAVIOR ] Run app\behavior\AppInit @app_init [ RunTime:0.002000s ]
[ info ] [ LANG ] D:\project\default\vendor\topthink\framework\lang\zh-cn.php
[ info ] [ ROUTE ] array (
  'type' => 'module',
  'module' => 
  array (
    0 => 'admin',
    1 => 'luck_draw',
    2 => 'settlement',
  ),
)
[ info ] [ HEADER ] array (
  'host' => 'www.a.com',
  'connection' => 'keep-alive',
  'upgrade-insecure-requests' => '1',
  'user-agent' => 'Mozilla/5.0 (Windows NT 6.1; WOW64) AppleWebKit/537.36 (KHTML, like Gecko) Chrome/58.0.3029.110 Safari/537.36',
  'accept' => 'text/html,application/xhtml+xml,application/xml;q=0.9,image/webp,*/*;q=0.8',
  'referer' => 'http://www.a.com/admin',
  'accept-encoding' => 'gzip, deflate, sdch',
  'accept-language' => 'zh-CN,zh;q=0.8',
  'cookie' => 'PHPSESSID=e2ttks69m4avdichae7o9bus57; thinkphp_show_page_trace=0|0; referer=http%3A%2F%2Fwww.a.com%2Fadmin%2Fcompany%2Findex.html',
)
[ info ] [ PARAM ] array (
  '/admin/luck_draw/settlement_html' => '',
)
[ info ] [ BEHAVIOR ] Run app\behavior\ModuleInit @module_init [ RunTime:0.001000s ]
[ info ] [ SESSION ] INIT array (
  'id' => '',
  'var_session_id' => '',
  'prefix' => 'think',
  'type' => '',
  'auto_start' => true,
)
[ info ] [ RUN ] app\admin\controller\LuckDraw->settlement[ D:\project\default\application\admin\controller\LuckDraw.php ]
[ info ] [ DB ] INIT mysql
[ info ] [ VIEW ] D:\project\default\public/../application/admin\view\luck_draw\settlement_company.html [ array (
  0 => 'list',
) ]
[ info ] [ LOG ] INIT File
[ sql ] [ DB ] CONNECT:[ UseTime:0.000000s ] mysql:dbname=snake;host=127.0.0.1;charset=utf8
[ sql ] [ SQL ] SHOW COLUMNS FROM `snake_lucky_day_settlement` [ RunTime:0.005000s ]
[ sql ] [ SQL ] SELECT COUNT(*) AS tp_count FROM `snake_lucky_day_settlement` `a` INNER JOIN `snake_admin_company` `b` ON `a`.`company_id`=`b`.`id` WHERE  `b`.`id` = 1 LIMIT 1 [ RunTime:0.000000s ]
[ sql ] [ SQL ] SELECT `a`.`id`,`a`.`company_id`,`a`.`day`,`a`.`amount`,`a`.`state`,`b`.`company_name` FROM `snake_lucky_day_settlement` `a` INNER JOIN `snake_admin_company` `b` ON `a`.`company_id`=`b`.`id` WHERE  `b`.`id` = 1 LIMIT 0,10 [ RunTime:0.001000s ]

---------------------------------------------------------------
[ 2017-07-17T16:13:09+08:00 ] 127.0.0.1 127.0.0.1 GET /api/wx/qrcode?userId=&companyId=b050e50d41e049ad32f13bcd3d763787
[ log ] www.a.com/api/wx/qrcode?userId=&companyId=b050e50d41e049ad32f13bcd3d763787 [运行时间：3.821219s][吞吐率：0.26req/s] [内存消耗：539.70kb] [文件加载：136]
[ info ] [ BEHAVIOR ] Run app\behavior\AppInit @app_init [ RunTime:0.000000s ]
[ info ] [ LANG ] D:\project\default\vendor\topthink\framework\lang\zh-cn.php
[ info ] [ ROUTE ] array (
  'type' => 'module',
  'module' => 
  array (
    0 => 'api',
    1 => 'wx',
    2 => 'qrcode',
  ),
)
[ info ] [ HEADER ] array (
  'host' => 'www.a.com',
  'connection' => 'keep-alive',
  'accept' => '*/*',
  'x-requested-with' => 'XMLHttpRequest',
  'user-agent' => 'Mozilla/5.0 (Windows NT 6.1; WOW64) AppleWebKit/537.36 (KHTML, like Gecko) Chrome/58.0.3029.110 Safari/537.36',
  'referer' => 'http://www.a.com/admin/company_home/index.html',
  'accept-encoding' => 'gzip, deflate, sdch',
  'accept-language' => 'zh-CN,zh;q=0.8',
  'cookie' => 'thinkphp_show_page_trace=0|0; PHPSESSID=e2ttks69m4avdichae7o9bus57; thinkphp_show_page_trace=0|0; referer=http%3A%2F%2Fwww.a.com%2Fadmin%2Fcompany%2Findex.html',
)
[ info ] [ PARAM ] array (
  '/api/wx/qrcode' => '',
  'userId' => '',
  'companyId' => 'b050e50d41e049ad32f13bcd3d763787',
)
[ info ] [ BEHAVIOR ] Run app\behavior\ModuleInit @module_init [ RunTime:0.000000s ]
[ info ] [ RUN ] app\api\controller\Wx->qrcode[ D:\project\default\application\api\controller\Wx.php ]
[ info ] [ DB ] INIT mysql
[ info ] [ LOG ] INIT File
[ sql ] [ DB ] CONNECT:[ UseTime:0.001000s ] mysql:dbname=snake;host=127.0.0.1;charset=utf8
[ sql ] [ SQL ] SHOW COLUMNS FROM `snake_user` [ RunTime:0.005000s ]
[ sql ] [ SQL ] SELECT `id` FROM `snake_user` WHERE  `identifier` = '' LIMIT 1 [ RunTime:0.000000s ]
[ sql ] [ SQL ] SHOW COLUMNS FROM `snake_admin_company` [ RunTime:0.004000s ]
[ sql ] [ SQL ] SELECT `id` FROM `snake_admin_company` WHERE  `identifier` = 'b050e50d41e049ad32f13bcd3d763787' LIMIT 1 [ RunTime:0.000000s ]
[ error ] [0]cURL error 60: SSL certificate problem: unable to get local issuer certificate (see http://curl.haxx.se/libcurl/c/libcurl-errors.html)[D:\project\default\vendor\guzzlehttp\guzzle\src\Handler\CurlFactory.php:187]

---------------------------------------------------------------
[ 2017-07-17T17:15:13+08:00 ] 127.0.0.1 127.0.0.1 GET /admin/Pub/test1
[ log ] www.a.com/admin/Pub/test1 [运行时间：0.055004s][吞吐率：18.18req/s] [内存消耗：183.70kb] [文件加载：52]
[ info ] [ BEHAVIOR ] Run app\behavior\AppInit @app_init [ RunTime:0.001000s ]
[ info ] [ LANG ] D:\project\default\vendor\topthink\framework\lang\zh-cn.php
[ info ] [ ROUTE ] array (
  'type' => 'module',
  'module' => 
  array (
    0 => 'admin',
    1 => 'Pub',
    2 => 'test1',
  ),
)
[ info ] [ HEADER ] array (
  'host' => 'www.a.com',
  'connection' => 'keep-alive',
  'cache-control' => 'max-age=0',
  'upgrade-insecure-requests' => '1',
  'user-agent' => 'Mozilla/5.0 (Windows NT 6.1; WOW64) AppleWebKit/537.36 (KHTML, like Gecko) Chrome/58.0.3029.110 Safari/537.36',
  'accept' => 'text/html,application/xhtml+xml,application/xml;q=0.9,image/webp,*/*;q=0.8',
  'accept-encoding' => 'gzip, deflate, sdch',
  'accept-language' => 'zh-CN,zh;q=0.8',
  'cookie' => 'thinkphp_show_page_trace=0|0; PHPSESSID=e2ttks69m4avdichae7o9bus57; thinkphp_show_page_trace=0|0; referer=http%3A%2F%2Fwww.a.com%2Fadmin%2Fcompany%2Findex.html',
)
[ info ] [ PARAM ] array (
  '/admin/Pub/test1' => '',
)
[ info ] [ BEHAVIOR ] Run app\behavior\ModuleInit @module_init [ RunTime:0.002001s ]
[ info ] [ RUN ] app\admin\controller\Pub->test1[ D:\project\default\application\admin\controller\Pub.php ]
[ info ] [ LOG ] INIT File
[ error ] [8]未定义变量: OrderData[D:\project\default\application\admin\controller\Pub.php:123]
[ error ] [8]未定义变量: OrderData[D:\project\default\application\admin\controller\Pub.php:125]

---------------------------------------------------------------
