[ 2017-07-20T10:16:57+08:00 ] 127.0.0.1 127.0.0.1 POST /api/Wx/appLogin
[ log ] www.a.com/api/Wx/appLogin [运行时间：0.098005s][吞吐率：10.20req/s] [内存消耗：300.69kb] [文件加载：58]
[ info ] [ BEHAVIOR ] Run app\behavior\AppInit @app_init [ RunTime:0.003000s ]
[ info ] [ LANG ] D:\project\default\vendor\topthink\framework\lang\zh-cn.php
[ info ] [ ROUTE ] array (
  'type' => 'module',
  'module' => 
  array (
    0 => 'api',
    1 => 'Wx',
    2 => 'appLogin',
  ),
)
[ info ] [ HEADER ] array (
  'user-agent' => 'Fiddler',
  'host' => 'www.a.com',
  'content-length' => '485',
  'content-type' => 'application/x-www-form-urlencoded,',
)
[ info ] [ PARAM ] array (
  '/api/Wx/appLogin' => '',
  'account' => '13397006611',
  'password' => '123456',
  'username' => 'haiteng',
  'mobile' => '13397006611',
  'desc' => '',
  'notify_url' => '/api/Wx/payNotify?type=&order_id=',
  'bank_no' => '6222021502016825725',
  'bank_sub' => '南昌市塘山支行',
  'bankname' => '工商银行',
  'bank_code' => '102421000405',
  'card_no' => '360111199101312538',
  'name' => '雷鸣',
  'orderid' => '59683d5b35a95',
  'paytype' => 'ALIPAY_QRCODE_PAY',
  'partner' => '2003',
  'amount' => '1',
  'rate' => '2003',
  'T0orT1' => 'T0',
  'sign' => '38f43e32727a144c316c46a51576b083',
)
[ info ] [ BEHAVIOR ] Run app\behavior\ModuleInit @module_init [ RunTime:0.000000s ]
[ info ] [ RUN ] app\api\controller\Wx->appLogin[ D:\project\default\application\api\controller\Wx.php ]
[ info ] [ LOG ] INIT File
[ error ] [0]方法不存在:think\Request->parm[D:\project\default\vendor\topthink\framework\library\think\Request.php:147]

---------------------------------------------------------------
[ 2017-07-20T10:17:11+08:00 ] 127.0.0.1 127.0.0.1 POST /api/Wx/appLogin
[ log ] www.a.com/api/Wx/appLogin [运行时间：0.087005s][吞吐率：11.49req/s] [内存消耗：423.11kb] [文件加载：65]
[ info ] [ BEHAVIOR ] Run app\behavior\AppInit @app_init [ RunTime:0.000000s ]
[ info ] [ LANG ] D:\project\default\vendor\topthink\framework\lang\zh-cn.php
[ info ] [ ROUTE ] array (
  'type' => 'module',
  'module' => 
  array (
    0 => 'api',
    1 => 'Wx',
    2 => 'appLogin',
  ),
)
[ info ] [ HEADER ] array (
  'user-agent' => 'Fiddler',
  'host' => 'www.a.com',
  'content-length' => '485',
  'content-type' => 'application/x-www-form-urlencoded,',
)
[ info ] [ PARAM ] array (
  '/api/Wx/appLogin' => '',
  'account' => '13397006611',
  'password' => '123456',
  'username' => 'haiteng',
  'mobile' => '13397006611',
  'desc' => '',
  'notify_url' => '/api/Wx/payNotify?type=&order_id=',
  'bank_no' => '6222021502016825725',
  'bank_sub' => '南昌市塘山支行',
  'bankname' => '工商银行',
  'bank_code' => '102421000405',
  'card_no' => '360111199101312538',
  'name' => '雷鸣',
  'orderid' => '59683d5b35a95',
  'paytype' => 'ALIPAY_QRCODE_PAY',
  'partner' => '2003',
  'amount' => '1',
  'rate' => '2003',
  'T0orT1' => 'T0',
  'sign' => '38f43e32727a144c316c46a51576b083',
)
[ info ] [ BEHAVIOR ] Run app\behavior\ModuleInit @module_init [ RunTime:0.000000s ]
[ info ] [ RUN ] app\api\controller\Wx->appLogin[ D:\project\default\application\api\controller\Wx.php ]
[ info ] [ DB ] INIT mysql
[ info ] [ LOG ] INIT File
[ sql ] [ DB ] CONNECT:[ UseTime:0.003000s ] mysql:dbname=snake;host=127.0.0.1;charset=utf8
[ sql ] [ SQL ] SHOW COLUMNS FROM `snake_user` [ RunTime:0.007000s ]
[ sql ] [ SQL ] SELECT * FROM `snake_user` WHERE  `phone` = null LIMIT 1 [ RunTime:0.002001s ]
[ error ] [8]Trying to get property of non-object[D:\project\default\application\api\controller\Wx.php:77]

---------------------------------------------------------------
[ 2017-07-20T10:17:44+08:00 ] 127.0.0.1 127.0.0.1 POST /api/Wx/appLogin
[ log ] www.a.com/api/Wx/appLogin [运行时间：0.041003s][吞吐率：24.39req/s] [内存消耗：321.02kb] [文件加载：64]
[ info ] [ BEHAVIOR ] Run app\behavior\AppInit @app_init [ RunTime:0.000000s ]
[ info ] [ LANG ] D:\project\default\vendor\topthink\framework\lang\zh-cn.php
[ info ] [ ROUTE ] array (
  'type' => 'module',
  'module' => 
  array (
    0 => 'api',
    1 => 'Wx',
    2 => 'appLogin',
  ),
)
[ info ] [ HEADER ] array (
  'user-agent' => 'Fiddler',
  'host' => 'www.a.com',
  'content-length' => '33',
  'content-type' => 'application/x-www-form-urlencoded,',
)
[ info ] [ PARAM ] array (
  '/api/Wx/appLogin' => '',
  'phone' => '18870065270',
  'password' => '123456',
)
[ info ] [ BEHAVIOR ] Run app\behavior\ModuleInit @module_init [ RunTime:0.000000s ]
[ info ] [ RUN ] app\api\controller\Wx->appLogin[ D:\project\default\application\api\controller\Wx.php ]
[ info ] [ DB ] INIT mysql
[ info ] [ LOG ] INIT File
[ sql ] [ DB ] CONNECT:[ UseTime:0.001000s ] mysql:dbname=snake;host=127.0.0.1;charset=utf8
[ sql ] [ SQL ] SHOW COLUMNS FROM `snake_user` [ RunTime:0.006000s ]
[ sql ] [ SQL ] SELECT * FROM `snake_user` WHERE  `phone` = '18870065270' LIMIT 1 [ RunTime:0.002000s ]
[ error ] [0]类的属性不存在:app\common\model\User->password[D:\project\default\vendor\topthink\framework\library\think\Model.php:461]

---------------------------------------------------------------
[ 2017-07-20T10:18:19+08:00 ] 127.0.0.1 127.0.0.1 POST /api/Wx/appLogin
[ log ] www.a.com/api/Wx/appLogin [运行时间：0.034002s][吞吐率：29.41req/s] [内存消耗：352.02kb] [文件加载：62]
[ info ] [ BEHAVIOR ] Run app\behavior\AppInit @app_init [ RunTime:0.000000s ]
[ info ] [ LANG ] D:\project\default\vendor\topthink\framework\lang\zh-cn.php
[ info ] [ ROUTE ] array (
  'type' => 'module',
  'module' => 
  array (
    0 => 'api',
    1 => 'Wx',
    2 => 'appLogin',
  ),
)
[ info ] [ HEADER ] array (
  'user-agent' => 'Fiddler',
  'host' => 'www.a.com',
  'content-length' => '33',
  'content-type' => 'application/x-www-form-urlencoded,',
)
[ info ] [ PARAM ] array (
  '/api/Wx/appLogin' => '',
  'phone' => '18870065270',
  'password' => '123456',
)
[ info ] [ BEHAVIOR ] Run app\behavior\ModuleInit @module_init [ RunTime:0.000000s ]
[ info ] [ RUN ] app\api\controller\Wx->appLogin[ D:\project\default\application\api\controller\Wx.php ]
[ info ] [ DB ] INIT mysql
[ info ] [ LOG ] INIT File
[ sql ] [ DB ] CONNECT:[ UseTime:0.001000s ] mysql:dbname=snake;host=127.0.0.1;charset=utf8
[ sql ] [ SQL ] SHOW COLUMNS FROM `snake_user` [ RunTime:0.006000s ]
[ sql ] [ SQL ] SELECT * FROM `snake_user` WHERE  `phone` = '18870065270' LIMIT 1 [ RunTime:0.002000s ]

---------------------------------------------------------------
[ 2017-07-20T10:18:49+08:00 ] 127.0.0.1 127.0.0.1 POST /api/Wx/appLogin
[ log ] www.a.com/api/Wx/appLogin [运行时间：0.045002s][吞吐率：22.22req/s] [内存消耗：352.94kb] [文件加载：62]
[ info ] [ BEHAVIOR ] Run app\behavior\AppInit @app_init [ RunTime:0.001000s ]
[ info ] [ LANG ] D:\project\default\vendor\topthink\framework\lang\zh-cn.php
[ info ] [ ROUTE ] array (
  'type' => 'module',
  'module' => 
  array (
    0 => 'api',
    1 => 'Wx',
    2 => 'appLogin',
  ),
)
[ info ] [ HEADER ] array (
  'user-agent' => 'Fiddler',
  'host' => 'www.a.com',
  'content-length' => '33',
  'content-type' => 'application/x-www-form-urlencoded,',
)
[ info ] [ PARAM ] array (
  '/api/Wx/appLogin' => '',
  'phone' => '18870065270',
  'password' => '123456',
)
[ info ] [ BEHAVIOR ] Run app\behavior\ModuleInit @module_init [ RunTime:0.000000s ]
[ info ] [ RUN ] app\api\controller\Wx->appLogin[ D:\project\default\application\api\controller\Wx.php ]
[ info ] [ DB ] INIT mysql
[ info ] [ LOG ] INIT File
[ sql ] [ DB ] CONNECT:[ UseTime:0.000000s ] mysql:dbname=snake;host=127.0.0.1;charset=utf8
[ sql ] [ SQL ] SHOW COLUMNS FROM `snake_user` [ RunTime:0.005001s ]
[ sql ] [ SQL ] SELECT * FROM `snake_user` WHERE  `phone` = '18870065270' LIMIT 1 [ RunTime:0.001000s ]

---------------------------------------------------------------
[ 2017-07-20T10:19:22+08:00 ] 127.0.0.1 127.0.0.1 POST /api/Wx/appLogin
[ log ] www.a.com/api/Wx/appLogin [运行时间：0.065004s][吞吐率：15.38req/s] [内存消耗：391.74kb] [文件加载：68]
[ info ] [ BEHAVIOR ] Run app\behavior\AppInit @app_init [ RunTime:0.001000s ]
[ info ] [ LANG ] D:\project\default\vendor\topthink\framework\lang\zh-cn.php
[ info ] [ ROUTE ] array (
  'type' => 'module',
  'module' => 
  array (
    0 => 'api',
    1 => 'Wx',
    2 => 'appLogin',
  ),
)
[ info ] [ HEADER ] array (
  'user-agent' => 'Fiddler',
  'host' => 'www.a.com',
  'content-length' => '33',
  'content-type' => 'application/x-www-form-urlencoded,',
)
[ info ] [ PARAM ] array (
  '/api/Wx/appLogin' => '',
  'phone' => '18870065270',
  'password' => '123456',
)
[ info ] [ BEHAVIOR ] Run app\behavior\ModuleInit @module_init [ RunTime:0.000000s ]
[ info ] [ RUN ] app\api\controller\Wx->appLogin[ D:\project\default\application\api\controller\Wx.php ]
[ info ] [ DB ] INIT mysql
[ info ] [ LOG ] INIT File
[ sql ] [ DB ] CONNECT:[ UseTime:0.001000s ] mysql:dbname=snake;host=127.0.0.1;charset=utf8
[ sql ] [ SQL ] SHOW COLUMNS FROM `snake_user` [ RunTime:0.006001s ]
[ sql ] [ SQL ] SELECT * FROM `snake_user` WHERE  `phone` = '18870065270' LIMIT 1 [ RunTime:0.001000s ]
[ sql ] [ SQL ] SHOW COLUMNS FROM `snake_admin_company` [ RunTime:0.008001s ]
[ sql ] [ SQL ] SELECT * FROM `snake_admin_company` WHERE  `id` = 1 LIMIT 1 [ RunTime:0.000000s ]
[ sql ] [ SQL ] SHOW COLUMNS FROM `snake_auth_info` [ RunTime:0.005000s ]
[ sql ] [ SQL ] SELECT * FROM `snake_auth_info` WHERE  `user_id` = 842 LIMIT 1 [ RunTime:0.001000s ]

---------------------------------------------------------------
[ 2017-07-20T10:33:14+08:00 ] 127.0.0.1 127.0.0.1 POST /api/Wx/appRegist
[ log ] www.a.com/api/Wx/appRegist [运行时间：0.088005s][吞吐率：11.36req/s] [内存消耗：333.47kb] [文件加载：68]
[ info ] [ BEHAVIOR ] Run app\behavior\AppInit @app_init [ RunTime:0.001000s ]
[ info ] [ LANG ] D:\project\default\vendor\topthink\framework\lang\zh-cn.php
[ info ] [ ROUTE ] array (
  'type' => 'module',
  'module' => 
  array (
    0 => 'api',
    1 => 'Wx',
    2 => 'appRegist',
  ),
)
[ info ] [ HEADER ] array (
  'user-agent' => 'Fiddler',
  'host' => 'www.a.com',
  'content-length' => '33',
  'content-type' => 'application/x-www-form-urlencoded,',
)
[ info ] [ PARAM ] array (
  '/api/Wx/appRegist' => '',
  'phone' => '18870065271',
  'password' => '123456',
)
[ info ] [ BEHAVIOR ] Run app\behavior\ModuleInit @module_init [ RunTime:0.001000s ]
[ info ] [ RUN ] app\api\controller\Wx->appRegist[ D:\project\default\application\api\controller\Wx.php ]
[ info ] [ DB ] INIT mysql
[ info ] [ LOG ] INIT File
[ sql ] [ DB ] CONNECT:[ UseTime:0.001000s ] mysql:dbname=snake;host=127.0.0.1;charset=utf8
[ sql ] [ SQL ] SHOW COLUMNS FROM `snake_user` [ RunTime:0.024001s ]
[ sql ] [ SQL ] SELECT * FROM `snake_user` WHERE  `phone` = '18870065271' LIMIT 1 [ RunTime:0.002000s ]
[ sql ] [ SQL ] SELECT `id` FROM `snake_user` WHERE  `identifier` IS NULL LIMIT 1 [ RunTime:0.001000s ]
[ sql ] [ SQL ] SHOW COLUMNS FROM `snake_admin_company` [ RunTime:0.005000s ]
[ sql ] [ SQL ] SELECT `id` FROM `snake_admin_company` WHERE  `identifier` IS NULL LIMIT 1 [ RunTime:0.001000s ]
[ error ] [2]Creating default object from empty value[D:\project\default\application\api\controller\Wx.php:112]
[ error ] [0]致命错误: Call to undefined method stdClass::addUser()[D:\project\default\application\api\controller\Wx.php:116]

---------------------------------------------------------------
[ 2017-07-20T10:34:44+08:00 ] 127.0.0.1 127.0.0.1 POST /api/Wx/appRegist
[ log ] www.a.com/api/Wx/appRegist [运行时间：0.078004s][吞吐率：12.82req/s] [内存消耗：331.36kb] [文件加载：66]
[ info ] [ BEHAVIOR ] Run app\behavior\AppInit @app_init [ RunTime:0.000000s ]
[ info ] [ LANG ] D:\project\default\vendor\topthink\framework\lang\zh-cn.php
[ info ] [ ROUTE ] array (
  'type' => 'module',
  'module' => 
  array (
    0 => 'api',
    1 => 'Wx',
    2 => 'appRegist',
  ),
)
[ info ] [ HEADER ] array (
  'user-agent' => 'Fiddler',
  'host' => 'www.a.com',
  'content-length' => '33',
  'content-type' => 'application/x-www-form-urlencoded,',
)
[ info ] [ PARAM ] array (
  '/api/Wx/appRegist' => '',
  'phone' => '18870065271',
  'password' => '123456',
)
[ info ] [ BEHAVIOR ] Run app\behavior\ModuleInit @module_init [ RunTime:0.000000s ]
[ info ] [ RUN ] app\api\controller\Wx->appRegist[ D:\project\default\application\api\controller\Wx.php ]
[ info ] [ DB ] INIT mysql
[ info ] [ LOG ] INIT File
[ sql ] [ DB ] CONNECT:[ UseTime:0.011001s ] mysql:dbname=snake;host=127.0.0.1;charset=utf8
[ sql ] [ SQL ] SHOW COLUMNS FROM `snake_user` [ RunTime:0.017001s ]
[ sql ] [ SQL ] SELECT * FROM `snake_user` WHERE  `phone` = '18870065271' LIMIT 1 [ RunTime:0.001000s ]
[ sql ] [ SQL ] SELECT `id` FROM `snake_user` WHERE  `identifier` IS NULL LIMIT 1 [ RunTime:0.000000s ]
[ sql ] [ SQL ] SHOW COLUMNS FROM `snake_admin_company` [ RunTime:0.012001s ]
[ sql ] [ SQL ] SELECT `id` FROM `snake_admin_company` WHERE  `identifier` IS NULL LIMIT 1 [ RunTime:0.001000s ]
[ error ] [0]致命错误: Call to a member function addUser() on null[D:\project\default\application\api\controller\Wx.php:117]

---------------------------------------------------------------
[ 2017-07-20T10:35:32+08:00 ] 127.0.0.1 127.0.0.1 POST /api/Wx/appRegist
[ log ] www.a.com/api/Wx/appRegist [运行时间：0.105006s][吞吐率：9.52req/s] [内存消耗：331.36kb] [文件加载：66]
[ info ] [ BEHAVIOR ] Run app\behavior\AppInit @app_init [ RunTime:0.001000s ]
[ info ] [ LANG ] D:\project\default\vendor\topthink\framework\lang\zh-cn.php
[ info ] [ ROUTE ] array (
  'type' => 'module',
  'module' => 
  array (
    0 => 'api',
    1 => 'Wx',
    2 => 'appRegist',
  ),
)
[ info ] [ HEADER ] array (
  'user-agent' => 'Fiddler',
  'host' => 'www.a.com',
  'content-length' => '33',
  'content-type' => 'application/x-www-form-urlencoded,',
)
[ info ] [ PARAM ] array (
  '/api/Wx/appRegist' => '',
  'phone' => '18870065271',
  'password' => '123456',
)
[ info ] [ BEHAVIOR ] Run app\behavior\ModuleInit @module_init [ RunTime:0.000000s ]
[ info ] [ RUN ] app\api\controller\Wx->appRegist[ D:\project\default\application\api\controller\Wx.php ]
[ info ] [ DB ] INIT mysql
[ info ] [ LOG ] INIT File
[ sql ] [ DB ] CONNECT:[ UseTime:0.011001s ] mysql:dbname=snake;host=127.0.0.1;charset=utf8
[ sql ] [ SQL ] SHOW COLUMNS FROM `snake_user` [ RunTime:0.022001s ]
[ sql ] [ SQL ] SELECT * FROM `snake_user` WHERE  `phone` = '18870065271' LIMIT 1 [ RunTime:0.001000s ]
[ sql ] [ SQL ] SELECT `id` FROM `snake_user` WHERE  `identifier` IS NULL LIMIT 1 [ RunTime:0.001000s ]
[ sql ] [ SQL ] SHOW COLUMNS FROM `snake_admin_company` [ RunTime:0.009000s ]
[ sql ] [ SQL ] SELECT `id` FROM `snake_admin_company` WHERE  `identifier` IS NULL LIMIT 1 [ RunTime:0.001000s ]
[ error ] [0]致命错误: Call to a member function addUser() on null[D:\project\default\application\api\controller\Wx.php:118]

---------------------------------------------------------------
[ 2017-07-20T10:38:05+08:00 ] 127.0.0.1 127.0.0.1 POST /api/Wx/appRegist
[ log ] www.a.com/api/Wx/appRegist [运行时间：0.095006s][吞吐率：10.53req/s] [内存消耗：337.78kb] [文件加载：66]
[ info ] [ BEHAVIOR ] Run app\behavior\AppInit @app_init [ RunTime:0.000000s ]
[ info ] [ LANG ] D:\project\default\vendor\topthink\framework\lang\zh-cn.php
[ info ] [ ROUTE ] array (
  'type' => 'module',
  'module' => 
  array (
    0 => 'api',
    1 => 'Wx',
    2 => 'appRegist',
  ),
)
[ info ] [ HEADER ] array (
  'user-agent' => 'Fiddler',
  'host' => 'www.a.com',
  'content-length' => '33',
  'content-type' => 'application/x-www-form-urlencoded,',
)
[ info ] [ PARAM ] array (
  '/api/Wx/appRegist' => '',
  'phone' => '18870065271',
  'password' => '123456',
)
[ info ] [ BEHAVIOR ] Run app\behavior\ModuleInit @module_init [ RunTime:0.001000s ]
[ info ] [ RUN ] app\api\controller\Wx->appRegist[ D:\project\default\application\api\controller\Wx.php ]
[ info ] [ DB ] INIT mysql
[ info ] [ LOG ] INIT File
[ sql ] [ DB ] CONNECT:[ UseTime:0.011000s ] mysql:dbname=snake;host=127.0.0.1;charset=utf8
[ sql ] [ SQL ] SHOW COLUMNS FROM `snake_user` [ RunTime:0.016001s ]
[ sql ] [ SQL ] SELECT * FROM `snake_user` WHERE  `phone` = '18870065271' LIMIT 1 [ RunTime:0.001000s ]
[ sql ] [ SQL ] SELECT `id` FROM `snake_user` WHERE  `identifier` IS NULL LIMIT 1 [ RunTime:0.001000s ]
[ sql ] [ SQL ] SHOW COLUMNS FROM `snake_admin_company` [ RunTime:0.013001s ]
[ sql ] [ SQL ] SELECT `id` FROM `snake_admin_company` WHERE  `identifier` IS NULL LIMIT 1 [ RunTime:0.001000s ]
[ sql ] [ SQL ] SELECT `id` FROM `snake_user` WHERE  `phone` = '18870065271' LIMIT 1 [ RunTime:0.000000s ]
[ sql ] [ SQL ] INSERT INTO `snake_user` (`nickname` , `phone` , `company_id` , `password` , `parent_id` , `identifier` , `register_time` , `credit_money` , `current_tool_money`) VALUES ('手牵手用户' , '18870065271' , 1 , 'e10adc3949ba59abbe56e057f20f883e' , '0' , 'fd5cbdba69f15d10b4634b9dcc1fc5c4' , 1500518285 , '0' , '0') [ RunTime:0.004001s ]
[ error ] [8]Undefined property: app\api\controller\Wx::$id[D:\project\default\application\api\controller\Wx.php:118]

---------------------------------------------------------------
[ 2017-07-20T10:39:48+08:00 ] 127.0.0.1 127.0.0.1 POST /api/Wx/appRegist
[ log ] www.a.com/api/Wx/appRegist [运行时间：0.060004s][吞吐率：16.67req/s] [内存消耗：352.59kb] [文件加载：62]
[ info ] [ BEHAVIOR ] Run app\behavior\AppInit @app_init [ RunTime:0.000000s ]
[ info ] [ LANG ] D:\project\default\vendor\topthink\framework\lang\zh-cn.php
[ info ] [ ROUTE ] array (
  'type' => 'module',
  'module' => 
  array (
    0 => 'api',
    1 => 'Wx',
    2 => 'appRegist',
  ),
)
[ info ] [ HEADER ] array (
  'user-agent' => 'Fiddler',
  'host' => 'www.a.com',
  'content-length' => '33',
  'content-type' => 'application/x-www-form-urlencoded,',
)
[ info ] [ PARAM ] array (
  '/api/Wx/appRegist' => '',
  'phone' => '18870065271',
  'password' => '123456',
)
[ info ] [ BEHAVIOR ] Run app\behavior\ModuleInit @module_init [ RunTime:0.000000s ]
[ info ] [ RUN ] app\api\controller\Wx->appRegist[ D:\project\default\application\api\controller\Wx.php ]
[ info ] [ DB ] INIT mysql
[ info ] [ LOG ] INIT File
[ sql ] [ DB ] CONNECT:[ UseTime:0.001000s ] mysql:dbname=snake;host=127.0.0.1;charset=utf8
[ sql ] [ SQL ] SHOW COLUMNS FROM `snake_user` [ RunTime:0.022001s ]
[ sql ] [ SQL ] SELECT * FROM `snake_user` WHERE  `phone` = '18870065271' LIMIT 1 [ RunTime:0.001000s ]

---------------------------------------------------------------
[ 2017-07-20T10:43:56+08:00 ] 127.0.0.1 127.0.0.1 POST /api/Wx/changePassword
[ log ] www.a.com/api/Wx/changePassword [运行时间：0.074005s][吞吐率：13.51req/s] [内存消耗：316.52kb] [文件加载：64]
[ info ] [ BEHAVIOR ] Run app\behavior\AppInit @app_init [ RunTime:0.001000s ]
[ info ] [ LANG ] D:\project\default\vendor\topthink\framework\lang\zh-cn.php
[ info ] [ ROUTE ] array (
  'type' => 'module',
  'module' => 
  array (
    0 => 'api',
    1 => 'Wx',
    2 => 'changePassword',
  ),
)
[ info ] [ HEADER ] array (
  'user-agent' => 'Fiddler',
  'host' => 'www.a.com',
  'content-length' => '33',
  'content-type' => 'application/x-www-form-urlencoded,',
)
[ info ] [ PARAM ] array (
  '/api/Wx/changePassword' => '',
  'phone' => '18870065271',
  'password' => '123457',
)
[ info ] [ BEHAVIOR ] Run app\behavior\ModuleInit @module_init [ RunTime:0.000000s ]
[ info ] [ RUN ] app\api\controller\Wx->changePassword[ D:\project\default\application\api\controller\Wx.php ]
[ info ] [ DB ] INIT mysql
[ info ] [ CACHE ] INIT File
[ info ] [ LOG ] INIT File
[ sql ] [ DB ] CONNECT:[ UseTime:0.001000s ] mysql:dbname=snake;host=127.0.0.1;charset=utf8
[ sql ] [ SQL ] SHOW COLUMNS FROM `snake_user` [ RunTime:0.019001s ]
[ sql ] [ SQL ] SELECT * FROM `snake_user` WHERE  `phone` = '18870065271' LIMIT 1 [ RunTime:0.001000s ]
[ sql ] [ SQL ] UPDATE `snake_user`  SET `password`='f1887d3f9e6ee7a32fe5e76f4ab80d63'  WHERE  `id` = 885 [ RunTime:0.001000s ]

---------------------------------------------------------------
[ 2017-07-20T10:56:16+08:00 ] 127.0.0.1 127.0.0.1 POST /api/Wx/changePassword
[ log ] www.a.com/api/Wx/changePassword [运行时间：0.060003s][吞吐率：16.67req/s] [内存消耗：358.01kb] [文件加载：65]
[ info ] [ BEHAVIOR ] Run app\behavior\AppInit @app_init [ RunTime:0.001000s ]
[ info ] [ LANG ] D:\project\default\vendor\topthink\framework\lang\zh-cn.php
[ info ] [ ROUTE ] array (
  'type' => 'module',
  'module' => 
  array (
    0 => 'api',
    1 => 'Wx',
    2 => 'changePassword',
  ),
)
[ info ] [ HEADER ] array (
  'user-agent' => 'Fiddler',
  'host' => 'www.a.com',
  'content-length' => '33',
  'content-type' => 'application/x-www-form-urlencoded,',
)
[ info ] [ PARAM ] array (
  '/api/Wx/changePassword' => '',
  'phone' => '18870065271',
  'password' => '123457',
)
[ info ] [ BEHAVIOR ] Run app\behavior\ModuleInit @module_init [ RunTime:0.000000s ]
[ info ] [ RUN ] app\api\controller\Wx->changePassword[ D:\project\default\application\api\controller\Wx.php ]
[ info ] [ DB ] INIT mysql
[ info ] [ LOG ] INIT File
[ sql ] [ DB ] CONNECT:[ UseTime:0.001000s ] mysql:dbname=snake;host=127.0.0.1;charset=utf8
[ sql ] [ SQL ] SHOW COLUMNS FROM `snake_user` [ RunTime:0.017001s ]
[ sql ] [ SQL ] SELECT * FROM `snake_user` WHERE  `phone` = '18870065271' LIMIT 1 [ RunTime:0.002000s ]
[ error ] [8]Trying to get property of non-object[D:\project\default\application\api\controller\Wx.php:134]

---------------------------------------------------------------
[ 2017-07-20T10:59:06+08:00 ] 127.0.0.1 127.0.0.1 POST /api/Wx/appLogin
[ log ] www.a.com/api/Wx/appLogin [运行时间：0.088005s][吞吐率：11.36req/s] [内存消耗：357.98kb] [文件加载：65]
[ info ] [ BEHAVIOR ] Run app\behavior\AppInit @app_init [ RunTime:0.001000s ]
[ info ] [ LANG ] D:\project\default\vendor\topthink\framework\lang\zh-cn.php
[ info ] [ ROUTE ] array (
  'type' => 'module',
  'module' => 
  array (
    0 => 'api',
    1 => 'Wx',
    2 => 'appLogin',
  ),
)
[ info ] [ HEADER ] array (
  'user-agent' => 'Fiddler',
  'host' => 'www.a.com',
  'content-length' => '33',
  'content-type' => 'application/x-www-form-urlencoded,',
)
[ info ] [ PARAM ] array (
  '/api/Wx/appLogin' => '',
  'phone' => '18870065271',
  'password' => '123457',
)
[ info ] [ BEHAVIOR ] Run app\behavior\ModuleInit @module_init [ RunTime:0.000000s ]
[ info ] [ RUN ] app\api\controller\Wx->appLogin[ D:\project\default\application\api\controller\Wx.php ]
[ info ] [ DB ] INIT mysql
[ info ] [ LOG ] INIT File
[ sql ] [ DB ] CONNECT:[ UseTime:0.011001s ] mysql:dbname=snake;host=127.0.0.1;charset=utf8
[ sql ] [ SQL ] SHOW COLUMNS FROM `snake_user` [ RunTime:0.022001s ]
[ sql ] [ SQL ] SELECT * FROM `snake_user` WHERE  `phone` = '18870065271' LIMIT 1 [ RunTime:0.002000s ]
[ error ] [8]Trying to get property of non-object[D:\project\default\application\api\controller\Wx.php:81]

---------------------------------------------------------------
[ 2017-07-20T11:01:21+08:00 ] 127.0.0.1 127.0.0.1 POST /api/Wx/appRegist
[ log ] www.a.com/api/Wx/appRegist [运行时间：0.078005s][吞吐率：12.82req/s] [内存消耗：332.17kb] [文件加载：63]
[ info ] [ BEHAVIOR ] Run app\behavior\AppInit @app_init [ RunTime:0.001000s ]
[ info ] [ LANG ] D:\project\default\vendor\topthink\framework\lang\zh-cn.php
[ info ] [ ROUTE ] array (
  'type' => 'module',
  'module' => 
  array (
    0 => 'api',
    1 => 'Wx',
    2 => 'appRegist',
  ),
)
[ info ] [ HEADER ] array (
  'user-agent' => 'Fiddler',
  'host' => 'www.a.com',
  'content-length' => '33',
  'content-type' => 'application/x-www-form-urlencoded,',
)
[ info ] [ PARAM ] array (
  '/api/Wx/appRegist' => '',
  'phone' => '18870065271',
  'password' => '123456',
)
[ info ] [ BEHAVIOR ] Run app\behavior\ModuleInit @module_init [ RunTime:0.000000s ]
[ info ] [ RUN ] app\api\controller\Wx->appRegist[ D:\project\default\application\api\controller\Wx.php ]
[ info ] [ DB ] INIT mysql
[ info ] [ LOG ] INIT File
[ sql ] [ DB ] CONNECT:[ UseTime:0.011000s ] mysql:dbname=snake;host=127.0.0.1;charset=utf8
[ sql ] [ SQL ] SHOW COLUMNS FROM `snake_user` [ RunTime:0.017001s ]
[ sql ] [ SQL ] SELECT * FROM `snake_user` WHERE  `phone` = '18870065271' LIMIT 1 [ RunTime:0.001000s ]
[ sql ] [ SQL ] SELECT `id` FROM `snake_user` WHERE  `identifier` IS NULL LIMIT 1 [ RunTime:0.001000s ]
[ sql ] [ SQL ] SHOW COLUMNS FROM `snake_admin_company` [ RunTime:0.013001s ]
[ sql ] [ SQL ] SELECT `id` FROM `snake_admin_company` WHERE  `identifier` IS NULL LIMIT 1 [ RunTime:0.000000s ]
[ sql ] [ SQL ] SELECT `id` FROM `snake_user` WHERE  `phone` = '18870065271' LIMIT 1 [ RunTime:0.001000s ]
[ sql ] [ SQL ] INSERT INTO `snake_user` (`nickname` , `thumb` , `phone` , `company_id` , `password` , `city` , `parent_id` , `identifier` , `register_time` , `credit_money` , `current_tool_money`) VALUES ('手牵手用户' , '/static/layui/images/logo.jpg' , '18870065271' , 1 , 'e10adc3949ba59abbe56e057f20f883e' , '南昌' , '0' , '8c3e7fa5a5ca4c98fd84aba66b2021cd' , 1500519681 , '0' , '0') [ RunTime:0.002000s ]

---------------------------------------------------------------
[ 2017-07-20T11:04:32+08:00 ] 127.0.0.1 127.0.0.1 POST /api/Wx/appRegist
[ log ] www.a.com/api/Wx/appRegist [运行时间：0.097006s][吞吐率：10.31req/s] [内存消耗：335.44kb] [文件加载：66]
[ info ] [ BEHAVIOR ] Run app\behavior\AppInit @app_init [ RunTime:0.001000s ]
[ info ] [ LANG ] D:\project\default\vendor\topthink\framework\lang\zh-cn.php
[ info ] [ ROUTE ] array (
  'type' => 'module',
  'module' => 
  array (
    0 => 'api',
    1 => 'Wx',
    2 => 'appRegist',
  ),
)
[ info ] [ HEADER ] array (
  'user-agent' => 'Fiddler',
  'host' => 'www.a.com',
  'content-length' => '33',
  'content-type' => 'application/x-www-form-urlencoded,',
)
[ info ] [ PARAM ] array (
  '/api/Wx/appRegist' => '',
  'phone' => '18870065271',
  'password' => '123456',
)
[ info ] [ BEHAVIOR ] Run app\behavior\ModuleInit @module_init [ RunTime:0.000000s ]
[ info ] [ RUN ] app\api\controller\Wx->appRegist[ D:\project\default\application\api\controller\Wx.php ]
[ info ] [ DB ] INIT mysql
[ info ] [ LOG ] INIT File
[ sql ] [ DB ] CONNECT:[ UseTime:0.011001s ] mysql:dbname=snake;host=127.0.0.1;charset=utf8
[ sql ] [ SQL ] SHOW COLUMNS FROM `snake_user` [ RunTime:0.025001s ]
[ sql ] [ SQL ] SELECT * FROM `snake_user` WHERE  `phone` = '18870065271' LIMIT 1 [ RunTime:0.001000s ]
[ sql ] [ SQL ] SELECT `id` FROM `snake_user` WHERE  `identifier` IS NULL LIMIT 1 [ RunTime:0.000000s ]
[ sql ] [ SQL ] SHOW COLUMNS FROM `snake_admin_company` [ RunTime:0.012000s ]
[ sql ] [ SQL ] SELECT `id` FROM `snake_admin_company` WHERE  `identifier` IS NULL LIMIT 1 [ RunTime:0.000000s ]
[ sql ] [ SQL ] SELECT `id` FROM `snake_user` WHERE  `phone` = '18870065271' LIMIT 1 [ RunTime:0.001000s ]
[ error ] [0]数据表字段不存在:[type][D:\project\default\vendor\topthink\framework\library\think\db\Builder.php:103]

---------------------------------------------------------------
[ 2017-07-20T11:04:48+08:00 ] 127.0.0.1 127.0.0.1 POST /api/Wx/appRegist
[ log ] www.a.com/api/Wx/appRegist [运行时间：0.083005s][吞吐率：12.05req/s] [内存消耗：333.69kb] [文件加载：63]
[ info ] [ BEHAVIOR ] Run app\behavior\AppInit @app_init [ RunTime:0.001000s ]
[ info ] [ LANG ] D:\project\default\vendor\topthink\framework\lang\zh-cn.php
[ info ] [ ROUTE ] array (
  'type' => 'module',
  'module' => 
  array (
    0 => 'api',
    1 => 'Wx',
    2 => 'appRegist',
  ),
)
[ info ] [ HEADER ] array (
  'user-agent' => 'Fiddler',
  'host' => 'www.a.com',
  'content-length' => '33',
  'content-type' => 'application/x-www-form-urlencoded,',
)
[ info ] [ PARAM ] array (
  '/api/Wx/appRegist' => '',
  'phone' => '18870065271',
  'password' => '123456',
)
[ info ] [ BEHAVIOR ] Run app\behavior\ModuleInit @module_init [ RunTime:0.001000s ]
[ info ] [ RUN ] app\api\controller\Wx->appRegist[ D:\project\default\application\api\controller\Wx.php ]
[ info ] [ DB ] INIT mysql
[ info ] [ LOG ] INIT File
[ sql ] [ DB ] CONNECT:[ UseTime:0.001000s ] mysql:dbname=snake;host=127.0.0.1;charset=utf8
[ sql ] [ SQL ] SHOW COLUMNS FROM `snake_user` [ RunTime:0.021002s ]
[ sql ] [ SQL ] SELECT * FROM `snake_user` WHERE  `phone` = '18870065271' LIMIT 1 [ RunTime:0.002000s ]
[ sql ] [ SQL ] SELECT `id` FROM `snake_user` WHERE  `identifier` IS NULL LIMIT 1 [ RunTime:0.001000s ]
[ sql ] [ SQL ] SHOW COLUMNS FROM `snake_admin_company` [ RunTime:0.013001s ]
[ sql ] [ SQL ] SELECT `id` FROM `snake_admin_company` WHERE  `identifier` IS NULL LIMIT 1 [ RunTime:0.000000s ]
[ sql ] [ SQL ] SELECT `id` FROM `snake_user` WHERE  `phone` = '18870065271' LIMIT 1 [ RunTime:0.000000s ]
[ sql ] [ SQL ] INSERT INTO `snake_user` (`nickname` , `thumb` , `phone` , `company_id` , `password` , `city` , `parent_id` , `identifier` , `source` , `register_time` , `credit_money` , `current_tool_money`) VALUES ('手牵手用户' , '/static/layui/images/logo.jpg' , '18870065271' , 1 , 'e10adc3949ba59abbe56e057f20f883e' , '南昌' , '0' , '394852deec4a475ddc28d84549a37471' , 'app' , 1500519888 , '0' , '0') [ RunTime:0.003000s ]

---------------------------------------------------------------
[ 2017-07-20T11:05:28+08:00 ] 127.0.0.1 127.0.0.1 POST /api/Wx/appRegist
[ log ] www.a.com/api/Wx/appRegist [运行时间：0.088005s][吞吐率：11.36req/s] [内存消耗：333.69kb] [文件加载：63]
[ info ] [ BEHAVIOR ] Run app\behavior\AppInit @app_init [ RunTime:0.000000s ]
[ info ] [ LANG ] D:\project\default\vendor\topthink\framework\lang\zh-cn.php
[ info ] [ ROUTE ] array (
  'type' => 'module',
  'module' => 
  array (
    0 => 'api',
    1 => 'Wx',
    2 => 'appRegist',
  ),
)
[ info ] [ HEADER ] array (
  'user-agent' => 'Fiddler',
  'host' => 'www.a.com',
  'content-length' => '33',
  'content-type' => 'application/x-www-form-urlencoded,',
)
[ info ] [ PARAM ] array (
  '/api/Wx/appRegist' => '',
  'phone' => '18870065271',
  'password' => '123456',
)
[ info ] [ BEHAVIOR ] Run app\behavior\ModuleInit @module_init [ RunTime:0.000000s ]
[ info ] [ RUN ] app\api\controller\Wx->appRegist[ D:\project\default\application\api\controller\Wx.php ]
[ info ] [ DB ] INIT mysql
[ info ] [ LOG ] INIT File
[ sql ] [ DB ] CONNECT:[ UseTime:0.011001s ] mysql:dbname=snake;host=127.0.0.1;charset=utf8
[ sql ] [ SQL ] SHOW COLUMNS FROM `snake_user` [ RunTime:0.017001s ]
[ sql ] [ SQL ] SELECT * FROM `snake_user` WHERE  `phone` = '18870065271' LIMIT 1 [ RunTime:0.001000s ]
[ sql ] [ SQL ] SELECT `id` FROM `snake_user` WHERE  `identifier` IS NULL LIMIT 1 [ RunTime:0.000000s ]
[ sql ] [ SQL ] SHOW COLUMNS FROM `snake_admin_company` [ RunTime:0.013001s ]
[ sql ] [ SQL ] SELECT `id` FROM `snake_admin_company` WHERE  `identifier` IS NULL LIMIT 1 [ RunTime:0.000000s ]
[ sql ] [ SQL ] SELECT `id` FROM `snake_user` WHERE  `phone` = '18870065271' LIMIT 1 [ RunTime:0.001000s ]
[ sql ] [ SQL ] INSERT INTO `snake_user` (`nickname` , `thumb` , `phone` , `company_id` , `password` , `city` , `parent_id` , `identifier` , `source` , `register_time` , `credit_money` , `current_tool_money`) VALUES ('手牵手用户' , '/static/layui/images/logo.jpg' , '18870065271' , 1 , 'e10adc3949ba59abbe56e057f20f883e' , '南昌' , '0' , '6c952156cac01822603a99a45319fa53' , 'app' , 1500519928 , '0' , '0') [ RunTime:0.002000s ]

---------------------------------------------------------------
[ 2017-07-20T11:07:42+08:00 ] 127.0.0.1 127.0.0.1 POST /api/Wx/appRegist
[ log ] www.a.com/api/Wx/appRegist [运行时间：0.100005s][吞吐率：10.00req/s] [内存消耗：333.91kb] [文件加载：63]
[ info ] [ BEHAVIOR ] Run app\behavior\AppInit @app_init [ RunTime:0.001000s ]
[ info ] [ LANG ] D:\project\default\vendor\topthink\framework\lang\zh-cn.php
[ info ] [ ROUTE ] array (
  'type' => 'module',
  'module' => 
  array (
    0 => 'api',
    1 => 'Wx',
    2 => 'appRegist',
  ),
)
[ info ] [ HEADER ] array (
  'user-agent' => 'Fiddler',
  'host' => 'www.a.com',
  'content-length' => '33',
  'content-type' => 'application/x-www-form-urlencoded,',
)
[ info ] [ PARAM ] array (
  '/api/Wx/appRegist' => '',
  'phone' => '18870065271',
  'password' => '123456',
)
[ info ] [ BEHAVIOR ] Run app\behavior\ModuleInit @module_init [ RunTime:0.001000s ]
[ info ] [ RUN ] app\api\controller\Wx->appRegist[ D:\project\default\application\api\controller\Wx.php ]
[ info ] [ DB ] INIT mysql
[ info ] [ LOG ] INIT File
[ sql ] [ DB ] CONNECT:[ UseTime:0.011001s ] mysql:dbname=snake;host=127.0.0.1;charset=utf8
[ sql ] [ SQL ] SHOW COLUMNS FROM `snake_user` [ RunTime:0.016000s ]
[ sql ] [ SQL ] SELECT * FROM `snake_user` WHERE  `phone` = '18870065271' LIMIT 1 [ RunTime:0.001001s ]
[ sql ] [ SQL ] SELECT `id` FROM `snake_user` WHERE  `identifier` IS NULL LIMIT 1 [ RunTime:0.000000s ]
[ sql ] [ SQL ] SHOW COLUMNS FROM `snake_admin_company` [ RunTime:0.020001s ]
[ sql ] [ SQL ] SELECT `id` FROM `snake_admin_company` WHERE  `identifier` IS NULL LIMIT 1 [ RunTime:0.000000s ]
[ sql ] [ SQL ] SELECT `id` FROM `snake_user` WHERE  `phone` = '18870065271' LIMIT 1 [ RunTime:0.001000s ]
[ sql ] [ SQL ] INSERT INTO `snake_user` (`nickname` , `thumb` , `phone` , `company_id` , `password` , `city` , `parent_id` , `identifier` , `source` , `register_time` , `credit_money` , `current_tool_money`) VALUES ('手牵手用户' , 'http://www.a.com/static/layui/images/gray.png' , '18870065271' , 1 , 'e10adc3949ba59abbe56e057f20f883e' , '南昌' , '0' , 'd910b745cdc23e9c993b848c1b01a271' , 'app' , 1500520062 , '0' , '0') [ RunTime:0.003000s ]

---------------------------------------------------------------
[ 2017-07-20T11:07:59+08:00 ] 127.0.0.1 127.0.0.1 GET /favicon.ico
[ log ] www.a.com/favicon.ico [运行时间：0.014001s][吞吐率：71.42req/s] [内存消耗：153.16kb] [文件加载：49]
[ info ] [ BEHAVIOR ] Run app\behavior\AppInit @app_init [ RunTime:0.000000s ]
[ info ] [ LANG ] D:\project\default\vendor\topthink\framework\lang\zh-cn.php
[ info ] [ ROUTE ] array (
  'type' => 'module',
  'module' => 
  array (
    0 => 'favicon.ico',
    1 => NULL,
    2 => NULL,
  ),
)
[ info ] [ HEADER ] array (
  'host' => 'www.a.com',
  'connection' => 'keep-alive',
  'user-agent' => 'Mozilla/5.0 (Windows NT 6.1; WOW64) AppleWebKit/537.36 (KHTML, like Gecko) Chrome/58.0.3029.110 Safari/537.36',
  'accept' => 'image/webp,image/*,*/*;q=0.8',
  'referer' => 'http://www.a.com/static/layui/images/gray.png',
  'accept-encoding' => 'gzip, deflate, sdch',
  'accept-language' => 'zh-CN,zh;q=0.8',
  'cookie' => 'PHPSESSID=e2ttks69m4avdichae7o9bus57; thinkphp_show_page_trace=0|0; referer=http%3A%2F%2Fwww.a.com%2Fadmin%2Fcompany%2Findex.html',
)
[ info ] [ PARAM ] array (
  '/favicon_ico' => '',
)
[ info ] [ LOG ] INIT File

---------------------------------------------------------------
[ 2017-07-20T11:08:12+08:00 ] 127.0.0.1 127.0.0.1 POST /api/Wx/appLogin
[ log ] www.a.com/api/Wx/appLogin [运行时间：0.048003s][吞吐率：20.83req/s] [内存消耗：352.13kb] [文件加载：62]
[ info ] [ BEHAVIOR ] Run app\behavior\AppInit @app_init [ RunTime:0.000000s ]
[ info ] [ LANG ] D:\project\default\vendor\topthink\framework\lang\zh-cn.php
[ info ] [ ROUTE ] array (
  'type' => 'module',
  'module' => 
  array (
    0 => 'api',
    1 => 'Wx',
    2 => 'appLogin',
  ),
)
[ info ] [ HEADER ] array (
  'user-agent' => 'Fiddler',
  'host' => 'www.a.com',
  'content-length' => '33',
  'content-type' => 'application/x-www-form-urlencoded,',
)
[ info ] [ PARAM ] array (
  '/api/Wx/appLogin' => '',
  'phone' => '18870065271',
  'password' => '123457',
)
[ info ] [ BEHAVIOR ] Run app\behavior\ModuleInit @module_init [ RunTime:0.000000s ]
[ info ] [ RUN ] app\api\controller\Wx->appLogin[ D:\project\default\application\api\controller\Wx.php ]
[ info ] [ DB ] INIT mysql
[ info ] [ LOG ] INIT File
[ sql ] [ DB ] CONNECT:[ UseTime:0.002000s ] mysql:dbname=snake;host=127.0.0.1;charset=utf8
[ sql ] [ SQL ] SHOW COLUMNS FROM `snake_user` [ RunTime:0.022001s ]
[ sql ] [ SQL ] SELECT * FROM `snake_user` WHERE  `phone` = '18870065271' LIMIT 1 [ RunTime:0.001000s ]

---------------------------------------------------------------
[ 2017-07-20T11:08:37+08:00 ] 127.0.0.1 127.0.0.1 POST /api/Wx/appLogin
[ log ] www.a.com/api/Wx/appLogin [运行时间：0.067004s][吞吐率：14.92req/s] [内存消耗：374.63kb] [文件加载：66]
[ info ] [ BEHAVIOR ] Run app\behavior\AppInit @app_init [ RunTime:0.000000s ]
[ info ] [ LANG ] D:\project\default\vendor\topthink\framework\lang\zh-cn.php
[ info ] [ ROUTE ] array (
  'type' => 'module',
  'module' => 
  array (
    0 => 'api',
    1 => 'Wx',
    2 => 'appLogin',
  ),
)
[ info ] [ HEADER ] array (
  'user-agent' => 'Fiddler',
  'host' => 'www.a.com',
  'content-length' => '33',
  'content-type' => 'application/x-www-form-urlencoded,',
)
[ info ] [ PARAM ] array (
  '/api/Wx/appLogin' => '',
  'phone' => '18870065271',
  'password' => '123456',
)
[ info ] [ BEHAVIOR ] Run app\behavior\ModuleInit @module_init [ RunTime:0.000000s ]
[ info ] [ RUN ] app\api\controller\Wx->appLogin[ D:\project\default\application\api\controller\Wx.php ]
[ info ] [ DB ] INIT mysql
[ info ] [ LOG ] INIT File
[ sql ] [ DB ] CONNECT:[ UseTime:0.002000s ] mysql:dbname=snake;host=127.0.0.1;charset=utf8
[ sql ] [ SQL ] SHOW COLUMNS FROM `snake_user` [ RunTime:0.024001s ]
[ sql ] [ SQL ] SELECT * FROM `snake_user` WHERE  `phone` = '18870065271' LIMIT 1 [ RunTime:0.001001s ]
[ sql ] [ SQL ] SHOW COLUMNS FROM `snake_admin_company` [ RunTime:0.016001s ]
[ sql ] [ SQL ] SELECT * FROM `snake_admin_company` WHERE  `id` = 1 LIMIT 1 [ RunTime:0.000000s ]

---------------------------------------------------------------
[ 2017-07-20T11:09:38+08:00 ] 127.0.0.1 127.0.0.1 POST /api/Wx/appLogin
[ log ] www.a.com/api/Wx/appLogin [运行时间：0.081005s][吞吐率：12.34req/s] [内存消耗：375.55kb] [文件加载：66]
[ info ] [ BEHAVIOR ] Run app\behavior\AppInit @app_init [ RunTime:0.000000s ]
[ info ] [ LANG ] D:\project\default\vendor\topthink\framework\lang\zh-cn.php
[ info ] [ ROUTE ] array (
  'type' => 'module',
  'module' => 
  array (
    0 => 'api',
    1 => 'Wx',
    2 => 'appLogin',
  ),
)
[ info ] [ HEADER ] array (
  'user-agent' => 'Fiddler',
  'host' => 'www.a.com',
  'content-length' => '33',
  'content-type' => 'application/x-www-form-urlencoded,',
)
[ info ] [ PARAM ] array (
  '/api/Wx/appLogin' => '',
  'phone' => '18870065270',
  'password' => '123456',
)
[ info ] [ BEHAVIOR ] Run app\behavior\ModuleInit @module_init [ RunTime:0.000000s ]
[ info ] [ RUN ] app\api\controller\Wx->appLogin[ D:\project\default\application\api\controller\Wx.php ]
[ info ] [ DB ] INIT mysql
[ info ] [ LOG ] INIT File
[ sql ] [ DB ] CONNECT:[ UseTime:0.001000s ] mysql:dbname=snake;host=127.0.0.1;charset=utf8
[ sql ] [ SQL ] SHOW COLUMNS FROM `snake_user` [ RunTime:0.018001s ]
[ sql ] [ SQL ] SELECT * FROM `snake_user` WHERE  `phone` = '18870065270' LIMIT 1 [ RunTime:0.001000s ]
[ sql ] [ SQL ] SHOW COLUMNS FROM `snake_admin_company` [ RunTime:0.016001s ]
[ sql ] [ SQL ] SELECT * FROM `snake_admin_company` WHERE  `id` = 1 LIMIT 1 [ RunTime:0.001000s ]

---------------------------------------------------------------
[ 2017-07-20T11:10:26+08:00 ] 127.0.0.1 127.0.0.1 POST /api/Wx/appLogin
[ log ] www.a.com/api/Wx/appLogin [运行时间：0.069004s][吞吐率：14.49req/s] [内存消耗：361.64kb] [文件加载：65]
[ info ] [ BEHAVIOR ] Run app\behavior\AppInit @app_init [ RunTime:0.001000s ]
[ info ] [ LANG ] D:\project\default\vendor\topthink\framework\lang\zh-cn.php
[ info ] [ ROUTE ] array (
  'type' => 'module',
  'module' => 
  array (
    0 => 'api',
    1 => 'Wx',
    2 => 'appLogin',
  ),
)
[ info ] [ HEADER ] array (
  'user-agent' => 'Fiddler',
  'host' => 'www.a.com',
  'content-length' => '33',
  'content-type' => 'application/x-www-form-urlencoded,',
)
[ info ] [ PARAM ] array (
  '/api/Wx/appLogin' => '',
  'phone' => '18870065270',
  'password' => '123456',
)
[ info ] [ BEHAVIOR ] Run app\behavior\ModuleInit @module_init [ RunTime:0.001000s ]
[ info ] [ RUN ] app\api\controller\Wx->appLogin[ D:\project\default\application\api\controller\Wx.php ]
[ info ] [ DB ] INIT mysql
[ info ] [ LOG ] INIT File
[ sql ] [ DB ] CONNECT:[ UseTime:0.001000s ] mysql:dbname=snake;host=127.0.0.1;charset=utf8
[ sql ] [ SQL ] SHOW COLUMNS FROM `snake_user` [ RunTime:0.020001s ]
[ sql ] [ SQL ] SELECT * FROM `snake_user` WHERE  `phone` = '18870065270' LIMIT 1 [ RunTime:0.001000s ]
[ error ] [8]未定义变量: user[D:\project\default\application\api\controller\Wx.php:85]
[ error ] [8]Trying to get property of non-object[D:\project\default\application\api\controller\Wx.php:85]
[ error ] [8]未定义变量: user[D:\project\default\application\api\controller\Wx.php:86]
[ error ] [8]Trying to get property of non-object[D:\project\default\application\api\controller\Wx.php:86]
[ error ] [8]Trying to get property of non-object[D:\project\default\application\api\controller\Wx.php:86]
[ error ] [8]未定义变量: user[D:\project\default\application\api\controller\Wx.php:87]
[ error ] [8]Trying to get property of non-object[D:\project\default\application\api\controller\Wx.php:87]
[ error ] [8]Trying to get property of non-object[D:\project\default\application\api\controller\Wx.php:87]
[ error ] [8]未定义变量: user[D:\project\default\application\api\controller\Wx.php:88]
[ error ] [8]Trying to get property of non-object[D:\project\default\application\api\controller\Wx.php:88]
[ error ] [8]Trying to get property of non-object[D:\project\default\application\api\controller\Wx.php:88]
[ error ] [8]未定义变量: user[D:\project\default\application\api\controller\Wx.php:89]
[ error ] [8]Trying to get property of non-object[D:\project\default\application\api\controller\Wx.php:89]
[ error ] [8]Trying to get property of non-object[D:\project\default\application\api\controller\Wx.php:89]
[ error ] [8]未定义变量: user[D:\project\default\application\api\controller\Wx.php:90]
[ error ] [8]Trying to get property of non-object[D:\project\default\application\api\controller\Wx.php:90]
[ error ] [8]Trying to get property of non-object[D:\project\default\application\api\controller\Wx.php:90]

---------------------------------------------------------------
[ 2017-07-20T11:10:45+08:00 ] 127.0.0.1 127.0.0.1 POST /api/Wx/appLogin
[ log ] www.a.com/api/Wx/appLogin [运行时间：0.100006s][吞吐率：10.00req/s] [内存消耗：391.30kb] [文件加载：68]
[ info ] [ BEHAVIOR ] Run app\behavior\AppInit @app_init [ RunTime:0.001000s ]
[ info ] [ LANG ] D:\project\default\vendor\topthink\framework\lang\zh-cn.php
[ info ] [ ROUTE ] array (
  'type' => 'module',
  'module' => 
  array (
    0 => 'api',
    1 => 'Wx',
    2 => 'appLogin',
  ),
)
[ info ] [ HEADER ] array (
  'user-agent' => 'Fiddler',
  'host' => 'www.a.com',
  'content-length' => '33',
  'content-type' => 'application/x-www-form-urlencoded,',
)
[ info ] [ PARAM ] array (
  '/api/Wx/appLogin' => '',
  'phone' => '18870065270',
  'password' => '123456',
)
[ info ] [ BEHAVIOR ] Run app\behavior\ModuleInit @module_init [ RunTime:0.000000s ]
[ info ] [ RUN ] app\api\controller\Wx->appLogin[ D:\project\default\application\api\controller\Wx.php ]
[ info ] [ DB ] INIT mysql
[ info ] [ LOG ] INIT File
[ sql ] [ DB ] CONNECT:[ UseTime:0.001000s ] mysql:dbname=snake;host=127.0.0.1;charset=utf8
[ sql ] [ SQL ] SHOW COLUMNS FROM `snake_user` [ RunTime:0.024001s ]
[ sql ] [ SQL ] SELECT * FROM `snake_user` WHERE  `phone` = '18870065270' LIMIT 1 [ RunTime:0.001000s ]
[ sql ] [ SQL ] SHOW COLUMNS FROM `snake_admin_company` [ RunTime:0.017001s ]
[ sql ] [ SQL ] SELECT * FROM `snake_admin_company` WHERE  `id` = 1 LIMIT 1 [ RunTime:0.001000s ]
[ sql ] [ SQL ] SHOW COLUMNS FROM `snake_auth_info` [ RunTime:0.007000s ]
[ sql ] [ SQL ] SELECT * FROM `snake_auth_info` WHERE  `user_id` = 842 LIMIT 1 [ RunTime:0.001000s ]

---------------------------------------------------------------
[ 2017-07-20T11:11:27+08:00 ] 127.0.0.1 127.0.0.1 POST /api/Wx/changePassword
[ log ] www.a.com/api/Wx/changePassword [运行时间：0.063003s][吞吐率：15.87req/s] [内存消耗：315.61kb] [文件加载：64]
[ info ] [ BEHAVIOR ] Run app\behavior\AppInit @app_init [ RunTime:0.001000s ]
[ info ] [ LANG ] D:\project\default\vendor\topthink\framework\lang\zh-cn.php
[ info ] [ ROUTE ] array (
  'type' => 'module',
  'module' => 
  array (
    0 => 'api',
    1 => 'Wx',
    2 => 'changePassword',
  ),
)
[ info ] [ HEADER ] array (
  'user-agent' => 'Fiddler',
  'host' => 'www.a.com',
  'content-length' => '33',
  'content-type' => 'application/x-www-form-urlencoded,',
)
[ info ] [ PARAM ] array (
  '/api/Wx/changePassword' => '',
  'phone' => '18870065270',
  'password' => 'liuxin',
)
[ info ] [ BEHAVIOR ] Run app\behavior\ModuleInit @module_init [ RunTime:0.001000s ]
[ info ] [ RUN ] app\api\controller\Wx->changePassword[ D:\project\default\application\api\controller\Wx.php ]
[ info ] [ DB ] INIT mysql
[ info ] [ CACHE ] INIT File
[ info ] [ LOG ] INIT File
[ sql ] [ DB ] CONNECT:[ UseTime:0.003000s ] mysql:dbname=snake;host=127.0.0.1;charset=utf8
[ sql ] [ SQL ] SHOW COLUMNS FROM `snake_user` [ RunTime:0.030002s ]
[ sql ] [ SQL ] SELECT * FROM `snake_user` WHERE  `phone` = '18870065270' LIMIT 1 [ RunTime:0.002000s ]
[ sql ] [ SQL ] UPDATE `snake_user`  SET `password`='4b91719a6e0b1ec03508d3d41490b5f2'  WHERE  `id` = 842 [ RunTime:0.003000s ]

---------------------------------------------------------------
[ 2017-07-20T11:11:46+08:00 ] 127.0.0.1 127.0.0.1 POST /api/Wx/appLogin
[ log ] www.a.com/api/Wx/appLogin [运行时间：0.048002s][吞吐率：20.83req/s] [内存消耗：352.38kb] [文件加载：62]
[ info ] [ BEHAVIOR ] Run app\behavior\AppInit @app_init [ RunTime:0.001000s ]
[ info ] [ LANG ] D:\project\default\vendor\topthink\framework\lang\zh-cn.php
[ info ] [ ROUTE ] array (
  'type' => 'module',
  'module' => 
  array (
    0 => 'api',
    1 => 'Wx',
    2 => 'appLogin',
  ),
)
[ info ] [ HEADER ] array (
  'user-agent' => 'Fiddler',
  'host' => 'www.a.com',
  'content-length' => '33',
  'content-type' => 'application/x-www-form-urlencoded,',
)
[ info ] [ PARAM ] array (
  '/api/Wx/appLogin' => '',
  'phone' => '18870065270',
  'password' => '123456',
)
[ info ] [ BEHAVIOR ] Run app\behavior\ModuleInit @module_init [ RunTime:0.001000s ]
[ info ] [ RUN ] app\api\controller\Wx->appLogin[ D:\project\default\application\api\controller\Wx.php ]
[ info ] [ DB ] INIT mysql
[ info ] [ LOG ] INIT File
[ sql ] [ DB ] CONNECT:[ UseTime:0.001001s ] mysql:dbname=snake;host=127.0.0.1;charset=utf8
[ sql ] [ SQL ] SHOW COLUMNS FROM `snake_user` [ RunTime:0.026001s ]
[ sql ] [ SQL ] SELECT * FROM `snake_user` WHERE  `phone` = '18870065270' LIMIT 1 [ RunTime:0.002000s ]

---------------------------------------------------------------
[ 2017-07-20T11:11:56+08:00 ] 127.0.0.1 127.0.0.1 POST /api/Wx/appLogin
[ log ] www.a.com/api/Wx/appLogin [运行时间：0.099006s][吞吐率：10.10req/s] [内存消耗：390.38kb] [文件加载：68]
[ info ] [ BEHAVIOR ] Run app\behavior\AppInit @app_init [ RunTime:0.001000s ]
[ info ] [ LANG ] D:\project\default\vendor\topthink\framework\lang\zh-cn.php
[ info ] [ ROUTE ] array (
  'type' => 'module',
  'module' => 
  array (
    0 => 'api',
    1 => 'Wx',
    2 => 'appLogin',
  ),
)
[ info ] [ HEADER ] array (
  'user-agent' => 'Fiddler',
  'host' => 'www.a.com',
  'content-length' => '33',
  'content-type' => 'application/x-www-form-urlencoded,',
)
[ info ] [ PARAM ] array (
  '/api/Wx/appLogin' => '',
  'phone' => '18870065270',
  'password' => 'liuxin',
)
[ info ] [ BEHAVIOR ] Run app\behavior\ModuleInit @module_init [ RunTime:0.001000s ]
[ info ] [ RUN ] app\api\controller\Wx->appLogin[ D:\project\default\application\api\controller\Wx.php ]
[ info ] [ DB ] INIT mysql
[ info ] [ LOG ] INIT File
[ sql ] [ DB ] CONNECT:[ UseTime:0.002000s ] mysql:dbname=snake;host=127.0.0.1;charset=utf8
[ sql ] [ SQL ] SHOW COLUMNS FROM `snake_user` [ RunTime:0.030001s ]
[ sql ] [ SQL ] SELECT * FROM `snake_user` WHERE  `phone` = '18870065270' LIMIT 1 [ RunTime:0.002001s ]
[ sql ] [ SQL ] SHOW COLUMNS FROM `snake_admin_company` [ RunTime:0.021001s ]
[ sql ] [ SQL ] SELECT * FROM `snake_admin_company` WHERE  `id` = 1 LIMIT 1 [ RunTime:0.001000s ]
[ sql ] [ SQL ] SHOW COLUMNS FROM `snake_auth_info` [ RunTime:0.020001s ]
[ sql ] [ SQL ] SELECT * FROM `snake_auth_info` WHERE  `user_id` = 842 LIMIT 1 [ RunTime:0.001000s ]

---------------------------------------------------------------
